<?xml version="1.0" encoding="UTF-8"?>
<testsuite xmlns:xsi="http://www.w3.org/2001/XMLSchema-instance" xsi:noNamespaceSchemaLocation="https://maven.apache.org/surefire/maven-surefire-plugin/xsd/surefire-test-report.xsd" version="3.0.2" name="ipss.web2.examen.ApplicationTests" time="7.484" tests="1" errors="0" skipped="0" failures="0">
  <properties>
[...]
</properties>
  <testcase name="contextLoads" classname="ipss.web2.examen.ApplicationTests" time="0.353">
    <system-out><![CDATA[15:45:37.018 [main] INFO org.springframework.test.context.support.AnnotationConfigContextLoaderUtils -- Could not detect default configuration classes for test class [ipss.web2.examen.ApplicationTests]: ApplicationTests does not declare any static, non-private, non-final, nested classes annotated with @Configuration.
15:45:37.126 [main] INFO org.springframework.boot.test.context.SpringBootTestContextBootstrapper -- Found @SpringBootConfiguration ipss.web2.examen.Application for test class ipss.web2.examen.ApplicationTests
15:45:37.272 [main] INFO org.springframework.boot.devtools.restart.RestartApplicationListener -- Restart disabled due to context in which it is running
╔════════════════════════════════════════════════════════════════╗
║                                                                ║
║    ██╗██████╗ ███████╗███████╗    ██╗    ██╗███████╗██████╗   ║
║    ██║██╔══██╗██╔════╝██╔════╝    ██║    ██║██╔════╝██╔══██╗  ║
║    ██║██████╔╝███████╗███████╗    ██║ █╗ ██║█████╗  ██████╔╝  ║
║    ██║██╔═══╝ ╚════██║╚════██║    ██║███╗██║██╔══╝  ██╔══██╗  ║
║    ██║██║     ███████║███████║    ╚███╔███╔╝███████╗██████╔╝  ║
║    ╚═╝╚═╝     ╚══════╝╚══════╝     ╚══╝╚══╝ ╚══════╝╚═════╝   ║
║                                                                ║
║    📚 Álbum de Láminas - API REST                              ║
║    🚀 Spring Boot 3.5.11                       ║
║    📊 Puerto: 8080                                   ║
║    🎯 Perfil: default                ║
║                                                                ║
╚════════════════════════════════════════════════════════════════╝

&amp#27;[2m15:45:37.602&amp#27;[0;39m &amp#27;[34mINFO &amp#27;[0;39m &amp#27;[2m│&amp#27;[0;39m &amp#27;[35m[kground-preinit]&amp#27;[0;39m &amp#27;[36mo.h.validator.internal.util.Version     &amp#27;[0;39m&amp#27;[2m:&amp#27;[0;39m &amp#27;[34mHV000001: Hibernate Validator 8.0.3.Final&amp#27;[0;39m%n&amp#27;[2m15:45:37.638&amp#27;[0;39m &amp#27;[34mINFO &amp#27;[0;39m &amp#27;[2m│&amp#27;[0;39m &amp#27;[35m[           main]&amp#27;[0;39m &amp#27;[34mipss.web2.examen.ApplicationTests       &amp#27;[0;39m&amp#27;[2m:&amp#27;[0;39m &amp#27;[34mStarting ApplicationTests using Java 21.0.7 with PID 36064 (started by histo in C:\Users\histo\OneDrive\Escritorio\2026.01-backend-test)&amp#27;[0;39m%n&amp#27;[2m15:45:37.639&amp#27;[0;39m &amp#27;[39mDEBUG&amp#27;[0;39m &amp#27;[2m│&amp#27;[0;39m &amp#27;[35m[           main]&amp#27;[0;39m &amp#27;[34mipss.web2.examen.ApplicationTests       &amp#27;[0;39m&amp#27;[2m:&amp#27;[0;39m &amp#27;[39mRunning with Spring Boot v3.5.11, Spring v6.2.16&amp#27;[0;39m%n&amp#27;[2m15:45:37.639&amp#27;[0;39m &amp#27;[34mINFO &amp#27;[0;39m &amp#27;[2m│&amp#27;[0;39m &amp#27;[35m[           main]&amp#27;[0;39m &amp#27;[34mipss.web2.examen.ApplicationTests       &amp#27;[0;39m&amp#27;[2m:&amp#27;[0;39m &amp#27;[34mNo active profile set, falling back to 1 default profile: "default"&amp#27;[0;39m%n&amp#27;[2m15:45:37.640&amp#27;[0;39m &amp#27;[39mDEBUG&amp#27;[0;39m &amp#27;[2m│&amp#27;[0;39m &amp#27;[35m[           main]&amp#27;[0;39m &amp#27;[36mo.s.boot.SpringApplication              &amp#27;[0;39m&amp#27;[2m:&amp#27;[0;39m &amp#27;[39mLoading source class ipss.web2.examen.Application&amp#27;[0;39m%n&amp#27;[2m15:45:37.669&amp#27;[0;39m &amp#27;[39mDEBUG&amp#27;[0;39m &amp#27;[2m│&amp#27;[0;39m &amp#27;[35m[           main]&amp#27;[0;39m &amp#27;[36mo.s.w.c.s.GenericWebApplicationContext  &amp#27;[0;39m&amp#27;[2m:&amp#27;[0;39m &amp#27;[39mRefreshing org.springframework.web.context.support.GenericWebApplicationContext@185f7840&amp#27;[0;39m%n&amp#27;[2m15:45:38.721&amp#27;[0;39m &amp#27;[34mINFO &amp#27;[0;39m &amp#27;[2m│&amp#27;[0;39m &amp#27;[35m[           main]&amp#27;[0;39m &amp#27;[36m.s.d.r.c.RepositoryConfigurationDelegate&amp#27;[0;39m&amp#27;[2m:&amp#27;[0;39m &amp#27;[34mBootstrapping Spring Data JPA repositories in DEFAULT mode.&amp#27;[0;39m%n&amp#27;[2m15:45:38.798&amp#27;[0;39m &amp#27;[34mINFO &amp#27;[0;39m &amp#27;[2m│&amp#27;[0;39m &amp#27;[35m[           main]&amp#27;[0;39m &amp#27;[36m.s.d.r.c.RepositoryConfigurationDelegate&amp#27;[0;39m&amp#27;[2m:&amp#27;[0;39m &amp#27;[34mFinished Spring Data repository scanning in 67 ms. Found 7 JPA repository interfaces.&amp#27;[0;39m%n&amp#27;[2m15:45:39.442&amp#27;[0;39m &amp#27;[34mINFO &amp#27;[0;39m &amp#27;[2m│&amp#27;[0;39m &amp#27;[35m[           main]&amp#27;[0;39m &amp#27;[36mo.hibernate.jpa.internal.util.LogHelper &amp#27;[0;39m&amp#27;[2m:&amp#27;[0;39m &amp#27;[34mHHH000204: Processing PersistenceUnitInfo [name: default]&amp#27;[0;39m%n&amp#27;[2m15:45:39.511&amp#27;[0;39m &amp#27;[34mINFO &amp#27;[0;39m &amp#27;[2m│&amp#27;[0;39m &amp#27;[35m[           main]&amp#27;[0;39m &amp#27;[36morg.hibernate.Version                   &amp#27;[0;39m&amp#27;[2m:&amp#27;[0;39m &amp#27;[34mHHH000412: Hibernate ORM core version 6.6.42.Final&amp#27;[0;39m%n&amp#27;[2m15:45:39.551&amp#27;[0;39m &amp#27;[34mINFO &amp#27;[0;39m &amp#27;[2m│&amp#27;[0;39m &amp#27;[35m[           main]&amp#27;[0;39m &amp#27;[36mo.h.c.internal.RegionFactoryInitiator   &amp#27;[0;39m&amp#27;[2m:&amp#27;[0;39m &amp#27;[34mHHH000026: Second-level cache disabled&amp#27;[0;39m%n&amp#27;[2m15:45:40.109&amp#27;[0;39m &amp#27;[34mINFO &amp#27;[0;39m &amp#27;[2m│&amp#27;[0;39m &amp#27;[35m[           main]&amp#27;[0;39m &amp#27;[36morg.hibernate.orm.connections.pooling   &amp#27;[0;39m&amp#27;[2m:&amp#27;[0;39m &amp#27;[34mHHH10001005: Database info:
	Database JDBC URL [Connecting through datasource 'HikariDataSource (HikariPool-1)']
	Database driver: undefined/unknown
	Database version: 2.3.232
	Autocommit mode: undefined/unknown
	Isolation level: undefined/unknown
	Minimum pool size: undefined/unknown
	Maximum pool size: undefined/unknown&amp#27;[0;39m%n&amp#27;[2m15:45:41.202&amp#27;[0;39m &amp#27;[32mSQL  ▶&amp#27;[0;39m &amp#27;[2m│&amp#27;[0;39m &amp#27;[35m[           main]&amp#27;[0;39m &amp#27;[32m
    drop table if exists "album" cascade &amp#27;[0;39m
Hibernate: 
    drop table if exists "album" cascade 
&amp#27;[2m15:45:41.205&amp#27;[0;39m &amp#27;[32mSQL  ▶&amp#27;[0;39m &amp#27;[2m│&amp#27;[0;39m &amp#27;[35m[           main]&amp#27;[0;39m &amp#27;[32m
    drop table if exists "cancion" cascade &amp#27;[0;39m
Hibernate: 
    drop table if exists "cancion" cascade 
&amp#27;[2m15:45:41.205&amp#27;[0;39m &amp#27;[32mSQL  ▶&amp#27;[0;39m &amp#27;[2m│&amp#27;[0;39m &amp#27;[35m[           main]&amp#27;[0;39m &amp#27;[32m
    drop table if exists "demo_widget" cascade &amp#27;[0;39m
Hibernate: 
    drop table if exists "demo_widget" cascade 
&amp#27;[2m15:45:41.205&amp#27;[0;39m &amp#27;[32mSQL  ▶&amp#27;[0;39m &amp#27;[2m│&amp#27;[0;39m &amp#27;[35m[           main]&amp#27;[0;39m &amp#27;[32m
    drop table if exists "empresa_insumos" cascade &amp#27;[0;39m
Hibernate: 
    drop table if exists "empresa_insumos" cascade 
&amp#27;[2m15:45:41.205&amp#27;[0;39m &amp#27;[32mSQL  ▶&amp#27;[0;39m &amp#27;[2m│&amp#27;[0;39m &amp#27;[35m[           main]&amp#27;[0;39m &amp#27;[32m
    drop table if exists "ganador_premio_album" cascade &amp#27;[0;39m
Hibernate: 
    drop table if exists "ganador_premio_album" cascade 
&amp#27;[2m15:45:41.205&amp#27;[0;39m &amp#27;[32mSQL  ▶&amp#27;[0;39m &amp#27;[2m│&amp#27;[0;39m &amp#27;[35m[           main]&amp#27;[0;39m &amp#27;[32m
    drop table if exists "lamina" cascade &amp#27;[0;39m
Hibernate: 
    drop table if exists "lamina" cascade 
&amp#27;[2m15:45:41.206&amp#27;[0;39m &amp#27;[32mSQL  ▶&amp#27;[0;39m &amp#27;[2m│&amp#27;[0;39m &amp#27;[35m[           main]&amp#27;[0;39m &amp#27;[32m
    drop table if exists "lamina_catalogo" cascade &amp#27;[0;39m
Hibernate: 
    drop table if exists "lamina_catalogo" cascade 
&amp#27;[2m15:45:41.206&amp#27;[0;39m &amp#27;[32mSQL  ▶&amp#27;[0;39m &amp#27;[2m│&amp#27;[0;39m &amp#27;[35m[           main]&amp#27;[0;39m &amp#27;[32m
    drop table if exists "pais_distribucion" cascade &amp#27;[0;39m
Hibernate: 
    drop table if exists "pais_distribucion" cascade 
&amp#27;[2m15:45:41.206&amp#27;[0;39m &amp#27;[32mSQL  ▶&amp#27;[0;39m &amp#27;[2m│&amp#27;[0;39m &amp#27;[35m[           main]&amp#27;[0;39m &amp#27;[32m
    drop table if exists "test_model" cascade &amp#27;[0;39m
Hibernate: 
    drop table if exists "test_model" cascade 
&amp#27;[2m15:45:41.206&amp#27;[0;39m &amp#27;[32mSQL  ▶&amp#27;[0;39m &amp#27;[2m│&amp#27;[0;39m &amp#27;[35m[           main]&amp#27;[0;39m &amp#27;[32m
    drop table if exists "tienda_lamina" cascade &amp#27;[0;39m
Hibernate: 
    drop table if exists "tienda_lamina" cascade 
&amp#27;[2m15:45:41.211&amp#27;[0;39m &amp#27;[32mSQL  ▶&amp#27;[0;39m &amp#27;[2m│&amp#27;[0;39m &amp#27;[35m[           main]&amp#27;[0;39m &amp#27;[32m
    create table "album" (
        "is_active" boolean,
        "release_year" integer not null,
        "created_at" timestamp(6),
        "id" bigint generated by default as identity,
        "updated_at" timestamp(6),
        "nombre" varchar(100) not null,
        "descripcion" varchar(500),
        primary key ("id")
    )&amp#27;[0;39m
Hibernate: 
    create table "album" (
        "is_active" boolean,
        "release_year" integer not null,
        "created_at" timestamp(6),
        "id" bigint generated by default as identity,
        "updated_at" timestamp(6),
        "nombre" varchar(100) not null,
        "descripcion" varchar(500),
        primary key ("id")
    )
&amp#27;[2m15:45:41.219&amp#27;[0;39m &amp#27;[32mSQL  ▶&amp#27;[0;39m &amp#27;[2m│&amp#27;[0;39m &amp#27;[35m[           main]&amp#27;[0;39m &amp#27;[32m
    create table "cancion" (
        "duracion" integer,
        "is_active" boolean,
        "created_at" timestamp(6),
        "id" bigint generated by default as identity,
        "updated_at" timestamp(6),
        "genero" varchar(80),
        "artista" varchar(100) not null,
        "titulo" varchar(150) not null,
        primary key ("id")
    )&amp#27;[0;39m
Hibernate: 
    create table "cancion" (
        "duracion" integer,
        "is_active" boolean,
        "created_at" timestamp(6),
        "id" bigint generated by default as identity,
        "updated_at" timestamp(6),
        "genero" varchar(80),
        "artista" varchar(100) not null,
        "titulo" varchar(150) not null,
        primary key ("id")
    )
&amp#27;[2m15:45:41.220&amp#27;[0;39m &amp#27;[32mSQL  ▶&amp#27;[0;39m &amp#27;[2m│&amp#27;[0;39m &amp#27;[35m[           main]&amp#27;[0;39m &amp#27;[32m
    create table "demo_widget" (
        "is_active" boolean,
        "created_at" timestamp(6),
        "id" bigint generated by default as identity,
        "updated_at" timestamp(6),
        "tipo" varchar(100),
        "nombre" varchar(120) not null,
        primary key ("id")
    )&amp#27;[0;39m
Hibernate: 
    create table "demo_widget" (
        "is_active" boolean,
        "created_at" timestamp(6),
        "id" bigint generated by default as identity,
        "updated_at" timestamp(6),
        "tipo" varchar(100),
        "nombre" varchar(120) not null,
        primary key ("id")
    )
&amp#27;[2m15:45:41.221&amp#27;[0;39m &amp#27;[32mSQL  ▶&amp#27;[0;39m &amp#27;[2m│&amp#27;[0;39m &amp#27;[35m[           main]&amp#27;[0;39m &amp#27;[32m
    create table "empresa_insumos" (
        "is_active" boolean,
        "created_at" timestamp(6),
        "id" bigint generated by default as identity,
        "updated_at" timestamp(6),
        "telefono" varchar(30),
        "contacto" varchar(120),
        "email" varchar(120),
        "rubro" varchar(120) not null,
        "nombre" varchar(150) not null,
        "sitio_web" varchar(200),
        primary key ("id")
    )&amp#27;[0;39m
Hibernate: 
    create table "empresa_insumos" (
        "is_active" boolean,
        "created_at" timestamp(6),
        "id" bigint generated by default as identity,
        "updated_at" timestamp(6),
        "telefono" varchar(30),
        "contacto" varchar(120),
        "email" varchar(120),
        "rubro" varchar(120) not null,
        "nombre" varchar(150) not null,
        "sitio_web" varchar(200),
        primary key ("id")
    )
&amp#27;[2m15:45:41.222&amp#27;[0;39m &amp#27;[32mSQL  ▶&amp#27;[0;39m &amp#27;[2m│&amp#27;[0;39m &amp#27;[35m[           main]&amp#27;[0;39m &amp#27;[32m
    create table "ganador_premio_album" (
        "anio" integer not null,
        "is_active" boolean,
        "created_at" timestamp(6),
        "id" bigint generated by default as identity,
        "updated_at" timestamp(6),
        "genero" varchar(80),
        "artista" varchar(120) not null,
        "premio" varchar(120) not null,
        "album" varchar(150) not null,
        primary key ("id")
    )&amp#27;[0;39m
Hibernate: 
    create table "ganador_premio_album" (
        "anio" integer not null,
        "is_active" boolean,
        "created_at" timestamp(6),
        "id" bigint generated by default as identity,
        "updated_at" timestamp(6),
        "genero" varchar(80),
        "artista" varchar(120) not null,
        "premio" varchar(120) not null,
        "album" varchar(150) not null,
        primary key ("id")
    )
&amp#27;[2m15:45:41.224&amp#27;[0;39m &amp#27;[32mSQL  ▶&amp#27;[0;39m &amp#27;[2m│&amp#27;[0;39m &amp#27;[35m[           main]&amp#27;[0;39m &amp#27;[32m
    create table "lamina" (
        "fecha_lanzamiento" date not null,
        "is_active" boolean,
        "album_id" bigint not null,
        "created_at" timestamp(6),
        "id" bigint generated by default as identity,
        "updated_at" timestamp(6),
        "nombre" varchar(100) not null,
        "imagen" varchar(255),
        "tipo_lamina" varchar(255) not null,
        primary key ("id")
    )&amp#27;[0;39m
Hibernate: 
    create table "lamina" (
        "fecha_lanzamiento" date not null,
        "is_active" boolean,
        "album_id" bigint not null,
        "created_at" timestamp(6),
        "id" bigint generated by default as identity,
        "updated_at" timestamp(6),
        "nombre" varchar(100) not null,
        "imagen" varchar(255),
        "tipo_lamina" varchar(255) not null,
        primary key ("id")
    )
&amp#27;[2m15:45:41.225&amp#27;[0;39m &amp#27;[32mSQL  ▶&amp#27;[0;39m &amp#27;[2m│&amp#27;[0;39m &amp#27;[35m[           main]&amp#27;[0;39m &amp#27;[32m
    create table "lamina_catalogo" (
        "fecha_lanzamiento" date not null,
        "is_active" boolean,
        "album_id" bigint not null,
        "created_at" timestamp(6),
        "id" bigint generated by default as identity,
        "updated_at" timestamp(6),
        "nombre" varchar(100) not null,
        "imagen" varchar(255),
        "tipo_lamina" varchar(255) not null,
        primary key ("id"),
        unique ("album_id", "nombre")
    )&amp#27;[0;39m
Hibernate: 
    create table "lamina_catalogo" (
        "fecha_lanzamiento" date not null,
        "is_active" boolean,
        "album_id" bigint not null,
        "created_at" timestamp(6),
        "id" bigint generated by default as identity,
        "updated_at" timestamp(6),
        "nombre" varchar(100) not null,
        "imagen" varchar(255),
        "tipo_lamina" varchar(255) not null,
        primary key ("id"),
        unique ("album_id", "nombre")
    )
&amp#27;[2m15:45:41.227&amp#27;[0;39m &amp#27;[32mSQL  ▶&amp#27;[0;39m &amp#27;[2m│&amp#27;[0;39m &amp#27;[35m[           main]&amp#27;[0;39m &amp#27;[32m
    create table "pais_distribucion" (
        "codigo_iso" varchar(3),
        "is_active" boolean,
        "created_at" timestamp(6),
        "id" bigint generated by default as identity,
        "updated_at" timestamp(6),
        "nombre" varchar(100) not null,
        "descripcion" varchar(500),
        primary key ("id")
    )&amp#27;[0;39m
Hibernate: 
    create table "pais_distribucion" (
        "codigo_iso" varchar(3),
        "is_active" boolean,
        "created_at" timestamp(6),
        "id" bigint generated by default as identity,
        "updated_at" timestamp(6),
        "nombre" varchar(100) not null,
        "descripcion" varchar(500),
        primary key ("id")
    )
&amp#27;[2m15:45:41.228&amp#27;[0;39m &amp#27;[32mSQL  ▶&amp#27;[0;39m &amp#27;[2m│&amp#27;[0;39m &amp#27;[35m[           main]&amp#27;[0;39m &amp#27;[32m
    create table "test_model" (
        "is_active" boolean,
        "created_at" timestamp(6),
        "id" bigint generated by default as identity,
        "updated_at" timestamp(6),
        "nombre" varchar(100) not null,
        primary key ("id")
    )&amp#27;[0;39m
Hibernate: 
    create table "test_model" (
        "is_active" boolean,
        "created_at" timestamp(6),
        "id" bigint generated by default as identity,
        "updated_at" timestamp(6),
        "nombre" varchar(100) not null,
        primary key ("id")
    )
&amp#27;[2m15:45:41.229&amp#27;[0;39m &amp#27;[32mSQL  ▶&amp#27;[0;39m &amp#27;[2m│&amp#27;[0;39m &amp#27;[35m[           main]&amp#27;[0;39m &amp#27;[32m
    create table "tienda_lamina" (
        "fecha_apertura" date,
        "is_active" boolean,
        "created_at" timestamp(6),
        "id" bigint generated by default as identity,
        "updated_at" timestamp(6),
        "telefono" varchar(30),
        "ciudad" varchar(80) not null,
        "email" varchar(120),
        "nombre" varchar(150) not null,
        "direccion" varchar(200),
        primary key ("id")
    )&amp#27;[0;39m
Hibernate: 
    create table "tienda_lamina" (
        "fecha_apertura" date,
        "is_active" boolean,
        "created_at" timestamp(6),
        "id" bigint generated by default as identity,
        "updated_at" timestamp(6),
        "telefono" varchar(30),
        "ciudad" varchar(80) not null,
        "email" varchar(120),
        "nombre" varchar(150) not null,
        "direccion" varchar(200),
        primary key ("id")
    )
&amp#27;[2m15:45:41.231&amp#27;[0;39m &amp#27;[32mSQL  ▶&amp#27;[0;39m &amp#27;[2m│&amp#27;[0;39m &amp#27;[35m[           main]&amp#27;[0;39m &amp#27;[32m
    alter table if exists "lamina" 
       add constraint "FK7it3r58f8w6ffifephi870qgx" 
       foreign key ("album_id") 
       references "album"&amp#27;[0;39m
Hibernate: 
    alter table if exists "lamina" 
       add constraint "FK7it3r58f8w6ffifephi870qgx" 
       foreign key ("album_id") 
       references "album"
&amp#27;[2m15:45:41.240&amp#27;[0;39m &amp#27;[32mSQL  ▶&amp#27;[0;39m &amp#27;[2m│&amp#27;[0;39m &amp#27;[35m[           main]&amp#27;[0;39m &amp#27;[32m
    alter table if exists "lamina_catalogo" 
       add constraint "FKacxoexuchrmym2affidipsi6k" 
       foreign key ("album_id") 
       references "album"&amp#27;[0;39m
Hibernate: 
    alter table if exists "lamina_catalogo" 
       add constraint "FKacxoexuchrmym2affidipsi6k" 
       foreign key ("album_id") 
       references "album"
&amp#27;[2m15:45:42.134&amp#27;[0;39m &amp#27;[31mWARN &amp#27;[0;39m &amp#27;[2m│&amp#27;[0;39m &amp#27;[35m[           main]&amp#27;[0;39m &amp#27;[36mJpaBaseConfiguration$JpaWebConfiguration&amp#27;[0;39m&amp#27;[2m:&amp#27;[0;39m &amp#27;[31mspring.jpa.open-in-view is enabled by default. Therefore, database queries may be performed during view rendering. Explicitly configure spring.jpa.open-in-view to disable this warning&amp#27;[0;39m%n&amp#27;[2m15:45:42.275&amp#27;[0;39m &amp#27;[39mDEBUG&amp#27;[0;39m &amp#27;[2m│&amp#27;[0;39m &amp#27;[35m[           main]&amp#27;[0;39m &amp#27;[36ms.w.s.m.m.a.RequestMappingHandlerMapping&amp#27;[0;39m&amp#27;[2m:&amp#27;[0;39m &amp#27;[39m54 mappings in 'requestMappingHandlerMapping'&amp#27;[0;39m%n&amp#27;[2m15:45:42.415&amp#27;[0;39m &amp#27;[39mDEBUG&amp#27;[0;39m &amp#27;[2m│&amp#27;[0;39m &amp#27;[35m[           main]&amp#27;[0;39m &amp#27;[36mo.s.w.s.handler.SimpleUrlHandlerMapping &amp#27;[0;39m&amp#27;[2m:&amp#27;[0;39m &amp#27;[39mPatterns [/webjars/**, /**, /swagger-ui/**, /v3/api-docs/**, /static/**, /swagger-ui*/*swagger-initializer.js, /swagger-ui*/**] in 'resourceHandlerMapping'&amp#27;[0;39m%n&amp#27;[2m15:45:42.458&amp#27;[0;39m &amp#27;[39mDEBUG&amp#27;[0;39m &amp#27;[2m│&amp#27;[0;39m &amp#27;[35m[           main]&amp#27;[0;39m &amp#27;[36ms.w.s.m.m.a.RequestMappingHandlerAdapter&amp#27;[0;39m&amp#27;[2m:&amp#27;[0;39m &amp#27;[39mControllerAdvice beans: 0 @ModelAttribute, 0 @InitBinder, 1 RequestBodyAdvice, 1 ResponseBodyAdvice&amp#27;[0;39m%n&amp#27;[2m15:45:42.506&amp#27;[0;39m &amp#27;[39mDEBUG&amp#27;[0;39m &amp#27;[2m│&amp#27;[0;39m &amp#27;[35m[           main]&amp#27;[0;39m &amp#27;[36m.m.m.a.ExceptionHandlerExceptionResolver&amp#27;[0;39m&amp#27;[2m:&amp#27;[0;39m &amp#27;[39mControllerAdvice beans: 2 @ExceptionHandler, 1 ResponseBodyAdvice&amp#27;[0;39m%n&amp#27;[2m15:45:42.982&amp#27;[0;39m &amp#27;[34mINFO &amp#27;[0;39m &amp#27;[2m│&amp#27;[0;39m &amp#27;[35m[           main]&amp#27;[0;39m &amp#27;[36mo.s.b.a.e.web.EndpointLinksResolver     &amp#27;[0;39m&amp#27;[2m:&amp#27;[0;39m &amp#27;[34mExposing 4 endpoints beneath base path '/actuator'&amp#27;[0;39m%n&amp#27;[2m15:45:43.095&amp#27;[0;39m &amp#27;[34mINFO &amp#27;[0;39m &amp#27;[2m│&amp#27;[0;39m &amp#27;[35m[           main]&amp#27;[0;39m &amp#27;[34mipss.web2.examen.ApplicationTests       &amp#27;[0;39m&amp#27;[2m:&amp#27;[0;39m &amp#27;[34mStarted ApplicationTests in 5.832 seconds (process running for 6.745)&amp#27;[0;39m%n&amp#27;[2m15:45:43.175&amp#27;[0;39m &amp#27;[39mDEBUG&amp#27;[0;39m &amp#27;[2m│&amp#27;[0;39m &amp#27;[35m[           main]&amp#27;[0;39m &amp#27;[36mo.s.b.a.ApplicationAvailabilityBean     &amp#27;[0;39m&amp#27;[2m:&amp#27;[0;39m &amp#27;[39mApplication availability state LivenessState changed to CORRECT&amp#27;[0;39m%n&amp#27;[2m15:45:43.483&amp#27;[0;39m &amp#27;[32mSQL  ▶&amp#27;[0;39m &amp#27;[2m│&amp#27;[0;39m &amp#27;[35m[           main]&amp#27;[0;39m &amp#27;[32m
    select
        count(*) 
    from
        "album" a1_0&amp#27;[0;39m
Hibernate: 
    select
        count(*) 
    from
        "album" a1_0
🚀 Iniciando población de base de datos con anime populares...
&amp#27;[2m15:45:43.544&amp#27;[0;39m &amp#27;[32mSQL  ▶&amp#27;[0;39m &amp#27;[2m│&amp#27;[0;39m &amp#27;[35m[           main]&amp#27;[0;39m &amp#27;[32m
    insert 
    into
        "album"
        ("is_active", "created_at", "descripcion", "nombre", "updated_at", "release_year", "id") 
    values
        (?, ?, ?, ?, ?, ?, default)&amp#27;[0;39m
Hibernate: 
    insert 
    into
        "album"
        ("is_active", "created_at", "descripcion", "nombre", "updated_at", "release_year", "id") 
    values
        (?, ?, ?, ?, ?, ?, default)
&amp#27;[2m15:45:43.546&amp#27;[0;39m &amp#27;[32mSQL  ▶&amp#27;[0;39m &amp#27;[2m│&amp#27;[0;39m &amp#27;[35m[           main]&amp#27;[0;39m &amp#27;[32mbinding parameter (1:BOOLEAN) <- [true]&amp#27;[0;39m
&amp#27;[2m15:45:43.547&amp#27;[0;39m &amp#27;[32mSQL  ▶&amp#27;[0;39m &amp#27;[2m│&amp#27;[0;39m &amp#27;[35m[           main]&amp#27;[0;39m &amp#27;[32mbinding parameter (2:TIMESTAMP) <- [2026-02-26T15:45:43.519843900]&amp#27;[0;39m
&amp#27;[2m15:45:43.548&amp#27;[0;39m &amp#27;[32mSQL  ▶&amp#27;[0;39m &amp#27;[2m│&amp#27;[0;39m &amp#27;[35m[           main]&amp#27;[0;39m &amp#27;[32mbinding parameter (3:VARCHAR) <- [Manga clásico sobre guerreros que protegen a Atenea]&amp#27;[0;39m
&amp#27;[2m15:45:43.548&amp#27;[0;39m &amp#27;[32mSQL  ▶&amp#27;[0;39m &amp#27;[2m│&amp#27;[0;39m &amp#27;[35m[           main]&amp#27;[0;39m &amp#27;[32mbinding parameter (4:VARCHAR) <- [Caballeros del Zodiaco]&amp#27;[0;39m
&amp#27;[2m15:45:43.548&amp#27;[0;39m &amp#27;[32mSQL  ▶&amp#27;[0;39m &amp#27;[2m│&amp#27;[0;39m &amp#27;[35m[           main]&amp#27;[0;39m &amp#27;[32mbinding parameter (5:TIMESTAMP) <- [2026-02-26T15:45:43.519843900]&amp#27;[0;39m
&amp#27;[2m15:45:43.548&amp#27;[0;39m &amp#27;[32mSQL  ▶&amp#27;[0;39m &amp#27;[2m│&amp#27;[0;39m &amp#27;[35m[           main]&amp#27;[0;39m &amp#27;[32mbinding parameter (6:INTEGER) <- [1986]&amp#27;[0;39m
&amp#27;[2m15:45:43.569&amp#27;[0;39m &amp#27;[32mSQL  ▶&amp#27;[0;39m &amp#27;[2m│&amp#27;[0;39m &amp#27;[35m[           main]&amp#27;[0;39m &amp#27;[32m
    insert 
    into
        "lamina_catalogo"
        ("is_active", "album_id", "created_at", "fecha_lanzamiento", "imagen", "nombre", "tipo_lamina", "updated_at", "id") 
    values
        (?, ?, ?, ?, ?, ?, ?, ?, default)&amp#27;[0;39m
Hibernate: 
    insert 
    into
        "lamina_catalogo"
        ("is_active", "album_id", "created_at", "fecha_lanzamiento", "imagen", "nombre", "tipo_lamina", "updated_at", "id") 
    values
        (?, ?, ?, ?, ?, ?, ?, ?, default)
&amp#27;[2m15:45:43.569&amp#27;[0;39m &amp#27;[32mSQL  ▶&amp#27;[0;39m &amp#27;[2m│&amp#27;[0;39m &amp#27;[35m[           main]&amp#27;[0;39m &amp#27;[32mbinding parameter (1:BOOLEAN) <- [true]&amp#27;[0;39m
&amp#27;[2m15:45:43.569&amp#27;[0;39m &amp#27;[32mSQL  ▶&amp#27;[0;39m &amp#27;[2m│&amp#27;[0;39m &amp#27;[35m[           main]&amp#27;[0;39m &amp#27;[32mbinding parameter (2:BIGINT) <- [1]&amp#27;[0;39m
&amp#27;[2m15:45:43.570&amp#27;[0;39m &amp#27;[32mSQL  ▶&amp#27;[0;39m &amp#27;[2m│&amp#27;[0;39m &amp#27;[35m[           main]&amp#27;[0;39m &amp#27;[32mbinding parameter (3:TIMESTAMP) <- [2026-02-26T15:45:43.566843100]&amp#27;[0;39m
&amp#27;[2m15:45:43.570&amp#27;[0;39m &amp#27;[32mSQL  ▶&amp#27;[0;39m &amp#27;[2m│&amp#27;[0;39m &amp#27;[35m[           main]&amp#27;[0;39m &amp#27;[32mbinding parameter (4:DATE) <- [1986-01-01]&amp#27;[0;39m
&amp#27;[2m15:45:43.570&amp#27;[0;39m &amp#27;[32mSQL  ▶&amp#27;[0;39m &amp#27;[2m│&amp#27;[0;39m &amp#27;[35m[           main]&amp#27;[0;39m &amp#27;[32mbinding parameter (5:VARCHAR) <- [https://images.unsplash.com/photo-1617637881555-eae2ba6ee46f?w=400]&amp#27;[0;39m
&amp#27;[2m15:45:43.570&amp#27;[0;39m &amp#27;[32mSQL  ▶&amp#27;[0;39m &amp#27;[2m│&amp#27;[0;39m &amp#27;[35m[           main]&amp#27;[0;39m &amp#27;[32mbinding parameter (6:VARCHAR) <- [Seiya - Caballero de Pegaso]&amp#27;[0;39m
&amp#27;[2m15:45:43.571&amp#27;[0;39m &amp#27;[32mSQL  ▶&amp#27;[0;39m &amp#27;[2m│&amp#27;[0;39m &amp#27;[35m[           main]&amp#27;[0;39m &amp#27;[32mbinding parameter (7:VARCHAR) <- [PORTADA]&amp#27;[0;39m
&amp#27;[2m15:45:43.571&amp#27;[0;39m &amp#27;[32mSQL  ▶&amp#27;[0;39m &amp#27;[2m│&amp#27;[0;39m &amp#27;[35m[           main]&amp#27;[0;39m &amp#27;[32mbinding parameter (8:TIMESTAMP) <- [2026-02-26T15:45:43.566843100]&amp#27;[0;39m
&amp#27;[2m15:45:43.574&amp#27;[0;39m &amp#27;[32mSQL  ▶&amp#27;[0;39m &amp#27;[2m│&amp#27;[0;39m &amp#27;[35m[           main]&amp#27;[0;39m &amp#27;[32m
    insert 
    into
        "lamina_catalogo"
        ("is_active", "album_id", "created_at", "fecha_lanzamiento", "imagen", "nombre", "tipo_lamina", "updated_at", "id") 
    values
        (?, ?, ?, ?, ?, ?, ?, ?, default)&amp#27;[0;39m
Hibernate: 
    insert 
    into
        "lamina_catalogo"
        ("is_active", "album_id", "created_at", "fecha_lanzamiento", "imagen", "nombre", "tipo_lamina", "updated_at", "id") 
    values
        (?, ?, ?, ?, ?, ?, ?, ?, default)
&amp#27;[2m15:45:43.574&amp#27;[0;39m &amp#27;[32mSQL  ▶&amp#27;[0;39m &amp#27;[2m│&amp#27;[0;39m &amp#27;[35m[           main]&amp#27;[0;39m &amp#27;[32mbinding parameter (1:BOOLEAN) <- [true]&amp#27;[0;39m
&amp#27;[2m15:45:43.574&amp#27;[0;39m &amp#27;[32mSQL  ▶&amp#27;[0;39m &amp#27;[2m│&amp#27;[0;39m &amp#27;[35m[           main]&amp#27;[0;39m &amp#27;[32mbinding parameter (2:BIGINT) <- [1]&amp#27;[0;39m
&amp#27;[2m15:45:43.574&amp#27;[0;39m &amp#27;[32mSQL  ▶&amp#27;[0;39m &amp#27;[2m│&amp#27;[0;39m &amp#27;[35m[           main]&amp#27;[0;39m &amp#27;[32mbinding parameter (3:TIMESTAMP) <- [2026-02-26T15:45:43.573842]&amp#27;[0;39m
&amp#27;[2m15:45:43.574&amp#27;[0;39m &amp#27;[32mSQL  ▶&amp#27;[0;39m &amp#27;[2m│&amp#27;[0;39m &amp#27;[35m[           main]&amp#27;[0;39m &amp#27;[32mbinding parameter (4:DATE) <- [1986-01-01]&amp#27;[0;39m
&amp#27;[2m15:45:43.575&amp#27;[0;39m &amp#27;[32mSQL  ▶&amp#27;[0;39m &amp#27;[2m│&amp#27;[0;39m &amp#27;[35m[           main]&amp#27;[0;39m &amp#27;[32mbinding parameter (5:VARCHAR) <- [https://images.unsplash.com/photo-1578322154310-cc4ecca2f5d5?w=400]&amp#27;[0;39m
&amp#27;[2m15:45:43.575&amp#27;[0;39m &amp#27;[32mSQL  ▶&amp#27;[0;39m &amp#27;[2m│&amp#27;[0;39m &amp#27;[35m[           main]&amp#27;[0;39m &amp#27;[32mbinding parameter (6:VARCHAR) <- [Armadura Dorada de Aries]&amp#27;[0;39m
&amp#27;[2m15:45:43.575&amp#27;[0;39m &amp#27;[32mSQL  ▶&amp#27;[0;39m &amp#27;[2m│&amp#27;[0;39m &amp#27;[35m[           main]&amp#27;[0;39m &amp#27;[32mbinding parameter (7:VARCHAR) <- [CONTENIDO]&amp#27;[0;39m
&amp#27;[2m15:45:43.575&amp#27;[0;39m &amp#27;[32mSQL  ▶&amp#27;[0;39m &amp#27;[2m│&amp#27;[0;39m &amp#27;[35m[           main]&amp#27;[0;39m &amp#27;[32mbinding parameter (8:TIMESTAMP) <- [2026-02-26T15:45:43.573842]&amp#27;[0;39m
&amp#27;[2m15:45:43.577&amp#27;[0;39m &amp#27;[32mSQL  ▶&amp#27;[0;39m &amp#27;[2m│&amp#27;[0;39m &amp#27;[35m[           main]&amp#27;[0;39m &amp#27;[32m
    insert 
    into
        "lamina_catalogo"
        ("is_active", "album_id", "created_at", "fecha_lanzamiento", "imagen", "nombre", "tipo_lamina", "updated_at", "id") 
    values
        (?, ?, ?, ?, ?, ?, ?, ?, default)&amp#27;[0;39m
Hibernate: 
    insert 
    into
        "lamina_catalogo"
        ("is_active", "album_id", "created_at", "fecha_lanzamiento", "imagen", "nombre", "tipo_lamina", "updated_at", "id") 
    values
        (?, ?, ?, ?, ?, ?, ?, ?, default)
&amp#27;[2m15:45:43.577&amp#27;[0;39m &amp#27;[32mSQL  ▶&amp#27;[0;39m &amp#27;[2m│&amp#27;[0;39m &amp#27;[35m[           main]&amp#27;[0;39m &amp#27;[32mbinding parameter (1:BOOLEAN) <- [true]&amp#27;[0;39m
&amp#27;[2m15:45:43.577&amp#27;[0;39m &amp#27;[32mSQL  ▶&amp#27;[0;39m &amp#27;[2m│&amp#27;[0;39m &amp#27;[35m[           main]&amp#27;[0;39m &amp#27;[32mbinding parameter (2:BIGINT) <- [1]&amp#27;[0;39m
&amp#27;[2m15:45:43.577&amp#27;[0;39m &amp#27;[32mSQL  ▶&amp#27;[0;39m &amp#27;[2m│&amp#27;[0;39m &amp#27;[35m[           main]&amp#27;[0;39m &amp#27;[32mbinding parameter (3:TIMESTAMP) <- [2026-02-26T15:45:43.576841100]&amp#27;[0;39m
&amp#27;[2m15:45:43.577&amp#27;[0;39m &amp#27;[32mSQL  ▶&amp#27;[0;39m &amp#27;[2m│&amp#27;[0;39m &amp#27;[35m[           main]&amp#27;[0;39m &amp#27;[32mbinding parameter (4:DATE) <- [1986-01-01]&amp#27;[0;39m
&amp#27;[2m15:45:43.577&amp#27;[0;39m &amp#27;[32mSQL  ▶&amp#27;[0;39m &amp#27;[2m│&amp#27;[0;39m &amp#27;[35m[           main]&amp#27;[0;39m &amp#27;[32mbinding parameter (5:VARCHAR) <- [https://images.unsplash.com/photo-1607084591413-25427a3d4d12?w=400]&amp#27;[0;39m
&amp#27;[2m15:45:43.577&amp#27;[0;39m &amp#27;[32mSQL  ▶&amp#27;[0;39m &amp#27;[2m│&amp#27;[0;39m &amp#27;[35m[           main]&amp#27;[0;39m &amp#27;[32mbinding parameter (6:VARCHAR) <- [Batalla contra Hades]&amp#27;[0;39m
&amp#27;[2m15:45:43.577&amp#27;[0;39m &amp#27;[32mSQL  ▶&amp#27;[0;39m &amp#27;[2m│&amp#27;[0;39m &amp#27;[35m[           main]&amp#27;[0;39m &amp#27;[32mbinding parameter (7:VARCHAR) <- [CONTENIDO]&amp#27;[0;39m
&amp#27;[2m15:45:43.577&amp#27;[0;39m &amp#27;[32mSQL  ▶&amp#27;[0;39m &amp#27;[2m│&amp#27;[0;39m &amp#27;[35m[           main]&amp#27;[0;39m &amp#27;[32mbinding parameter (8:TIMESTAMP) <- [2026-02-26T15:45:43.576841100]&amp#27;[0;39m
&amp#27;[2m15:45:43.588&amp#27;[0;39m &amp#27;[32mSQL  ▶&amp#27;[0;39m &amp#27;[2m│&amp#27;[0;39m &amp#27;[35m[           main]&amp#27;[0;39m &amp#27;[32m
    select
        a1_0."id",
        a1_0."is_active",
        a1_0."created_at",
        a1_0."descripcion",
        a1_0."nombre",
        a1_0."updated_at",
        a1_0."release_year",
        l1_0."album_id",
        l1_0."id",
        l1_0."is_active",
        l1_0."created_at",
        l1_0."fecha_lanzamiento",
        l1_0."imagen",
        l1_0."nombre",
        l1_0."tipo_lamina",
        l1_0."updated_at" 
    from
        "album" a1_0 
    left join
        "lamina" l1_0 
            on a1_0."id"=l1_0."album_id" 
    where
        a1_0."id"=?&amp#27;[0;39m
Hibernate: 
    select
        a1_0."id",
        a1_0."is_active",
        a1_0."created_at",
        a1_0."descripcion",
        a1_0."nombre",
        a1_0."updated_at",
        a1_0."release_year",
        l1_0."album_id",
        l1_0."id",
        l1_0."is_active",
        l1_0."created_at",
        l1_0."fecha_lanzamiento",
        l1_0."imagen",
        l1_0."nombre",
        l1_0."tipo_lamina",
        l1_0."updated_at" 
    from
        "album" a1_0 
    left join
        "lamina" l1_0 
            on a1_0."id"=l1_0."album_id" 
    where
        a1_0."id"=?
&amp#27;[2m15:45:43.589&amp#27;[0;39m &amp#27;[32mSQL  ▶&amp#27;[0;39m &amp#27;[2m│&amp#27;[0;39m &amp#27;[35m[           main]&amp#27;[0;39m &amp#27;[32mbinding parameter (1:BIGINT) <- [1]&amp#27;[0;39m
&amp#27;[2m15:45:43.600&amp#27;[0;39m &amp#27;[32mSQL  ▶&amp#27;[0;39m &amp#27;[2m│&amp#27;[0;39m &amp#27;[35m[           main]&amp#27;[0;39m &amp#27;[32m
    select
        lc1_0."album_id",
        lc1_0."id",
        lc1_0."is_active",
        lc1_0."created_at",
        lc1_0."fecha_lanzamiento",
        lc1_0."imagen",
        lc1_0."nombre",
        lc1_0."tipo_lamina",
        lc1_0."updated_at" 
    from
        "lamina_catalogo" lc1_0 
    where
        lc1_0."album_id"=?&amp#27;[0;39m
Hibernate: 
    select
        lc1_0."album_id",
        lc1_0."id",
        lc1_0."is_active",
        lc1_0."created_at",
        lc1_0."fecha_lanzamiento",
        lc1_0."imagen",
        lc1_0."nombre",
        lc1_0."tipo_lamina",
        lc1_0."updated_at" 
    from
        "lamina_catalogo" lc1_0 
    where
        lc1_0."album_id"=?
&amp#27;[2m15:45:43.600&amp#27;[0;39m &amp#27;[32mSQL  ▶&amp#27;[0;39m &amp#27;[2m│&amp#27;[0;39m &amp#27;[35m[           main]&amp#27;[0;39m &amp#27;[32mbinding parameter (1:BIGINT) <- [1]&amp#27;[0;39m
&amp#27;[2m15:45:43.609&amp#27;[0;39m &amp#27;[32mSQL  ▶&amp#27;[0;39m &amp#27;[2m│&amp#27;[0;39m &amp#27;[35m[           main]&amp#27;[0;39m &amp#27;[32m
    update
        "album" 
    set
        "is_active"=?,
        "descripcion"=?,
        "nombre"=?,
        "updated_at"=?,
        "release_year"=? 
    where
        "id"=?&amp#27;[0;39m
Hibernate: 
    update
        "album" 
    set
        "is_active"=?,
        "descripcion"=?,
        "nombre"=?,
        "updated_at"=?,
        "release_year"=? 
    where
        "id"=?
&amp#27;[2m15:45:43.611&amp#27;[0;39m &amp#27;[32mSQL  ▶&amp#27;[0;39m &amp#27;[2m│&amp#27;[0;39m &amp#27;[35m[           main]&amp#27;[0;39m &amp#27;[32mbinding parameter (1:BOOLEAN) <- [true]&amp#27;[0;39m
&amp#27;[2m15:45:43.611&amp#27;[0;39m &amp#27;[32mSQL  ▶&amp#27;[0;39m &amp#27;[2m│&amp#27;[0;39m &amp#27;[35m[           main]&amp#27;[0;39m &amp#27;[32mbinding parameter (2:VARCHAR) <- [Manga clásico sobre guerreros que protegen a Atenea]&amp#27;[0;39m
&amp#27;[2m15:45:43.611&amp#27;[0;39m &amp#27;[32mSQL  ▶&amp#27;[0;39m &amp#27;[2m│&amp#27;[0;39m &amp#27;[35m[           main]&amp#27;[0;39m &amp#27;[32mbinding parameter (3:VARCHAR) <- [Caballeros del Zodiaco]&amp#27;[0;39m
&amp#27;[2m15:45:43.611&amp#27;[0;39m &amp#27;[32mSQL  ▶&amp#27;[0;39m &amp#27;[2m│&amp#27;[0;39m &amp#27;[35m[           main]&amp#27;[0;39m &amp#27;[32mbinding parameter (4:TIMESTAMP) <- [2026-02-26T15:45:43.605848800]&amp#27;[0;39m
&amp#27;[2m15:45:43.611&amp#27;[0;39m &amp#27;[32mSQL  ▶&amp#27;[0;39m &amp#27;[2m│&amp#27;[0;39m &amp#27;[35m[           main]&amp#27;[0;39m &amp#27;[32mbinding parameter (5:INTEGER) <- [1986]&amp#27;[0;39m
&amp#27;[2m15:45:43.611&amp#27;[0;39m &amp#27;[32mSQL  ▶&amp#27;[0;39m &amp#27;[2m│&amp#27;[0;39m &amp#27;[35m[           main]&amp#27;[0;39m &amp#27;[32mbinding parameter (6:BIGINT) <- [1]&amp#27;[0;39m
&amp#27;[2m15:45:43.613&amp#27;[0;39m &amp#27;[32mSQL  ▶&amp#27;[0;39m &amp#27;[2m│&amp#27;[0;39m &amp#27;[35m[           main]&amp#27;[0;39m &amp#27;[32m
    update
        "lamina_catalogo" 
    set
        "is_active"=?,
        "album_id"=?,
        "fecha_lanzamiento"=?,
        "imagen"=?,
        "nombre"=?,
        "tipo_lamina"=?,
        "updated_at"=? 
    where
        "id"=?&amp#27;[0;39m
Hibernate: 
    update
        "lamina_catalogo" 
    set
        "is_active"=?,
        "album_id"=?,
        "fecha_lanzamiento"=?,
        "imagen"=?,
        "nombre"=?,
        "tipo_lamina"=?,
        "updated_at"=? 
    where
        "id"=?
&amp#27;[2m15:45:43.613&amp#27;[0;39m &amp#27;[32mSQL  ▶&amp#27;[0;39m &amp#27;[2m│&amp#27;[0;39m &amp#27;[35m[           main]&amp#27;[0;39m &amp#27;[32mbinding parameter (1:BOOLEAN) <- [true]&amp#27;[0;39m
&amp#27;[2m15:45:43.613&amp#27;[0;39m &amp#27;[32mSQL  ▶&amp#27;[0;39m &amp#27;[2m│&amp#27;[0;39m &amp#27;[35m[           main]&amp#27;[0;39m &amp#27;[32mbinding parameter (2:BIGINT) <- [1]&amp#27;[0;39m
&amp#27;[2m15:45:43.613&amp#27;[0;39m &amp#27;[32mSQL  ▶&amp#27;[0;39m &amp#27;[2m│&amp#27;[0;39m &amp#27;[35m[           main]&amp#27;[0;39m &amp#27;[32mbinding parameter (3:DATE) <- [1986-01-01]&amp#27;[0;39m
&amp#27;[2m15:45:43.613&amp#27;[0;39m &amp#27;[32mSQL  ▶&amp#27;[0;39m &amp#27;[2m│&amp#27;[0;39m &amp#27;[35m[           main]&amp#27;[0;39m &amp#27;[32mbinding parameter (4:VARCHAR) <- [https://images.unsplash.com/photo-1617637881555-eae2ba6ee46f?w=400]&amp#27;[0;39m
&amp#27;[2m15:45:43.613&amp#27;[0;39m &amp#27;[32mSQL  ▶&amp#27;[0;39m &amp#27;[2m│&amp#27;[0;39m &amp#27;[35m[           main]&amp#27;[0;39m &amp#27;[32mbinding parameter (5:VARCHAR) <- [Seiya - Caballero de Pegaso]&amp#27;[0;39m
&amp#27;[2m15:45:43.614&amp#27;[0;39m &amp#27;[32mSQL  ▶&amp#27;[0;39m &amp#27;[2m│&amp#27;[0;39m &amp#27;[35m[           main]&amp#27;[0;39m &amp#27;[32mbinding parameter (6:VARCHAR) <- [PORTADA]&amp#27;[0;39m
&amp#27;[2m15:45:43.614&amp#27;[0;39m &amp#27;[32mSQL  ▶&amp#27;[0;39m &amp#27;[2m│&amp#27;[0;39m &amp#27;[35m[           main]&amp#27;[0;39m &amp#27;[32mbinding parameter (7:TIMESTAMP) <- [2026-02-26T15:45:43.606848300]&amp#27;[0;39m
&amp#27;[2m15:45:43.614&amp#27;[0;39m &amp#27;[32mSQL  ▶&amp#27;[0;39m &amp#27;[2m│&amp#27;[0;39m &amp#27;[35m[           main]&amp#27;[0;39m &amp#27;[32mbinding parameter (8:BIGINT) <- [1]&amp#27;[0;39m
&amp#27;[2m15:45:43.615&amp#27;[0;39m &amp#27;[32mSQL  ▶&amp#27;[0;39m &amp#27;[2m│&amp#27;[0;39m &amp#27;[35m[           main]&amp#27;[0;39m &amp#27;[32m
    update
        "lamina_catalogo" 
    set
        "is_active"=?,
        "album_id"=?,
        "fecha_lanzamiento"=?,
        "imagen"=?,
        "nombre"=?,
        "tipo_lamina"=?,
        "updated_at"=? 
    where
        "id"=?&amp#27;[0;39m
Hibernate: 
    update
        "lamina_catalogo" 
    set
        "is_active"=?,
        "album_id"=?,
        "fecha_lanzamiento"=?,
        "imagen"=?,
        "nombre"=?,
        "tipo_lamina"=?,
        "updated_at"=? 
    where
        "id"=?
&amp#27;[2m15:45:43.615&amp#27;[0;39m &amp#27;[32mSQL  ▶&amp#27;[0;39m &amp#27;[2m│&amp#27;[0;39m &amp#27;[35m[           main]&amp#27;[0;39m &amp#27;[32mbinding parameter (1:BOOLEAN) <- [true]&amp#27;[0;39m
&amp#27;[2m15:45:43.615&amp#27;[0;39m &amp#27;[32mSQL  ▶&amp#27;[0;39m &amp#27;[2m│&amp#27;[0;39m &amp#27;[35m[           main]&amp#27;[0;39m &amp#27;[32mbinding parameter (2:BIGINT) <- [1]&amp#27;[0;39m
&amp#27;[2m15:45:43.616&amp#27;[0;39m &amp#27;[32mSQL  ▶&amp#27;[0;39m &amp#27;[2m│&amp#27;[0;39m &amp#27;[35m[           main]&amp#27;[0;39m &amp#27;[32mbinding parameter (3:DATE) <- [1986-01-01]&amp#27;[0;39m
&amp#27;[2m15:45:43.616&amp#27;[0;39m &amp#27;[32mSQL  ▶&amp#27;[0;39m &amp#27;[2m│&amp#27;[0;39m &amp#27;[35m[           main]&amp#27;[0;39m &amp#27;[32mbinding parameter (4:VARCHAR) <- [https://images.unsplash.com/photo-1607084591413-25427a3d4d12?w=400]&amp#27;[0;39m
&amp#27;[2m15:45:43.616&amp#27;[0;39m &amp#27;[32mSQL  ▶&amp#27;[0;39m &amp#27;[2m│&amp#27;[0;39m &amp#27;[35m[           main]&amp#27;[0;39m &amp#27;[32mbinding parameter (5:VARCHAR) <- [Batalla contra Hades]&amp#27;[0;39m
&amp#27;[2m15:45:43.616&amp#27;[0;39m &amp#27;[32mSQL  ▶&amp#27;[0;39m &amp#27;[2m│&amp#27;[0;39m &amp#27;[35m[           main]&amp#27;[0;39m &amp#27;[32mbinding parameter (6:VARCHAR) <- [CONTENIDO]&amp#27;[0;39m
&amp#27;[2m15:45:43.616&amp#27;[0;39m &amp#27;[32mSQL  ▶&amp#27;[0;39m &amp#27;[2m│&amp#27;[0;39m &amp#27;[35m[           main]&amp#27;[0;39m &amp#27;[32mbinding parameter (7:TIMESTAMP) <- [2026-02-26T15:45:43.606848300]&amp#27;[0;39m
&amp#27;[2m15:45:43.617&amp#27;[0;39m &amp#27;[32mSQL  ▶&amp#27;[0;39m &amp#27;[2m│&amp#27;[0;39m &amp#27;[35m[           main]&amp#27;[0;39m &amp#27;[32mbinding parameter (8:BIGINT) <- [3]&amp#27;[0;39m
&amp#27;[2m15:45:43.623&amp#27;[0;39m &amp#27;[32mSQL  ▶&amp#27;[0;39m &amp#27;[2m│&amp#27;[0;39m &amp#27;[35m[           main]&amp#27;[0;39m &amp#27;[32m
    insert 
    into
        "lamina"
        ("is_active", "album_id", "created_at", "fecha_lanzamiento", "imagen", "nombre", "tipo_lamina", "updated_at", "id") 
    values
        (?, ?, ?, ?, ?, ?, ?, ?, default)&amp#27;[0;39m
Hibernate: 
    insert 
    into
        "lamina"
        ("is_active", "album_id", "created_at", "fecha_lanzamiento", "imagen", "nombre", "tipo_lamina", "updated_at", "id") 
    values
        (?, ?, ?, ?, ?, ?, ?, ?, default)
&amp#27;[2m15:45:43.623&amp#27;[0;39m &amp#27;[32mSQL  ▶&amp#27;[0;39m &amp#27;[2m│&amp#27;[0;39m &amp#27;[35m[           main]&amp#27;[0;39m &amp#27;[32mbinding parameter (1:BOOLEAN) <- [true]&amp#27;[0;39m
&amp#27;[2m15:45:43.623&amp#27;[0;39m &amp#27;[32mSQL  ▶&amp#27;[0;39m &amp#27;[2m│&amp#27;[0;39m &amp#27;[35m[           main]&amp#27;[0;39m &amp#27;[32mbinding parameter (2:BIGINT) <- [1]&amp#27;[0;39m
&amp#27;[2m15:45:43.623&amp#27;[0;39m &amp#27;[32mSQL  ▶&amp#27;[0;39m &amp#27;[2m│&amp#27;[0;39m &amp#27;[35m[           main]&amp#27;[0;39m &amp#27;[32mbinding parameter (3:TIMESTAMP) <- [2026-02-26T15:45:43.620901200]&amp#27;[0;39m
&amp#27;[2m15:45:43.623&amp#27;[0;39m &amp#27;[32mSQL  ▶&amp#27;[0;39m &amp#27;[2m│&amp#27;[0;39m &amp#27;[35m[           main]&amp#27;[0;39m &amp#27;[32mbinding parameter (4:DATE) <- [1986-01-01]&amp#27;[0;39m
&amp#27;[2m15:45:43.623&amp#27;[0;39m &amp#27;[32mSQL  ▶&amp#27;[0;39m &amp#27;[2m│&amp#27;[0;39m &amp#27;[35m[           main]&amp#27;[0;39m &amp#27;[32mbinding parameter (5:VARCHAR) <- [https://images.unsplash.com/photo-1617637881555-eae2ba6ee46f?w=400]&amp#27;[0;39m
&amp#27;[2m15:45:43.624&amp#27;[0;39m &amp#27;[32mSQL  ▶&amp#27;[0;39m &amp#27;[2m│&amp#27;[0;39m &amp#27;[35m[           main]&amp#27;[0;39m &amp#27;[32mbinding parameter (6:VARCHAR) <- [Seiya - Caballero de Pegaso]&amp#27;[0;39m
&amp#27;[2m15:45:43.624&amp#27;[0;39m &amp#27;[32mSQL  ▶&amp#27;[0;39m &amp#27;[2m│&amp#27;[0;39m &amp#27;[35m[           main]&amp#27;[0;39m &amp#27;[32mbinding parameter (7:VARCHAR) <- [PORTADA]&amp#27;[0;39m
&amp#27;[2m15:45:43.624&amp#27;[0;39m &amp#27;[32mSQL  ▶&amp#27;[0;39m &amp#27;[2m│&amp#27;[0;39m &amp#27;[35m[           main]&amp#27;[0;39m &amp#27;[32mbinding parameter (8:TIMESTAMP) <- [2026-02-26T15:45:43.620901200]&amp#27;[0;39m
&amp#27;[2m15:45:43.626&amp#27;[0;39m &amp#27;[32mSQL  ▶&amp#27;[0;39m &amp#27;[2m│&amp#27;[0;39m &amp#27;[35m[           main]&amp#27;[0;39m &amp#27;[32m
    insert 
    into
        "lamina"
        ("is_active", "album_id", "created_at", "fecha_lanzamiento", "imagen", "nombre", "tipo_lamina", "updated_at", "id") 
    values
        (?, ?, ?, ?, ?, ?, ?, ?, default)&amp#27;[0;39m
Hibernate: 
    insert 
    into
        "lamina"
        ("is_active", "album_id", "created_at", "fecha_lanzamiento", "imagen", "nombre", "tipo_lamina", "updated_at", "id") 
    values
        (?, ?, ?, ?, ?, ?, ?, ?, default)
&amp#27;[2m15:45:43.626&amp#27;[0;39m &amp#27;[32mSQL  ▶&amp#27;[0;39m &amp#27;[2m│&amp#27;[0;39m &amp#27;[35m[           main]&amp#27;[0;39m &amp#27;[32mbinding parameter (1:BOOLEAN) <- [true]&amp#27;[0;39m
&amp#27;[2m15:45:43.626&amp#27;[0;39m &amp#27;[32mSQL  ▶&amp#27;[0;39m &amp#27;[2m│&amp#27;[0;39m &amp#27;[35m[           main]&amp#27;[0;39m &amp#27;[32mbinding parameter (2:BIGINT) <- [1]&amp#27;[0;39m
&amp#27;[2m15:45:43.626&amp#27;[0;39m &amp#27;[32mSQL  ▶&amp#27;[0;39m &amp#27;[2m│&amp#27;[0;39m &amp#27;[35m[           main]&amp#27;[0;39m &amp#27;[32mbinding parameter (3:TIMESTAMP) <- [2026-02-26T15:45:43.625899900]&amp#27;[0;39m
&amp#27;[2m15:45:43.626&amp#27;[0;39m &amp#27;[32mSQL  ▶&amp#27;[0;39m &amp#27;[2m│&amp#27;[0;39m &amp#27;[35m[           main]&amp#27;[0;39m &amp#27;[32mbinding parameter (4:DATE) <- [1986-01-01]&amp#27;[0;39m
&amp#27;[2m15:45:43.626&amp#27;[0;39m &amp#27;[32mSQL  ▶&amp#27;[0;39m &amp#27;[2m│&amp#27;[0;39m &amp#27;[35m[           main]&amp#27;[0;39m &amp#27;[32mbinding parameter (5:VARCHAR) <- [https://images.unsplash.com/photo-1617637881555-eae2ba6ee46f?w=400]&amp#27;[0;39m
&amp#27;[2m15:45:43.626&amp#27;[0;39m &amp#27;[32mSQL  ▶&amp#27;[0;39m &amp#27;[2m│&amp#27;[0;39m &amp#27;[35m[           main]&amp#27;[0;39m &amp#27;[32mbinding parameter (6:VARCHAR) <- [Seiya - Caballero de Pegaso]&amp#27;[0;39m
&amp#27;[2m15:45:43.626&amp#27;[0;39m &amp#27;[32mSQL  ▶&amp#27;[0;39m &amp#27;[2m│&amp#27;[0;39m &amp#27;[35m[           main]&amp#27;[0;39m &amp#27;[32mbinding parameter (7:VARCHAR) <- [PORTADA]&amp#27;[0;39m
&amp#27;[2m15:45:43.626&amp#27;[0;39m &amp#27;[32mSQL  ▶&amp#27;[0;39m &amp#27;[2m│&amp#27;[0;39m &amp#27;[35m[           main]&amp#27;[0;39m &amp#27;[32mbinding parameter (8:TIMESTAMP) <- [2026-02-26T15:45:43.625899900]&amp#27;[0;39m
&amp#27;[2m15:45:43.628&amp#27;[0;39m &amp#27;[32mSQL  ▶&amp#27;[0;39m &amp#27;[2m│&amp#27;[0;39m &amp#27;[35m[           main]&amp#27;[0;39m &amp#27;[32m
    insert 
    into
        "lamina"
        ("is_active", "album_id", "created_at", "fecha_lanzamiento", "imagen", "nombre", "tipo_lamina", "updated_at", "id") 
    values
        (?, ?, ?, ?, ?, ?, ?, ?, default)&amp#27;[0;39m
Hibernate: 
    insert 
    into
        "lamina"
        ("is_active", "album_id", "created_at", "fecha_lanzamiento", "imagen", "nombre", "tipo_lamina", "updated_at", "id") 
    values
        (?, ?, ?, ?, ?, ?, ?, ?, default)
&amp#27;[2m15:45:43.628&amp#27;[0;39m &amp#27;[32mSQL  ▶&amp#27;[0;39m &amp#27;[2m│&amp#27;[0;39m &amp#27;[35m[           main]&amp#27;[0;39m &amp#27;[32mbinding parameter (1:BOOLEAN) <- [true]&amp#27;[0;39m
&amp#27;[2m15:45:43.628&amp#27;[0;39m &amp#27;[32mSQL  ▶&amp#27;[0;39m &amp#27;[2m│&amp#27;[0;39m &amp#27;[35m[           main]&amp#27;[0;39m &amp#27;[32mbinding parameter (2:BIGINT) <- [1]&amp#27;[0;39m
&amp#27;[2m15:45:43.629&amp#27;[0;39m &amp#27;[32mSQL  ▶&amp#27;[0;39m &amp#27;[2m│&amp#27;[0;39m &amp#27;[35m[           main]&amp#27;[0;39m &amp#27;[32mbinding parameter (3:TIMESTAMP) <- [2026-02-26T15:45:43.628899600]&amp#27;[0;39m
&amp#27;[2m15:45:43.629&amp#27;[0;39m &amp#27;[32mSQL  ▶&amp#27;[0;39m &amp#27;[2m│&amp#27;[0;39m &amp#27;[35m[           main]&amp#27;[0;39m &amp#27;[32mbinding parameter (4:DATE) <- [1986-01-01]&amp#27;[0;39m
&amp#27;[2m15:45:43.629&amp#27;[0;39m &amp#27;[32mSQL  ▶&amp#27;[0;39m &amp#27;[2m│&amp#27;[0;39m &amp#27;[35m[           main]&amp#27;[0;39m &amp#27;[32mbinding parameter (5:VARCHAR) <- [https://images.unsplash.com/photo-1578322154310-cc4ecca2f5d5?w=400]&amp#27;[0;39m
&amp#27;[2m15:45:43.629&amp#27;[0;39m &amp#27;[32mSQL  ▶&amp#27;[0;39m &amp#27;[2m│&amp#27;[0;39m &amp#27;[35m[           main]&amp#27;[0;39m &amp#27;[32mbinding parameter (6:VARCHAR) <- [Armadura Dorada de Aries]&amp#27;[0;39m
&amp#27;[2m15:45:43.629&amp#27;[0;39m &amp#27;[32mSQL  ▶&amp#27;[0;39m &amp#27;[2m│&amp#27;[0;39m &amp#27;[35m[           main]&amp#27;[0;39m &amp#27;[32mbinding parameter (7:VARCHAR) <- [CONTENIDO]&amp#27;[0;39m
&amp#27;[2m15:45:43.629&amp#27;[0;39m &amp#27;[32mSQL  ▶&amp#27;[0;39m &amp#27;[2m│&amp#27;[0;39m &amp#27;[35m[           main]&amp#27;[0;39m &amp#27;[32mbinding parameter (8:TIMESTAMP) <- [2026-02-26T15:45:43.628899600]&amp#27;[0;39m
&amp#27;[2m15:45:43.630&amp#27;[0;39m &amp#27;[32mSQL  ▶&amp#27;[0;39m &amp#27;[2m│&amp#27;[0;39m &amp#27;[35m[           main]&amp#27;[0;39m &amp#27;[32m
    select
        a1_0."id",
        a1_0."is_active",
        a1_0."created_at",
        a1_0."descripcion",
        a1_0."nombre",
        a1_0."updated_at",
        a1_0."release_year",
        l1_0."album_id",
        l1_0."id",
        l1_0."is_active",
        l1_0."created_at",
        l1_0."fecha_lanzamiento",
        l1_0."imagen",
        l1_0."nombre",
        l1_0."tipo_lamina",
        l1_0."updated_at" 
    from
        "album" a1_0 
    left join
        "lamina" l1_0 
            on a1_0."id"=l1_0."album_id" 
    where
        a1_0."id"=?&amp#27;[0;39m
Hibernate: 
    select
        a1_0."id",
        a1_0."is_active",
        a1_0."created_at",
        a1_0."descripcion",
        a1_0."nombre",
        a1_0."updated_at",
        a1_0."release_year",
        l1_0."album_id",
        l1_0."id",
        l1_0."is_active",
        l1_0."created_at",
        l1_0."fecha_lanzamiento",
        l1_0."imagen",
        l1_0."nombre",
        l1_0."tipo_lamina",
        l1_0."updated_at" 
    from
        "album" a1_0 
    left join
        "lamina" l1_0 
            on a1_0."id"=l1_0."album_id" 
    where
        a1_0."id"=?
&amp#27;[2m15:45:43.631&amp#27;[0;39m &amp#27;[32mSQL  ▶&amp#27;[0;39m &amp#27;[2m│&amp#27;[0;39m &amp#27;[35m[           main]&amp#27;[0;39m &amp#27;[32mbinding parameter (1:BIGINT) <- [1]&amp#27;[0;39m
&amp#27;[2m15:45:43.633&amp#27;[0;39m &amp#27;[32mSQL  ▶&amp#27;[0;39m &amp#27;[2m│&amp#27;[0;39m &amp#27;[35m[           main]&amp#27;[0;39m &amp#27;[32m
    select
        lc1_0."album_id",
        lc1_0."id",
        lc1_0."is_active",
        lc1_0."created_at",
        lc1_0."fecha_lanzamiento",
        lc1_0."imagen",
        lc1_0."nombre",
        lc1_0."tipo_lamina",
        lc1_0."updated_at" 
    from
        "lamina_catalogo" lc1_0 
    where
        lc1_0."album_id"=?&amp#27;[0;39m
Hibernate: 
    select
        lc1_0."album_id",
        lc1_0."id",
        lc1_0."is_active",
        lc1_0."created_at",
        lc1_0."fecha_lanzamiento",
        lc1_0."imagen",
        lc1_0."nombre",
        lc1_0."tipo_lamina",
        lc1_0."updated_at" 
    from
        "lamina_catalogo" lc1_0 
    where
        lc1_0."album_id"=?
&amp#27;[2m15:45:43.634&amp#27;[0;39m &amp#27;[32mSQL  ▶&amp#27;[0;39m &amp#27;[2m│&amp#27;[0;39m &amp#27;[35m[           main]&amp#27;[0;39m &amp#27;[32mbinding parameter (1:BIGINT) <- [1]&amp#27;[0;39m
&amp#27;[2m15:45:43.637&amp#27;[0;39m &amp#27;[32mSQL  ▶&amp#27;[0;39m &amp#27;[2m│&amp#27;[0;39m &amp#27;[35m[           main]&amp#27;[0;39m &amp#27;[32m
    update
        "lamina" 
    set
        "is_active"=?,
        "album_id"=?,
        "fecha_lanzamiento"=?,
        "imagen"=?,
        "nombre"=?,
        "tipo_lamina"=?,
        "updated_at"=? 
    where
        "id"=?&amp#27;[0;39m
Hibernate: 
    update
        "lamina" 
    set
        "is_active"=?,
        "album_id"=?,
        "fecha_lanzamiento"=?,
        "imagen"=?,
        "nombre"=?,
        "tipo_lamina"=?,
        "updated_at"=? 
    where
        "id"=?
&amp#27;[2m15:45:43.637&amp#27;[0;39m &amp#27;[32mSQL  ▶&amp#27;[0;39m &amp#27;[2m│&amp#27;[0;39m &amp#27;[35m[           main]&amp#27;[0;39m &amp#27;[32mbinding parameter (1:BOOLEAN) <- [true]&amp#27;[0;39m
&amp#27;[2m15:45:43.638&amp#27;[0;39m &amp#27;[32mSQL  ▶&amp#27;[0;39m &amp#27;[2m│&amp#27;[0;39m &amp#27;[35m[           main]&amp#27;[0;39m &amp#27;[32mbinding parameter (2:BIGINT) <- [1]&amp#27;[0;39m
&amp#27;[2m15:45:43.638&amp#27;[0;39m &amp#27;[32mSQL  ▶&amp#27;[0;39m &amp#27;[2m│&amp#27;[0;39m &amp#27;[35m[           main]&amp#27;[0;39m &amp#27;[32mbinding parameter (3:DATE) <- [1986-01-01]&amp#27;[0;39m
&amp#27;[2m15:45:43.638&amp#27;[0;39m &amp#27;[32mSQL  ▶&amp#27;[0;39m &amp#27;[2m│&amp#27;[0;39m &amp#27;[35m[           main]&amp#27;[0;39m &amp#27;[32mbinding parameter (4:VARCHAR) <- [https://images.unsplash.com/photo-1617637881555-eae2ba6ee46f?w=400]&amp#27;[0;39m
&amp#27;[2m15:45:43.638&amp#27;[0;39m &amp#27;[32mSQL  ▶&amp#27;[0;39m &amp#27;[2m│&amp#27;[0;39m &amp#27;[35m[           main]&amp#27;[0;39m &amp#27;[32mbinding parameter (5:VARCHAR) <- [Seiya - Caballero de Pegaso]&amp#27;[0;39m
&amp#27;[2m15:45:43.638&amp#27;[0;39m &amp#27;[32mSQL  ▶&amp#27;[0;39m &amp#27;[2m│&amp#27;[0;39m &amp#27;[35m[           main]&amp#27;[0;39m &amp#27;[32mbinding parameter (6:VARCHAR) <- [PORTADA]&amp#27;[0;39m
&amp#27;[2m15:45:43.638&amp#27;[0;39m &amp#27;[32mSQL  ▶&amp#27;[0;39m &amp#27;[2m│&amp#27;[0;39m &amp#27;[35m[           main]&amp#27;[0;39m &amp#27;[32mbinding parameter (7:TIMESTAMP) <- [2026-02-26T15:45:43.636900800]&amp#27;[0;39m
&amp#27;[2m15:45:43.639&amp#27;[0;39m &amp#27;[32mSQL  ▶&amp#27;[0;39m &amp#27;[2m│&amp#27;[0;39m &amp#27;[35m[           main]&amp#27;[0;39m &amp#27;[32mbinding parameter (8:BIGINT) <- [1]&amp#27;[0;39m
&amp#27;[2m15:45:43.639&amp#27;[0;39m &amp#27;[32mSQL  ▶&amp#27;[0;39m &amp#27;[2m│&amp#27;[0;39m &amp#27;[35m[           main]&amp#27;[0;39m &amp#27;[32m
    update
        "album" 
    set
        "is_active"=?,
        "descripcion"=?,
        "nombre"=?,
        "updated_at"=?,
        "release_year"=? 
    where
        "id"=?&amp#27;[0;39m
Hibernate: 
    update
        "album" 
    set
        "is_active"=?,
        "descripcion"=?,
        "nombre"=?,
        "updated_at"=?,
        "release_year"=? 
    where
        "id"=?
&amp#27;[2m15:45:43.639&amp#27;[0;39m &amp#27;[32mSQL  ▶&amp#27;[0;39m &amp#27;[2m│&amp#27;[0;39m &amp#27;[35m[           main]&amp#27;[0;39m &amp#27;[32mbinding parameter (1:BOOLEAN) <- [true]&amp#27;[0;39m
&amp#27;[2m15:45:43.639&amp#27;[0;39m &amp#27;[32mSQL  ▶&amp#27;[0;39m &amp#27;[2m│&amp#27;[0;39m &amp#27;[35m[           main]&amp#27;[0;39m &amp#27;[32mbinding parameter (2:VARCHAR) <- [Manga clásico sobre guerreros que protegen a Atenea]&amp#27;[0;39m
&amp#27;[2m15:45:43.639&amp#27;[0;39m &amp#27;[32mSQL  ▶&amp#27;[0;39m &amp#27;[2m│&amp#27;[0;39m &amp#27;[35m[           main]&amp#27;[0;39m &amp#27;[32mbinding parameter (3:VARCHAR) <- [Caballeros del Zodiaco]&amp#27;[0;39m
&amp#27;[2m15:45:43.639&amp#27;[0;39m &amp#27;[32mSQL  ▶&amp#27;[0;39m &amp#27;[2m│&amp#27;[0;39m &amp#27;[35m[           main]&amp#27;[0;39m &amp#27;[32mbinding parameter (4:TIMESTAMP) <- [2026-02-26T15:45:43.636900800]&amp#27;[0;39m
&amp#27;[2m15:45:43.639&amp#27;[0;39m &amp#27;[32mSQL  ▶&amp#27;[0;39m &amp#27;[2m│&amp#27;[0;39m &amp#27;[35m[           main]&amp#27;[0;39m &amp#27;[32mbinding parameter (5:INTEGER) <- [1986]&amp#27;[0;39m
&amp#27;[2m15:45:43.639&amp#27;[0;39m &amp#27;[32mSQL  ▶&amp#27;[0;39m &amp#27;[2m│&amp#27;[0;39m &amp#27;[35m[           main]&amp#27;[0;39m &amp#27;[32mbinding parameter (6:BIGINT) <- [1]&amp#27;[0;39m
&amp#27;[2m15:45:43.640&amp#27;[0;39m &amp#27;[32mSQL  ▶&amp#27;[0;39m &amp#27;[2m│&amp#27;[0;39m &amp#27;[35m[           main]&amp#27;[0;39m &amp#27;[32m
    update
        "lamina" 
    set
        "is_active"=?,
        "album_id"=?,
        "fecha_lanzamiento"=?,
        "imagen"=?,
        "nombre"=?,
        "tipo_lamina"=?,
        "updated_at"=? 
    where
        "id"=?&amp#27;[0;39m
Hibernate: 
    update
        "lamina" 
    set
        "is_active"=?,
        "album_id"=?,
        "fecha_lanzamiento"=?,
        "imagen"=?,
        "nombre"=?,
        "tipo_lamina"=?,
        "updated_at"=? 
    where
        "id"=?
&amp#27;[2m15:45:43.640&amp#27;[0;39m &amp#27;[32mSQL  ▶&amp#27;[0;39m &amp#27;[2m│&amp#27;[0;39m &amp#27;[35m[           main]&amp#27;[0;39m &amp#27;[32mbinding parameter (1:BOOLEAN) <- [true]&amp#27;[0;39m
&amp#27;[2m15:45:43.640&amp#27;[0;39m &amp#27;[32mSQL  ▶&amp#27;[0;39m &amp#27;[2m│&amp#27;[0;39m &amp#27;[35m[           main]&amp#27;[0;39m &amp#27;[32mbinding parameter (2:BIGINT) <- [1]&amp#27;[0;39m
&amp#27;[2m15:45:43.640&amp#27;[0;39m &amp#27;[32mSQL  ▶&amp#27;[0;39m &amp#27;[2m│&amp#27;[0;39m &amp#27;[35m[           main]&amp#27;[0;39m &amp#27;[32mbinding parameter (3:DATE) <- [1986-01-01]&amp#27;[0;39m
&amp#27;[2m15:45:43.640&amp#27;[0;39m &amp#27;[32mSQL  ▶&amp#27;[0;39m &amp#27;[2m│&amp#27;[0;39m &amp#27;[35m[           main]&amp#27;[0;39m &amp#27;[32mbinding parameter (4:VARCHAR) <- [https://images.unsplash.com/photo-1617637881555-eae2ba6ee46f?w=400]&amp#27;[0;39m
&amp#27;[2m15:45:43.640&amp#27;[0;39m &amp#27;[32mSQL  ▶&amp#27;[0;39m &amp#27;[2m│&amp#27;[0;39m &amp#27;[35m[           main]&amp#27;[0;39m &amp#27;[32mbinding parameter (5:VARCHAR) <- [Seiya - Caballero de Pegaso]&amp#27;[0;39m
&amp#27;[2m15:45:43.640&amp#27;[0;39m &amp#27;[32mSQL  ▶&amp#27;[0;39m &amp#27;[2m│&amp#27;[0;39m &amp#27;[35m[           main]&amp#27;[0;39m &amp#27;[32mbinding parameter (6:VARCHAR) <- [PORTADA]&amp#27;[0;39m
&amp#27;[2m15:45:43.641&amp#27;[0;39m &amp#27;[32mSQL  ▶&amp#27;[0;39m &amp#27;[2m│&amp#27;[0;39m &amp#27;[35m[           main]&amp#27;[0;39m &amp#27;[32mbinding parameter (7:TIMESTAMP) <- [2026-02-26T15:45:43.636900800]&amp#27;[0;39m
&amp#27;[2m15:45:43.641&amp#27;[0;39m &amp#27;[32mSQL  ▶&amp#27;[0;39m &amp#27;[2m│&amp#27;[0;39m &amp#27;[35m[           main]&amp#27;[0;39m &amp#27;[32mbinding parameter (8:BIGINT) <- [2]&amp#27;[0;39m
&amp#27;[2m15:45:43.641&amp#27;[0;39m &amp#27;[32mSQL  ▶&amp#27;[0;39m &amp#27;[2m│&amp#27;[0;39m &amp#27;[35m[           main]&amp#27;[0;39m &amp#27;[32m
    update
        "lamina" 
    set
        "is_active"=?,
        "album_id"=?,
        "fecha_lanzamiento"=?,
        "imagen"=?,
        "nombre"=?,
        "tipo_lamina"=?,
        "updated_at"=? 
    where
        "id"=?&amp#27;[0;39m
Hibernate: 
    update
        "lamina" 
    set
        "is_active"=?,
        "album_id"=?,
        "fecha_lanzamiento"=?,
        "imagen"=?,
        "nombre"=?,
        "tipo_lamina"=?,
        "updated_at"=? 
    where
        "id"=?
&amp#27;[2m15:45:43.641&amp#27;[0;39m &amp#27;[32mSQL  ▶&amp#27;[0;39m &amp#27;[2m│&amp#27;[0;39m &amp#27;[35m[           main]&amp#27;[0;39m &amp#27;[32mbinding parameter (1:BOOLEAN) <- [true]&amp#27;[0;39m
&amp#27;[2m15:45:43.641&amp#27;[0;39m &amp#27;[32mSQL  ▶&amp#27;[0;39m &amp#27;[2m│&amp#27;[0;39m &amp#27;[35m[           main]&amp#27;[0;39m &amp#27;[32mbinding parameter (2:BIGINT) <- [1]&amp#27;[0;39m
&amp#27;[2m15:45:43.641&amp#27;[0;39m &amp#27;[32mSQL  ▶&amp#27;[0;39m &amp#27;[2m│&amp#27;[0;39m &amp#27;[35m[           main]&amp#27;[0;39m &amp#27;[32mbinding parameter (3:DATE) <- [1986-01-01]&amp#27;[0;39m
&amp#27;[2m15:45:43.642&amp#27;[0;39m &amp#27;[32mSQL  ▶&amp#27;[0;39m &amp#27;[2m│&amp#27;[0;39m &amp#27;[35m[           main]&amp#27;[0;39m &amp#27;[32mbinding parameter (4:VARCHAR) <- [https://images.unsplash.com/photo-1578322154310-cc4ecca2f5d5?w=400]&amp#27;[0;39m
&amp#27;[2m15:45:43.642&amp#27;[0;39m &amp#27;[32mSQL  ▶&amp#27;[0;39m &amp#27;[2m│&amp#27;[0;39m &amp#27;[35m[           main]&amp#27;[0;39m &amp#27;[32mbinding parameter (5:VARCHAR) <- [Armadura Dorada de Aries]&amp#27;[0;39m
&amp#27;[2m15:45:43.642&amp#27;[0;39m &amp#27;[32mSQL  ▶&amp#27;[0;39m &amp#27;[2m│&amp#27;[0;39m &amp#27;[35m[           main]&amp#27;[0;39m &amp#27;[32mbinding parameter (6:VARCHAR) <- [CONTENIDO]&amp#27;[0;39m
&amp#27;[2m15:45:43.642&amp#27;[0;39m &amp#27;[32mSQL  ▶&amp#27;[0;39m &amp#27;[2m│&amp#27;[0;39m &amp#27;[35m[           main]&amp#27;[0;39m &amp#27;[32mbinding parameter (7:TIMESTAMP) <- [2026-02-26T15:45:43.636900800]&amp#27;[0;39m
&amp#27;[2m15:45:43.642&amp#27;[0;39m &amp#27;[32mSQL  ▶&amp#27;[0;39m &amp#27;[2m│&amp#27;[0;39m &amp#27;[35m[           main]&amp#27;[0;39m &amp#27;[32mbinding parameter (8:BIGINT) <- [3]&amp#27;[0;39m
&amp#27;[2m15:45:43.642&amp#27;[0;39m &amp#27;[32mSQL  ▶&amp#27;[0;39m &amp#27;[2m│&amp#27;[0;39m &amp#27;[35m[           main]&amp#27;[0;39m &amp#27;[32m
    update
        "lamina_catalogo" 
    set
        "is_active"=?,
        "album_id"=?,
        "fecha_lanzamiento"=?,
        "imagen"=?,
        "nombre"=?,
        "tipo_lamina"=?,
        "updated_at"=? 
    where
        "id"=?&amp#27;[0;39m
Hibernate: 
    update
        "lamina_catalogo" 
    set
        "is_active"=?,
        "album_id"=?,
        "fecha_lanzamiento"=?,
        "imagen"=?,
        "nombre"=?,
        "tipo_lamina"=?,
        "updated_at"=? 
    where
        "id"=?
&amp#27;[2m15:45:43.643&amp#27;[0;39m &amp#27;[32mSQL  ▶&amp#27;[0;39m &amp#27;[2m│&amp#27;[0;39m &amp#27;[35m[           main]&amp#27;[0;39m &amp#27;[32mbinding parameter (1:BOOLEAN) <- [true]&amp#27;[0;39m
&amp#27;[2m15:45:43.643&amp#27;[0;39m &amp#27;[32mSQL  ▶&amp#27;[0;39m &amp#27;[2m│&amp#27;[0;39m &amp#27;[35m[           main]&amp#27;[0;39m &amp#27;[32mbinding parameter (2:BIGINT) <- [1]&amp#27;[0;39m
&amp#27;[2m15:45:43.643&amp#27;[0;39m &amp#27;[32mSQL  ▶&amp#27;[0;39m &amp#27;[2m│&amp#27;[0;39m &amp#27;[35m[           main]&amp#27;[0;39m &amp#27;[32mbinding parameter (3:DATE) <- [1986-01-01]&amp#27;[0;39m
&amp#27;[2m15:45:43.643&amp#27;[0;39m &amp#27;[32mSQL  ▶&amp#27;[0;39m &amp#27;[2m│&amp#27;[0;39m &amp#27;[35m[           main]&amp#27;[0;39m &amp#27;[32mbinding parameter (4:VARCHAR) <- [https://images.unsplash.com/photo-1617637881555-eae2ba6ee46f?w=400]&amp#27;[0;39m
&amp#27;[2m15:45:43.643&amp#27;[0;39m &amp#27;[32mSQL  ▶&amp#27;[0;39m &amp#27;[2m│&amp#27;[0;39m &amp#27;[35m[           main]&amp#27;[0;39m &amp#27;[32mbinding parameter (5:VARCHAR) <- [Seiya - Caballero de Pegaso]&amp#27;[0;39m
&amp#27;[2m15:45:43.643&amp#27;[0;39m &amp#27;[32mSQL  ▶&amp#27;[0;39m &amp#27;[2m│&amp#27;[0;39m &amp#27;[35m[           main]&amp#27;[0;39m &amp#27;[32mbinding parameter (6:VARCHAR) <- [PORTADA]&amp#27;[0;39m
&amp#27;[2m15:45:43.643&amp#27;[0;39m &amp#27;[32mSQL  ▶&amp#27;[0;39m &amp#27;[2m│&amp#27;[0;39m &amp#27;[35m[           main]&amp#27;[0;39m &amp#27;[32mbinding parameter (7:TIMESTAMP) <- [2026-02-26T15:45:43.637901800]&amp#27;[0;39m
&amp#27;[2m15:45:43.643&amp#27;[0;39m &amp#27;[32mSQL  ▶&amp#27;[0;39m &amp#27;[2m│&amp#27;[0;39m &amp#27;[35m[           main]&amp#27;[0;39m &amp#27;[32mbinding parameter (8:BIGINT) <- [1]&amp#27;[0;39m
&amp#27;[2m15:45:43.644&amp#27;[0;39m &amp#27;[32mSQL  ▶&amp#27;[0;39m &amp#27;[2m│&amp#27;[0;39m &amp#27;[35m[           main]&amp#27;[0;39m &amp#27;[32m
    update
        "lamina_catalogo" 
    set
        "is_active"=?,
        "album_id"=?,
        "fecha_lanzamiento"=?,
        "imagen"=?,
        "nombre"=?,
        "tipo_lamina"=?,
        "updated_at"=? 
    where
        "id"=?&amp#27;[0;39m
Hibernate: 
    update
        "lamina_catalogo" 
    set
        "is_active"=?,
        "album_id"=?,
        "fecha_lanzamiento"=?,
        "imagen"=?,
        "nombre"=?,
        "tipo_lamina"=?,
        "updated_at"=? 
    where
        "id"=?
&amp#27;[2m15:45:43.644&amp#27;[0;39m &amp#27;[32mSQL  ▶&amp#27;[0;39m &amp#27;[2m│&amp#27;[0;39m &amp#27;[35m[           main]&amp#27;[0;39m &amp#27;[32mbinding parameter (1:BOOLEAN) <- [true]&amp#27;[0;39m
&amp#27;[2m15:45:43.644&amp#27;[0;39m &amp#27;[32mSQL  ▶&amp#27;[0;39m &amp#27;[2m│&amp#27;[0;39m &amp#27;[35m[           main]&amp#27;[0;39m &amp#27;[32mbinding parameter (2:BIGINT) <- [1]&amp#27;[0;39m
&amp#27;[2m15:45:43.644&amp#27;[0;39m &amp#27;[32mSQL  ▶&amp#27;[0;39m &amp#27;[2m│&amp#27;[0;39m &amp#27;[35m[           main]&amp#27;[0;39m &amp#27;[32mbinding parameter (3:DATE) <- [1986-01-01]&amp#27;[0;39m
&amp#27;[2m15:45:43.644&amp#27;[0;39m &amp#27;[32mSQL  ▶&amp#27;[0;39m &amp#27;[2m│&amp#27;[0;39m &amp#27;[35m[           main]&amp#27;[0;39m &amp#27;[32mbinding parameter (4:VARCHAR) <- [https://images.unsplash.com/photo-1607084591413-25427a3d4d12?w=400]&amp#27;[0;39m
&amp#27;[2m15:45:43.645&amp#27;[0;39m &amp#27;[32mSQL  ▶&amp#27;[0;39m &amp#27;[2m│&amp#27;[0;39m &amp#27;[35m[           main]&amp#27;[0;39m &amp#27;[32mbinding parameter (5:VARCHAR) <- [Batalla contra Hades]&amp#27;[0;39m
&amp#27;[2m15:45:43.645&amp#27;[0;39m &amp#27;[32mSQL  ▶&amp#27;[0;39m &amp#27;[2m│&amp#27;[0;39m &amp#27;[35m[           main]&amp#27;[0;39m &amp#27;[32mbinding parameter (6:VARCHAR) <- [CONTENIDO]&amp#27;[0;39m
&amp#27;[2m15:45:43.645&amp#27;[0;39m &amp#27;[32mSQL  ▶&amp#27;[0;39m &amp#27;[2m│&amp#27;[0;39m &amp#27;[35m[           main]&amp#27;[0;39m &amp#27;[32mbinding parameter (7:TIMESTAMP) <- [2026-02-26T15:45:43.637901800]&amp#27;[0;39m
&amp#27;[2m15:45:43.645&amp#27;[0;39m &amp#27;[32mSQL  ▶&amp#27;[0;39m &amp#27;[2m│&amp#27;[0;39m &amp#27;[35m[           main]&amp#27;[0;39m &amp#27;[32mbinding parameter (8:BIGINT) <- [3]&amp#27;[0;39m
&amp#27;[2m15:45:43.715&amp#27;[0;39m &amp#27;[32mSQL  ▶&amp#27;[0;39m &amp#27;[2m│&amp#27;[0;39m &amp#27;[35m[           main]&amp#27;[0;39m &amp#27;[32m
    select
        l1_0."id",
        l1_0."is_active",
        l1_0."album_id",
        l1_0."created_at",
        l1_0."fecha_lanzamiento",
        l1_0."imagen",
        l1_0."nombre",
        l1_0."tipo_lamina",
        l1_0."updated_at" 
    from
        "lamina" l1_0 
    where
        l1_0."album_id"=? 
        and l1_0."nombre"=? 
        and l1_0."is_active"&amp#27;[0;39m
Hibernate: 
    select
        l1_0."id",
        l1_0."is_active",
        l1_0."album_id",
        l1_0."created_at",
        l1_0."fecha_lanzamiento",
        l1_0."imagen",
        l1_0."nombre",
        l1_0."tipo_lamina",
        l1_0."updated_at" 
    from
        "lamina" l1_0 
    where
        l1_0."album_id"=? 
        and l1_0."nombre"=? 
        and l1_0."is_active"
&amp#27;[2m15:45:43.717&amp#27;[0;39m &amp#27;[32mSQL  ▶&amp#27;[0;39m &amp#27;[2m│&amp#27;[0;39m &amp#27;[35m[           main]&amp#27;[0;39m &amp#27;[32mbinding parameter (1:BIGINT) <- [1]&amp#27;[0;39m
&amp#27;[2m15:45:43.717&amp#27;[0;39m &amp#27;[32mSQL  ▶&amp#27;[0;39m &amp#27;[2m│&amp#27;[0;39m &amp#27;[35m[           main]&amp#27;[0;39m &amp#27;[32mbinding parameter (2:VARCHAR) <- [Seiya - Caballero de Pegaso]&amp#27;[0;39m
&amp#27;[2m15:45:43.718&amp#27;[0;39m &amp#27;[32mSQL  ▶&amp#27;[0;39m &amp#27;[2m│&amp#27;[0;39m &amp#27;[35m[           main]&amp#27;[0;39m &amp#27;[32m
    select
        a1_0."id",
        a1_0."is_active",
        a1_0."created_at",
        a1_0."descripcion",
        a1_0."nombre",
        a1_0."updated_at",
        a1_0."release_year" 
    from
        "album" a1_0 
    where
        a1_0."id"=?&amp#27;[0;39m
Hibernate: 
    select
        a1_0."id",
        a1_0."is_active",
        a1_0."created_at",
        a1_0."descripcion",
        a1_0."nombre",
        a1_0."updated_at",
        a1_0."release_year" 
    from
        "album" a1_0 
    where
        a1_0."id"=?
&amp#27;[2m15:45:43.718&amp#27;[0;39m &amp#27;[32mSQL  ▶&amp#27;[0;39m &amp#27;[2m│&amp#27;[0;39m &amp#27;[35m[           main]&amp#27;[0;39m &amp#27;[32mbinding parameter (1:BIGINT) <- [1]&amp#27;[0;39m
&amp#27;[2m15:45:43.722&amp#27;[0;39m &amp#27;[32mSQL  ▶&amp#27;[0;39m &amp#27;[2m│&amp#27;[0;39m &amp#27;[35m[           main]&amp#27;[0;39m &amp#27;[32m
    select
        l1_0."id",
        l1_0."is_active",
        l1_0."album_id",
        l1_0."created_at",
        l1_0."fecha_lanzamiento",
        l1_0."imagen",
        l1_0."nombre",
        l1_0."tipo_lamina",
        l1_0."updated_at" 
    from
        "lamina" l1_0 
    where
        l1_0."album_id"=? 
        and l1_0."nombre"=? 
        and l1_0."is_active"&amp#27;[0;39m
Hibernate: 
    select
        l1_0."id",
        l1_0."is_active",
        l1_0."album_id",
        l1_0."created_at",
        l1_0."fecha_lanzamiento",
        l1_0."imagen",
        l1_0."nombre",
        l1_0."tipo_lamina",
        l1_0."updated_at" 
    from
        "lamina" l1_0 
    where
        l1_0."album_id"=? 
        and l1_0."nombre"=? 
        and l1_0."is_active"
&amp#27;[2m15:45:43.722&amp#27;[0;39m &amp#27;[32mSQL  ▶&amp#27;[0;39m &amp#27;[2m│&amp#27;[0;39m &amp#27;[35m[           main]&amp#27;[0;39m &amp#27;[32mbinding parameter (1:BIGINT) <- [1]&amp#27;[0;39m
&amp#27;[2m15:45:43.722&amp#27;[0;39m &amp#27;[32mSQL  ▶&amp#27;[0;39m &amp#27;[2m│&amp#27;[0;39m &amp#27;[35m[           main]&amp#27;[0;39m &amp#27;[32mbinding parameter (2:VARCHAR) <- [Armadura Dorada de Aries]&amp#27;[0;39m
&amp#27;[2m15:45:43.723&amp#27;[0;39m &amp#27;[32mSQL  ▶&amp#27;[0;39m &amp#27;[2m│&amp#27;[0;39m &amp#27;[35m[           main]&amp#27;[0;39m &amp#27;[32m
    select
        a1_0."id",
        a1_0."is_active",
        a1_0."created_at",
        a1_0."descripcion",
        a1_0."nombre",
        a1_0."updated_at",
        a1_0."release_year" 
    from
        "album" a1_0 
    where
        a1_0."id"=?&amp#27;[0;39m
Hibernate: 
    select
        a1_0."id",
        a1_0."is_active",
        a1_0."created_at",
        a1_0."descripcion",
        a1_0."nombre",
        a1_0."updated_at",
        a1_0."release_year" 
    from
        "album" a1_0 
    where
        a1_0."id"=?
&amp#27;[2m15:45:43.723&amp#27;[0;39m &amp#27;[32mSQL  ▶&amp#27;[0;39m &amp#27;[2m│&amp#27;[0;39m &amp#27;[35m[           main]&amp#27;[0;39m &amp#27;[32mbinding parameter (1:BIGINT) <- [1]&amp#27;[0;39m
&amp#27;[2m15:45:43.725&amp#27;[0;39m &amp#27;[32mSQL  ▶&amp#27;[0;39m &amp#27;[2m│&amp#27;[0;39m &amp#27;[35m[           main]&amp#27;[0;39m &amp#27;[32m
    select
        l1_0."id",
        l1_0."is_active",
        l1_0."album_id",
        l1_0."created_at",
        l1_0."fecha_lanzamiento",
        l1_0."imagen",
        l1_0."nombre",
        l1_0."tipo_lamina",
        l1_0."updated_at" 
    from
        "lamina" l1_0 
    where
        l1_0."album_id"=? 
        and l1_0."nombre"=? 
        and l1_0."is_active"&amp#27;[0;39m
Hibernate: 
    select
        l1_0."id",
        l1_0."is_active",
        l1_0."album_id",
        l1_0."created_at",
        l1_0."fecha_lanzamiento",
        l1_0."imagen",
        l1_0."nombre",
        l1_0."tipo_lamina",
        l1_0."updated_at" 
    from
        "lamina" l1_0 
    where
        l1_0."album_id"=? 
        and l1_0."nombre"=? 
        and l1_0."is_active"
&amp#27;[2m15:45:43.726&amp#27;[0;39m &amp#27;[32mSQL  ▶&amp#27;[0;39m &amp#27;[2m│&amp#27;[0;39m &amp#27;[35m[           main]&amp#27;[0;39m &amp#27;[32mbinding parameter (1:BIGINT) <- [1]&amp#27;[0;39m
&amp#27;[2m15:45:43.726&amp#27;[0;39m &amp#27;[32mSQL  ▶&amp#27;[0;39m &amp#27;[2m│&amp#27;[0;39m &amp#27;[35m[           main]&amp#27;[0;39m &amp#27;[32mbinding parameter (2:VARCHAR) <- [Batalla contra Hades]&amp#27;[0;39m
&amp#27;[2m15:45:43.727&amp#27;[0;39m &amp#27;[32mSQL  ▶&amp#27;[0;39m &amp#27;[2m│&amp#27;[0;39m &amp#27;[35m[           main]&amp#27;[0;39m &amp#27;[32m
    insert 
    into
        "lamina"
        ("is_active", "album_id", "created_at", "fecha_lanzamiento", "imagen", "nombre", "tipo_lamina", "updated_at", "id") 
    values
        (?, ?, ?, ?, ?, ?, ?, ?, default)&amp#27;[0;39m
Hibernate: 
    insert 
    into
        "lamina"
        ("is_active", "album_id", "created_at", "fecha_lanzamiento", "imagen", "nombre", "tipo_lamina", "updated_at", "id") 
    values
        (?, ?, ?, ?, ?, ?, ?, ?, default)
&amp#27;[2m15:45:43.727&amp#27;[0;39m &amp#27;[32mSQL  ▶&amp#27;[0;39m &amp#27;[2m│&amp#27;[0;39m &amp#27;[35m[           main]&amp#27;[0;39m &amp#27;[32mbinding parameter (1:BOOLEAN) <- [true]&amp#27;[0;39m
&amp#27;[2m15:45:43.727&amp#27;[0;39m &amp#27;[32mSQL  ▶&amp#27;[0;39m &amp#27;[2m│&amp#27;[0;39m &amp#27;[35m[           main]&amp#27;[0;39m &amp#27;[32mbinding parameter (2:BIGINT) <- [1]&amp#27;[0;39m
&amp#27;[2m15:45:43.727&amp#27;[0;39m &amp#27;[32mSQL  ▶&amp#27;[0;39m &amp#27;[2m│&amp#27;[0;39m &amp#27;[35m[           main]&amp#27;[0;39m &amp#27;[32mbinding parameter (3:TIMESTAMP) <- [2026-02-26T15:45:43.727134800]&amp#27;[0;39m
&amp#27;[2m15:45:43.727&amp#27;[0;39m &amp#27;[32mSQL  ▶&amp#27;[0;39m &amp#27;[2m│&amp#27;[0;39m &amp#27;[35m[           main]&amp#27;[0;39m &amp#27;[32mbinding parameter (4:DATE) <- [1986-01-01]&amp#27;[0;39m
&amp#27;[2m15:45:43.728&amp#27;[0;39m &amp#27;[32mSQL  ▶&amp#27;[0;39m &amp#27;[2m│&amp#27;[0;39m &amp#27;[35m[           main]&amp#27;[0;39m &amp#27;[32mbinding parameter (5:VARCHAR) <- [https://images.unsplash.com/photo-1607084591413-25427a3d4d12?w=400]&amp#27;[0;39m
&amp#27;[2m15:45:43.728&amp#27;[0;39m &amp#27;[32mSQL  ▶&amp#27;[0;39m &amp#27;[2m│&amp#27;[0;39m &amp#27;[35m[           main]&amp#27;[0;39m &amp#27;[32mbinding parameter (6:VARCHAR) <- [Batalla contra Hades]&amp#27;[0;39m
&amp#27;[2m15:45:43.728&amp#27;[0;39m &amp#27;[32mSQL  ▶&amp#27;[0;39m &amp#27;[2m│&amp#27;[0;39m &amp#27;[35m[           main]&amp#27;[0;39m &amp#27;[32mbinding parameter (7:VARCHAR) <- [CONTENIDO]&amp#27;[0;39m
&amp#27;[2m15:45:43.728&amp#27;[0;39m &amp#27;[32mSQL  ▶&amp#27;[0;39m &amp#27;[2m│&amp#27;[0;39m &amp#27;[35m[           main]&amp#27;[0;39m &amp#27;[32mbinding parameter (8:TIMESTAMP) <- [2026-02-26T15:45:43.727134800]&amp#27;[0;39m
&amp#27;[2m15:45:43.730&amp#27;[0;39m &amp#27;[32mSQL  ▶&amp#27;[0;39m &amp#27;[2m│&amp#27;[0;39m &amp#27;[35m[           main]&amp#27;[0;39m &amp#27;[32m
    select
        a1_0."id",
        a1_0."is_active",
        a1_0."created_at",
        a1_0."descripcion",
        a1_0."nombre",
        a1_0."updated_at",
        a1_0."release_year",
        l1_0."album_id",
        l1_0."id",
        l1_0."is_active",
        l1_0."created_at",
        l1_0."fecha_lanzamiento",
        l1_0."imagen",
        l1_0."nombre",
        l1_0."tipo_lamina",
        l1_0."updated_at" 
    from
        "album" a1_0 
    left join
        "lamina" l1_0 
            on a1_0."id"=l1_0."album_id" 
    where
        a1_0."id"=?&amp#27;[0;39m
Hibernate: 
    select
        a1_0."id",
        a1_0."is_active",
        a1_0."created_at",
        a1_0."descripcion",
        a1_0."nombre",
        a1_0."updated_at",
        a1_0."release_year",
        l1_0."album_id",
        l1_0."id",
        l1_0."is_active",
        l1_0."created_at",
        l1_0."fecha_lanzamiento",
        l1_0."imagen",
        l1_0."nombre",
        l1_0."tipo_lamina",
        l1_0."updated_at" 
    from
        "album" a1_0 
    left join
        "lamina" l1_0 
            on a1_0."id"=l1_0."album_id" 
    where
        a1_0."id"=?
&amp#27;[2m15:45:43.730&amp#27;[0;39m &amp#27;[32mSQL  ▶&amp#27;[0;39m &amp#27;[2m│&amp#27;[0;39m &amp#27;[35m[           main]&amp#27;[0;39m &amp#27;[32mbinding parameter (1:BIGINT) <- [1]&amp#27;[0;39m
&amp#27;[2m15:45:43.731&amp#27;[0;39m &amp#27;[32mSQL  ▶&amp#27;[0;39m &amp#27;[2m│&amp#27;[0;39m &amp#27;[35m[           main]&amp#27;[0;39m &amp#27;[32m
    select
        lc1_0."album_id",
        lc1_0."id",
        lc1_0."is_active",
        lc1_0."created_at",
        lc1_0."fecha_lanzamiento",
        lc1_0."imagen",
        lc1_0."nombre",
        lc1_0."tipo_lamina",
        lc1_0."updated_at" 
    from
        "lamina_catalogo" lc1_0 
    where
        lc1_0."album_id"=?&amp#27;[0;39m
Hibernate: 
    select
        lc1_0."album_id",
        lc1_0."id",
        lc1_0."is_active",
        lc1_0."created_at",
        lc1_0."fecha_lanzamiento",
        lc1_0."imagen",
        lc1_0."nombre",
        lc1_0."tipo_lamina",
        lc1_0."updated_at" 
    from
        "lamina_catalogo" lc1_0 
    where
        lc1_0."album_id"=?
&amp#27;[2m15:45:43.731&amp#27;[0;39m &amp#27;[32mSQL  ▶&amp#27;[0;39m &amp#27;[2m│&amp#27;[0;39m &amp#27;[35m[           main]&amp#27;[0;39m &amp#27;[32mbinding parameter (1:BIGINT) <- [1]&amp#27;[0;39m
&amp#27;[2m15:45:43.734&amp#27;[0;39m &amp#27;[32mSQL  ▶&amp#27;[0;39m &amp#27;[2m│&amp#27;[0;39m &amp#27;[35m[           main]&amp#27;[0;39m &amp#27;[32m
    update
        "lamina" 
    set
        "is_active"=?,
        "album_id"=?,
        "fecha_lanzamiento"=?,
        "imagen"=?,
        "nombre"=?,
        "tipo_lamina"=?,
        "updated_at"=? 
    where
        "id"=?&amp#27;[0;39m
Hibernate: 
    update
        "lamina" 
    set
        "is_active"=?,
        "album_id"=?,
        "fecha_lanzamiento"=?,
        "imagen"=?,
        "nombre"=?,
        "tipo_lamina"=?,
        "updated_at"=? 
    where
        "id"=?
&amp#27;[2m15:45:43.734&amp#27;[0;39m &amp#27;[32mSQL  ▶&amp#27;[0;39m &amp#27;[2m│&amp#27;[0;39m &amp#27;[35m[           main]&amp#27;[0;39m &amp#27;[32mbinding parameter (1:BOOLEAN) <- [true]&amp#27;[0;39m
&amp#27;[2m15:45:43.734&amp#27;[0;39m &amp#27;[32mSQL  ▶&amp#27;[0;39m &amp#27;[2m│&amp#27;[0;39m &amp#27;[35m[           main]&amp#27;[0;39m &amp#27;[32mbinding parameter (2:BIGINT) <- [1]&amp#27;[0;39m
&amp#27;[2m15:45:43.734&amp#27;[0;39m &amp#27;[32mSQL  ▶&amp#27;[0;39m &amp#27;[2m│&amp#27;[0;39m &amp#27;[35m[           main]&amp#27;[0;39m &amp#27;[32mbinding parameter (3:DATE) <- [1986-01-01]&amp#27;[0;39m
&amp#27;[2m15:45:43.735&amp#27;[0;39m &amp#27;[32mSQL  ▶&amp#27;[0;39m &amp#27;[2m│&amp#27;[0;39m &amp#27;[35m[           main]&amp#27;[0;39m &amp#27;[32mbinding parameter (4:VARCHAR) <- [https://images.unsplash.com/photo-1617637881555-eae2ba6ee46f?w=400]&amp#27;[0;39m
&amp#27;[2m15:45:43.735&amp#27;[0;39m &amp#27;[32mSQL  ▶&amp#27;[0;39m &amp#27;[2m│&amp#27;[0;39m &amp#27;[35m[           main]&amp#27;[0;39m &amp#27;[32mbinding parameter (5:VARCHAR) <- [Seiya - Caballero de Pegaso]&amp#27;[0;39m
&amp#27;[2m15:45:43.735&amp#27;[0;39m &amp#27;[32mSQL  ▶&amp#27;[0;39m &amp#27;[2m│&amp#27;[0;39m &amp#27;[35m[           main]&amp#27;[0;39m &amp#27;[32mbinding parameter (6:VARCHAR) <- [PORTADA]&amp#27;[0;39m
&amp#27;[2m15:45:43.735&amp#27;[0;39m &amp#27;[32mSQL  ▶&amp#27;[0;39m &amp#27;[2m│&amp#27;[0;39m &amp#27;[35m[           main]&amp#27;[0;39m &amp#27;[32mbinding parameter (7:TIMESTAMP) <- [2026-02-26T15:45:43.733135]&amp#27;[0;39m
&amp#27;[2m15:45:43.735&amp#27;[0;39m &amp#27;[32mSQL  ▶&amp#27;[0;39m &amp#27;[2m│&amp#27;[0;39m &amp#27;[35m[           main]&amp#27;[0;39m &amp#27;[32mbinding parameter (8:BIGINT) <- [1]&amp#27;[0;39m
&amp#27;[2m15:45:43.735&amp#27;[0;39m &amp#27;[32mSQL  ▶&amp#27;[0;39m &amp#27;[2m│&amp#27;[0;39m &amp#27;[35m[           main]&amp#27;[0;39m &amp#27;[32m
    update
        "album" 
    set
        "is_active"=?,
        "descripcion"=?,
        "nombre"=?,
        "updated_at"=?,
        "release_year"=? 
    where
        "id"=?&amp#27;[0;39m
Hibernate: 
    update
        "album" 
    set
        "is_active"=?,
        "descripcion"=?,
        "nombre"=?,
        "updated_at"=?,
        "release_year"=? 
    where
        "id"=?
&amp#27;[2m15:45:43.736&amp#27;[0;39m &amp#27;[32mSQL  ▶&amp#27;[0;39m &amp#27;[2m│&amp#27;[0;39m &amp#27;[35m[           main]&amp#27;[0;39m &amp#27;[32mbinding parameter (1:BOOLEAN) <- [true]&amp#27;[0;39m
&amp#27;[2m15:45:43.736&amp#27;[0;39m &amp#27;[32mSQL  ▶&amp#27;[0;39m &amp#27;[2m│&amp#27;[0;39m &amp#27;[35m[           main]&amp#27;[0;39m &amp#27;[32mbinding parameter (2:VARCHAR) <- [Manga clásico sobre guerreros que protegen a Atenea]&amp#27;[0;39m
&amp#27;[2m15:45:43.736&amp#27;[0;39m &amp#27;[32mSQL  ▶&amp#27;[0;39m &amp#27;[2m│&amp#27;[0;39m &amp#27;[35m[           main]&amp#27;[0;39m &amp#27;[32mbinding parameter (3:VARCHAR) <- [Caballeros del Zodiaco]&amp#27;[0;39m
&amp#27;[2m15:45:43.736&amp#27;[0;39m &amp#27;[32mSQL  ▶&amp#27;[0;39m &amp#27;[2m│&amp#27;[0;39m &amp#27;[35m[           main]&amp#27;[0;39m &amp#27;[32mbinding parameter (4:TIMESTAMP) <- [2026-02-26T15:45:43.733135]&amp#27;[0;39m
&amp#27;[2m15:45:43.736&amp#27;[0;39m &amp#27;[32mSQL  ▶&amp#27;[0;39m &amp#27;[2m│&amp#27;[0;39m &amp#27;[35m[           main]&amp#27;[0;39m &amp#27;[32mbinding parameter (5:INTEGER) <- [1986]&amp#27;[0;39m
&amp#27;[2m15:45:43.736&amp#27;[0;39m &amp#27;[32mSQL  ▶&amp#27;[0;39m &amp#27;[2m│&amp#27;[0;39m &amp#27;[35m[           main]&amp#27;[0;39m &amp#27;[32mbinding parameter (6:BIGINT) <- [1]&amp#27;[0;39m
&amp#27;[2m15:45:43.736&amp#27;[0;39m &amp#27;[32mSQL  ▶&amp#27;[0;39m &amp#27;[2m│&amp#27;[0;39m &amp#27;[35m[           main]&amp#27;[0;39m &amp#27;[32m
    update
        "lamina" 
    set
        "is_active"=?,
[...]
        "updated_at"=? 
    where
        "id"=?&amp#27;[0;39m
Hibernate: 
    update
        "lamina_catalogo" 
    set
        "is_active"=?,
        "album_id"=?,
        "fecha_lanzamiento"=?,
        "imagen"=?,
        "nombre"=?,
        "tipo_lamina"=?,
        "updated_at"=? 
    where
        "id"=?
&amp#27;[2m15:45:43.945&amp#27;[0;39m &amp#27;[32mSQL  ▶&amp#27;[0;39m &amp#27;[2m│&amp#27;[0;39m &amp#27;[35m[           main]&amp#27;[0;39m &amp#27;[32mbinding parameter (1:BOOLEAN) <- [true]&amp#27;[0;39m
&amp#27;[2m15:45:43.945&amp#27;[0;39m &amp#27;[32mSQL  ▶&amp#27;[0;39m &amp#27;[2m│&amp#27;[0;39m &amp#27;[35m[           main]&amp#27;[0;39m &amp#27;[32mbinding parameter (2:BIGINT) <- [5]&amp#27;[0;39m
&amp#27;[2m15:45:43.945&amp#27;[0;39m &amp#27;[32mSQL  ▶&amp#27;[0;39m &amp#27;[2m│&amp#27;[0;39m &amp#27;[35m[           main]&amp#27;[0;39m &amp#27;[32mbinding parameter (3:DATE) <- [1997-01-01]&amp#27;[0;39m
&amp#27;[2m15:45:43.945&amp#27;[0;39m &amp#27;[32mSQL  ▶&amp#27;[0;39m &amp#27;[2m│&amp#27;[0;39m &amp#27;[35m[           main]&amp#27;[0;39m &amp#27;[32mbinding parameter (4:VARCHAR) <- [https://images.unsplash.com/photo-1633356122544-f134324ef6db?w=400]&amp#27;[0;39m
&amp#27;[2m15:45:43.945&amp#27;[0;39m &amp#27;[32mSQL  ▶&amp#27;[0;39m &amp#27;[2m│&amp#27;[0;39m &amp#27;[35m[           main]&amp#27;[0;39m &amp#27;[32mbinding parameter (5:VARCHAR) <- [Griffith - El Falcón Blanco]&amp#27;[0;39m
&amp#27;[2m15:45:43.945&amp#27;[0;39m &amp#27;[32mSQL  ▶&amp#27;[0;39m &amp#27;[2m│&amp#27;[0;39m &amp#27;[35m[           main]&amp#27;[0;39m &amp#27;[32mbinding parameter (6:VARCHAR) <- [CONTENIDO]&amp#27;[0;39m
&amp#27;[2m15:45:43.945&amp#27;[0;39m &amp#27;[32mSQL  ▶&amp#27;[0;39m &amp#27;[2m│&amp#27;[0;39m &amp#27;[35m[           main]&amp#27;[0;39m &amp#27;[32mbinding parameter (7:TIMESTAMP) <- [2026-02-26T15:45:43.940349100]&amp#27;[0;39m
&amp#27;[2m15:45:43.945&amp#27;[0;39m &amp#27;[32mSQL  ▶&amp#27;[0;39m &amp#27;[2m│&amp#27;[0;39m &amp#27;[35m[           main]&amp#27;[0;39m &amp#27;[32mbinding parameter (8:BIGINT) <- [15]&amp#27;[0;39m
&amp#27;[2m15:45:43.951&amp#27;[0;39m &amp#27;[32mSQL  ▶&amp#27;[0;39m &amp#27;[2m│&amp#27;[0;39m &amp#27;[35m[           main]&amp#27;[0;39m &amp#27;[32m
    insert 
    into
        "cancion"
        ("is_active", "artista", "created_at", "duracion", "genero", "titulo", "updated_at", "id") 
    values
        (?, ?, ?, ?, ?, ?, ?, default)&amp#27;[0;39m
Hibernate: 
    insert 
    into
        "cancion"
        ("is_active", "artista", "created_at", "duracion", "genero", "titulo", "updated_at", "id") 
    values
        (?, ?, ?, ?, ?, ?, ?, default)
&amp#27;[2m15:45:43.951&amp#27;[0;39m &amp#27;[32mSQL  ▶&amp#27;[0;39m &amp#27;[2m│&amp#27;[0;39m &amp#27;[35m[           main]&amp#27;[0;39m &amp#27;[32mbinding parameter (1:BOOLEAN) <- [true]&amp#27;[0;39m
&amp#27;[2m15:45:43.951&amp#27;[0;39m &amp#27;[32mSQL  ▶&amp#27;[0;39m &amp#27;[2m│&amp#27;[0;39m &amp#27;[35m[           main]&amp#27;[0;39m &amp#27;[32mbinding parameter (2:VARCHAR) <- [Make-Up]&amp#27;[0;39m
&amp#27;[2m15:45:43.951&amp#27;[0;39m &amp#27;[32mSQL  ▶&amp#27;[0;39m &amp#27;[2m│&amp#27;[0;39m &amp#27;[35m[           main]&amp#27;[0;39m &amp#27;[32mbinding parameter (3:TIMESTAMP) <- [2026-02-26T15:45:43.947349100]&amp#27;[0;39m
&amp#27;[2m15:45:43.951&amp#27;[0;39m &amp#27;[32mSQL  ▶&amp#27;[0;39m &amp#27;[2m│&amp#27;[0;39m &amp#27;[35m[           main]&amp#27;[0;39m &amp#27;[32mbinding parameter (4:INTEGER) <- [210]&amp#27;[0;39m
&amp#27;[2m15:45:43.951&amp#27;[0;39m &amp#27;[32mSQL  ▶&amp#27;[0;39m &amp#27;[2m│&amp#27;[0;39m &amp#27;[35m[           main]&amp#27;[0;39m &amp#27;[32mbinding parameter (5:VARCHAR) <- [J-Pop]&amp#27;[0;39m
&amp#27;[2m15:45:43.951&amp#27;[0;39m &amp#27;[32mSQL  ▶&amp#27;[0;39m &amp#27;[2m│&amp#27;[0;39m &amp#27;[35m[           main]&amp#27;[0;39m &amp#27;[32mbinding parameter (6:VARCHAR) <- [Pegasus Fantasy]&amp#27;[0;39m
&amp#27;[2m15:45:43.951&amp#27;[0;39m &amp#27;[32mSQL  ▶&amp#27;[0;39m &amp#27;[2m│&amp#27;[0;39m &amp#27;[35m[           main]&amp#27;[0;39m &amp#27;[32mbinding parameter (7:TIMESTAMP) <- [2026-02-26T15:45:43.947349100]&amp#27;[0;39m
&amp#27;[2m15:45:43.952&amp#27;[0;39m &amp#27;[32mSQL  ▶&amp#27;[0;39m &amp#27;[2m│&amp#27;[0;39m &amp#27;[35m[           main]&amp#27;[0;39m &amp#27;[32m
    insert 
    into
        "cancion"
        ("is_active", "artista", "created_at", "duracion", "genero", "titulo", "updated_at", "id") 
    values
        (?, ?, ?, ?, ?, ?, ?, default)&amp#27;[0;39m
Hibernate: 
    insert 
    into
        "cancion"
        ("is_active", "artista", "created_at", "duracion", "genero", "titulo", "updated_at", "id") 
    values
        (?, ?, ?, ?, ?, ?, ?, default)
&amp#27;[2m15:45:43.952&amp#27;[0;39m &amp#27;[32mSQL  ▶&amp#27;[0;39m &amp#27;[2m│&amp#27;[0;39m &amp#27;[35m[           main]&amp#27;[0;39m &amp#27;[32mbinding parameter (1:BOOLEAN) <- [true]&amp#27;[0;39m
&amp#27;[2m15:45:43.952&amp#27;[0;39m &amp#27;[32mSQL  ▶&amp#27;[0;39m &amp#27;[2m│&amp#27;[0;39m &amp#27;[35m[           main]&amp#27;[0;39m &amp#27;[32mbinding parameter (2:VARCHAR) <- [Hironobu Kageyama]&amp#27;[0;39m
&amp#27;[2m15:45:43.952&amp#27;[0;39m &amp#27;[32mSQL  ▶&amp#27;[0;39m &amp#27;[2m│&amp#27;[0;39m &amp#27;[35m[           main]&amp#27;[0;39m &amp#27;[32mbinding parameter (3:TIMESTAMP) <- [2026-02-26T15:45:43.952348600]&amp#27;[0;39m
&amp#27;[2m15:45:43.952&amp#27;[0;39m &amp#27;[32mSQL  ▶&amp#27;[0;39m &amp#27;[2m│&amp#27;[0;39m &amp#27;[35m[           main]&amp#27;[0;39m &amp#27;[32mbinding parameter (4:INTEGER) <- [228]&amp#27;[0;39m
&amp#27;[2m15:45:43.952&amp#27;[0;39m &amp#27;[32mSQL  ▶&amp#27;[0;39m &amp#27;[2m│&amp#27;[0;39m &amp#27;[35m[           main]&amp#27;[0;39m &amp#27;[32mbinding parameter (5:VARCHAR) <- [J-Pop]&amp#27;[0;39m
&amp#27;[2m15:45:43.952&amp#27;[0;39m &amp#27;[32mSQL  ▶&amp#27;[0;39m &amp#27;[2m│&amp#27;[0;39m &amp#27;[35m[           main]&amp#27;[0;39m &amp#27;[32mbinding parameter (6:VARCHAR) <- [Cha-La Head-Cha-La]&amp#27;[0;39m
&amp#27;[2m15:45:43.952&amp#27;[0;39m &amp#27;[32mSQL  ▶&amp#27;[0;39m &amp#27;[2m│&amp#27;[0;39m &amp#27;[35m[           main]&amp#27;[0;39m &amp#27;[32mbinding parameter (7:TIMESTAMP) <- [2026-02-26T15:45:43.952348600]&amp#27;[0;39m
&amp#27;[2m15:45:43.953&amp#27;[0;39m &amp#27;[32mSQL  ▶&amp#27;[0;39m &amp#27;[2m│&amp#27;[0;39m &amp#27;[35m[           main]&amp#27;[0;39m &amp#27;[32m
    insert 
    into
        "cancion"
        ("is_active", "artista", "created_at", "duracion", "genero", "titulo", "updated_at", "id") 
    values
        (?, ?, ?, ?, ?, ?, ?, default)&amp#27;[0;39m
Hibernate: 
    insert 
    into
        "cancion"
        ("is_active", "artista", "created_at", "duracion", "genero", "titulo", "updated_at", "id") 
    values
        (?, ?, ?, ?, ?, ?, ?, default)
&amp#27;[2m15:45:43.953&amp#27;[0;39m &amp#27;[32mSQL  ▶&amp#27;[0;39m &amp#27;[2m│&amp#27;[0;39m &amp#27;[35m[           main]&amp#27;[0;39m &amp#27;[32mbinding parameter (1:BOOLEAN) <- [true]&amp#27;[0;39m
&amp#27;[2m15:45:43.953&amp#27;[0;39m &amp#27;[32mSQL  ▶&amp#27;[0;39m &amp#27;[2m│&amp#27;[0;39m &amp#27;[35m[           main]&amp#27;[0;39m &amp#27;[32mbinding parameter (2:VARCHAR) <- [Ikimono-gakari]&amp#27;[0;39m
&amp#27;[2m15:45:43.953&amp#27;[0;39m &amp#27;[32mSQL  ▶&amp#27;[0;39m &amp#27;[2m│&amp#27;[0;39m &amp#27;[35m[           main]&amp#27;[0;39m &amp#27;[32mbinding parameter (3:TIMESTAMP) <- [2026-02-26T15:45:43.953348800]&amp#27;[0;39m
&amp#27;[2m15:45:43.953&amp#27;[0;39m &amp#27;[32mSQL  ▶&amp#27;[0;39m &amp#27;[2m│&amp#27;[0;39m &amp#27;[35m[           main]&amp#27;[0;39m &amp#27;[32mbinding parameter (4:INTEGER) <- [265]&amp#27;[0;39m
&amp#27;[2m15:45:43.953&amp#27;[0;39m &amp#27;[32mSQL  ▶&amp#27;[0;39m &amp#27;[2m│&amp#27;[0;39m &amp#27;[35m[           main]&amp#27;[0;39m &amp#27;[32mbinding parameter (5:VARCHAR) <- [J-Pop]&amp#27;[0;39m
&amp#27;[2m15:45:43.954&amp#27;[0;39m &amp#27;[32mSQL  ▶&amp#27;[0;39m &amp#27;[2m│&amp#27;[0;39m &amp#27;[35m[           main]&amp#27;[0;39m &amp#27;[32mbinding parameter (6:VARCHAR) <- [Blue Bird]&amp#27;[0;39m
&amp#27;[2m15:45:43.954&amp#27;[0;39m &amp#27;[32mSQL  ▶&amp#27;[0;39m &amp#27;[2m│&amp#27;[0;39m &amp#27;[35m[           main]&amp#27;[0;39m &amp#27;[32mbinding parameter (7:TIMESTAMP) <- [2026-02-26T15:45:43.953348800]&amp#27;[0;39m
&amp#27;[2m15:45:43.954&amp#27;[0;39m &amp#27;[32mSQL  ▶&amp#27;[0;39m &amp#27;[2m│&amp#27;[0;39m &amp#27;[35m[           main]&amp#27;[0;39m &amp#27;[32m
    insert 
    into
        "cancion"
        ("is_active", "artista", "created_at", "duracion", "genero", "titulo", "updated_at", "id") 
    values
        (?, ?, ?, ?, ?, ?, ?, default)&amp#27;[0;39m
Hibernate: 
    insert 
    into
        "cancion"
        ("is_active", "artista", "created_at", "duracion", "genero", "titulo", "updated_at", "id") 
    values
        (?, ?, ?, ?, ?, ?, ?, default)
&amp#27;[2m15:45:43.954&amp#27;[0;39m &amp#27;[32mSQL  ▶&amp#27;[0;39m &amp#27;[2m│&amp#27;[0;39m &amp#27;[35m[           main]&amp#27;[0;39m &amp#27;[32mbinding parameter (1:BOOLEAN) <- [true]&amp#27;[0;39m
&amp#27;[2m15:45:43.954&amp#27;[0;39m &amp#27;[32mSQL  ▶&amp#27;[0;39m &amp#27;[2m│&amp#27;[0;39m &amp#27;[35m[           main]&amp#27;[0;39m &amp#27;[32mbinding parameter (2:VARCHAR) <- [LiSA]&amp#27;[0;39m
&amp#27;[2m15:45:43.954&amp#27;[0;39m &amp#27;[32mSQL  ▶&amp#27;[0;39m &amp#27;[2m│&amp#27;[0;39m &amp#27;[35m[           main]&amp#27;[0;39m &amp#27;[32mbinding parameter (3:TIMESTAMP) <- [2026-02-26T15:45:43.954349]&amp#27;[0;39m
&amp#27;[2m15:45:43.955&amp#27;[0;39m &amp#27;[32mSQL  ▶&amp#27;[0;39m &amp#27;[2m│&amp#27;[0;39m &amp#27;[35m[           main]&amp#27;[0;39m &amp#27;[32mbinding parameter (4:INTEGER) <- [232]&amp#27;[0;39m
&amp#27;[2m15:45:43.955&amp#27;[0;39m &amp#27;[32mSQL  ▶&amp#27;[0;39m &amp#27;[2m│&amp#27;[0;39m &amp#27;[35m[           main]&amp#27;[0;39m &amp#27;[32mbinding parameter (5:VARCHAR) <- [Anime]&amp#27;[0;39m
&amp#27;[2m15:45:43.955&amp#27;[0;39m &amp#27;[32mSQL  ▶&amp#27;[0;39m &amp#27;[2m│&amp#27;[0;39m &amp#27;[35m[           main]&amp#27;[0;39m &amp#27;[32mbinding parameter (6:VARCHAR) <- [Gurenge]&amp#27;[0;39m
&amp#27;[2m15:45:43.955&amp#27;[0;39m &amp#27;[32mSQL  ▶&amp#27;[0;39m &amp#27;[2m│&amp#27;[0;39m &amp#27;[35m[           main]&amp#27;[0;39m &amp#27;[32mbinding parameter (7:TIMESTAMP) <- [2026-02-26T15:45:43.954349]&amp#27;[0;39m
&amp#27;[2m15:45:43.955&amp#27;[0;39m &amp#27;[32mSQL  ▶&amp#27;[0;39m &amp#27;[2m│&amp#27;[0;39m &amp#27;[35m[           main]&amp#27;[0;39m &amp#27;[32m
    insert 
    into
        "cancion"
        ("is_active", "artista", "created_at", "duracion", "genero", "titulo", "updated_at", "id") 
    values
        (?, ?, ?, ?, ?, ?, ?, default)&amp#27;[0;39m
Hibernate: 
    insert 
    into
        "cancion"
        ("is_active", "artista", "created_at", "duracion", "genero", "titulo", "updated_at", "id") 
    values
        (?, ?, ?, ?, ?, ?, ?, default)
&amp#27;[2m15:45:43.955&amp#27;[0;39m &amp#27;[32mSQL  ▶&amp#27;[0;39m &amp#27;[2m│&amp#27;[0;39m &amp#27;[35m[           main]&amp#27;[0;39m &amp#27;[32mbinding parameter (1:BOOLEAN) <- [true]&amp#27;[0;39m
&amp#27;[2m15:45:43.955&amp#27;[0;39m &amp#27;[32mSQL  ▶&amp#27;[0;39m &amp#27;[2m│&amp#27;[0;39m &amp#27;[35m[           main]&amp#27;[0;39m &amp#27;[32mbinding parameter (2:VARCHAR) <- [The Seatbelts]&amp#27;[0;39m
&amp#27;[2m15:45:43.956&amp#27;[0;39m &amp#27;[32mSQL  ▶&amp#27;[0;39m &amp#27;[2m│&amp#27;[0;39m &amp#27;[35m[           main]&amp#27;[0;39m &amp#27;[32mbinding parameter (3:TIMESTAMP) <- [2026-02-26T15:45:43.955348700]&amp#27;[0;39m
&amp#27;[2m15:45:43.956&amp#27;[0;39m &amp#27;[32mSQL  ▶&amp#27;[0;39m &amp#27;[2m│&amp#27;[0;39m &amp#27;[35m[           main]&amp#27;[0;39m &amp#27;[32mbinding parameter (4:INTEGER) <- [174]&amp#27;[0;39m
&amp#27;[2m15:45:43.956&amp#27;[0;39m &amp#27;[32mSQL  ▶&amp#27;[0;39m &amp#27;[2m│&amp#27;[0;39m &amp#27;[35m[           main]&amp#27;[0;39m &amp#27;[32mbinding parameter (5:VARCHAR) <- [Jazz]&amp#27;[0;39m
&amp#27;[2m15:45:43.956&amp#27;[0;39m &amp#27;[32mSQL  ▶&amp#27;[0;39m &amp#27;[2m│&amp#27;[0;39m &amp#27;[35m[           main]&amp#27;[0;39m &amp#27;[32mbinding parameter (6:VARCHAR) <- [Tank!]&amp#27;[0;39m
&amp#27;[2m15:45:43.956&amp#27;[0;39m &amp#27;[32mSQL  ▶&amp#27;[0;39m &amp#27;[2m│&amp#27;[0;39m &amp#27;[35m[           main]&amp#27;[0;39m &amp#27;[32mbinding parameter (7:TIMESTAMP) <- [2026-02-26T15:45:43.955348700]&amp#27;[0;39m
&amp#27;[2m15:45:43.956&amp#27;[0;39m &amp#27;[32mSQL  ▶&amp#27;[0;39m &amp#27;[2m│&amp#27;[0;39m &amp#27;[35m[           main]&amp#27;[0;39m &amp#27;[32m
    insert 
    into
        "cancion"
        ("is_active", "artista", "created_at", "duracion", "genero", "titulo", "updated_at", "id") 
    values
        (?, ?, ?, ?, ?, ?, ?, default)&amp#27;[0;39m
Hibernate: 
    insert 
    into
        "cancion"
        ("is_active", "artista", "created_at", "duracion", "genero", "titulo", "updated_at", "id") 
    values
        (?, ?, ?, ?, ?, ?, ?, default)
&amp#27;[2m15:45:43.957&amp#27;[0;39m &amp#27;[32mSQL  ▶&amp#27;[0;39m &amp#27;[2m│&amp#27;[0;39m &amp#27;[35m[           main]&amp#27;[0;39m &amp#27;[32mbinding parameter (1:BOOLEAN) <- [true]&amp#27;[0;39m
&amp#27;[2m15:45:43.957&amp#27;[0;39m &amp#27;[32mSQL  ▶&amp#27;[0;39m &amp#27;[2m│&amp#27;[0;39m &amp#27;[35m[           main]&amp#27;[0;39m &amp#27;[32mbinding parameter (2:VARCHAR) <- [Yoko Takahashi]&amp#27;[0;39m
&amp#27;[2m15:45:43.957&amp#27;[0;39m &amp#27;[32mSQL  ▶&amp#27;[0;39m &amp#27;[2m│&amp#27;[0;39m &amp#27;[35m[           main]&amp#27;[0;39m &amp#27;[32mbinding parameter (3:TIMESTAMP) <- [2026-02-26T15:45:43.956353600]&amp#27;[0;39m
&amp#27;[2m15:45:43.957&amp#27;[0;39m &amp#27;[32mSQL  ▶&amp#27;[0;39m &amp#27;[2m│&amp#27;[0;39m &amp#27;[35m[           main]&amp#27;[0;39m &amp#27;[32mbinding parameter (4:INTEGER) <- [230]&amp#27;[0;39m
&amp#27;[2m15:45:43.957&amp#27;[0;39m &amp#27;[32mSQL  ▶&amp#27;[0;39m &amp#27;[2m│&amp#27;[0;39m &amp#27;[35m[           main]&amp#27;[0;39m &amp#27;[32mbinding parameter (5:VARCHAR) <- [J-Pop]&amp#27;[0;39m
&amp#27;[2m15:45:43.957&amp#27;[0;39m &amp#27;[32mSQL  ▶&amp#27;[0;39m &amp#27;[2m│&amp#27;[0;39m &amp#27;[35m[           main]&amp#27;[0;39m &amp#27;[32mbinding parameter (6:VARCHAR) <- [A Cruel Angel's Thesis]&amp#27;[0;39m
&amp#27;[2m15:45:43.957&amp#27;[0;39m &amp#27;[32mSQL  ▶&amp#27;[0;39m &amp#27;[2m│&amp#27;[0;39m &amp#27;[35m[           main]&amp#27;[0;39m &amp#27;[32mbinding parameter (7:TIMESTAMP) <- [2026-02-26T15:45:43.956353600]&amp#27;[0;39m
&amp#27;[2m15:45:43.957&amp#27;[0;39m &amp#27;[32mSQL  ▶&amp#27;[0;39m &amp#27;[2m│&amp#27;[0;39m &amp#27;[35m[           main]&amp#27;[0;39m &amp#27;[32m
    insert 
    into
        "cancion"
        ("is_active", "artista", "created_at", "duracion", "genero", "titulo", "updated_at", "id") 
    values
        (?, ?, ?, ?, ?, ?, ?, default)&amp#27;[0;39m
Hibernate: 
    insert 
    into
        "cancion"
        ("is_active", "artista", "created_at", "duracion", "genero", "titulo", "updated_at", "id") 
    values
        (?, ?, ?, ?, ?, ?, ?, default)
&amp#27;[2m15:45:43.958&amp#27;[0;39m &amp#27;[32mSQL  ▶&amp#27;[0;39m &amp#27;[2m│&amp#27;[0;39m &amp#27;[35m[           main]&amp#27;[0;39m &amp#27;[32mbinding parameter (1:BOOLEAN) <- [true]&amp#27;[0;39m
&amp#27;[2m15:45:43.958&amp#27;[0;39m &amp#27;[32mSQL  ▶&amp#27;[0;39m &amp#27;[2m│&amp#27;[0;39m &amp#27;[35m[           main]&amp#27;[0;39m &amp#27;[32mbinding parameter (2:VARCHAR) <- [JAM Project]&amp#27;[0;39m
&amp#27;[2m15:45:43.958&amp#27;[0;39m &amp#27;[32mSQL  ▶&amp#27;[0;39m &amp#27;[2m│&amp#27;[0;39m &amp#27;[35m[           main]&amp#27;[0;39m &amp#27;[32mbinding parameter (3:TIMESTAMP) <- [2026-02-26T15:45:43.957349]&amp#27;[0;39m
&amp#27;[2m15:45:43.958&amp#27;[0;39m &amp#27;[32mSQL  ▶&amp#27;[0;39m &amp#27;[2m│&amp#27;[0;39m &amp#27;[35m[           main]&amp#27;[0;39m &amp#27;[32mbinding parameter (4:INTEGER) <- [256]&amp#27;[0;39m
&amp#27;[2m15:45:43.958&amp#27;[0;39m &amp#27;[32mSQL  ▶&amp#27;[0;39m &amp#27;[2m│&amp#27;[0;39m &amp#27;[35m[           main]&amp#27;[0;39m &amp#27;[32mbinding parameter (5:VARCHAR) <- [Anime]&amp#27;[0;39m
&amp#27;[2m15:45:43.958&amp#27;[0;39m &amp#27;[32mSQL  ▶&amp#27;[0;39m &amp#27;[2m│&amp#27;[0;39m &amp#27;[35m[           main]&amp#27;[0;39m &amp#27;[32mbinding parameter (6:VARCHAR) <- [The Hero]&amp#27;[0;39m
&amp#27;[2m15:45:43.958&amp#27;[0;39m &amp#27;[32mSQL  ▶&amp#27;[0;39m &amp#27;[2m│&amp#27;[0;39m &amp#27;[35m[           main]&amp#27;[0;39m &amp#27;[32mbinding parameter (7:TIMESTAMP) <- [2026-02-26T15:45:43.957349]&amp#27;[0;39m
&amp#27;[2m15:45:43.960&amp#27;[0;39m &amp#27;[32mSQL  ▶&amp#27;[0;39m &amp#27;[2m│&amp#27;[0;39m &amp#27;[35m[           main]&amp#27;[0;39m &amp#27;[32m
    select
        count(*) 
    from
        "album" a1_0&amp#27;[0;39m
Hibernate: 
    select
        count(*) 
    from
        "album" a1_0
&amp#27;[2m15:45:43.962&amp#27;[0;39m &amp#27;[32mSQL  ▶&amp#27;[0;39m &amp#27;[2m│&amp#27;[0;39m &amp#27;[35m[           main]&amp#27;[0;39m &amp#27;[32m
    select
        count(*) 
    from
        "lamina_catalogo" lc1_0&amp#27;[0;39m
Hibernate: 
    select
        count(*) 
    from
        "lamina_catalogo" lc1_0
&amp#27;[2m15:45:43.964&amp#27;[0;39m &amp#27;[32mSQL  ▶&amp#27;[0;39m &amp#27;[2m│&amp#27;[0;39m &amp#27;[35m[           main]&amp#27;[0;39m &amp#27;[32m
    select
        count(*) 
    from
        "lamina" l1_0&amp#27;[0;39m
Hibernate: 
    select
        count(*) 
    from
        "lamina" l1_0
&amp#27;[2m15:45:43.965&amp#27;[0;39m &amp#27;[32mSQL  ▶&amp#27;[0;39m &amp#27;[2m│&amp#27;[0;39m &amp#27;[35m[           main]&amp#27;[0;39m &amp#27;[32m
    select
        count(*) 
    from
        "cancion" c1_0&amp#27;[0;39m
Hibernate: 
    select
        count(*) 
    from
        "cancion" c1_0
✅ Base de datos poblada exitosamente
   📚 5 Álbumes creados con catálogos
   🖼️  15 Láminas en catálogo
   🎵 7 Canciones cargadas
   📋 Resumen de estado (estimado):
      - Álbumes: 5, Láminas en posesión: 18
&amp#27;[2m15:45:43.973&amp#27;[0;39m &amp#27;[39mDEBUG&amp#27;[0;39m &amp#27;[2m│&amp#27;[0;39m &amp#27;[35m[           main]&amp#27;[0;39m &amp#27;[36mo.s.boot.devtools.restart.Restarter     &amp#27;[0;39m&amp#27;[2m:&amp#27;[0;39m &amp#27;[39mCreating new Restarter for thread Thread[#1,main,5,main]&amp#27;[0;39m%n&amp#27;[2m15:45:43.974&amp#27;[0;39m &amp#27;[39mDEBUG&amp#27;[0;39m &amp#27;[2m│&amp#27;[0;39m &amp#27;[35m[           main]&amp#27;[0;39m &amp#27;[36mo.s.b.a.ApplicationAvailabilityBean     &amp#27;[0;39m&amp#27;[2m:&amp#27;[0;39m &amp#27;[39mApplication availability state ReadinessState changed to ACCEPTING_TRAFFIC&amp#27;[0;39m%n]]></system-out>
    <system-err><![CDATA[15:45:37,498 |-WARN in ch.qos.logback.core.joran.action.ConversionRuleAction - [converterClass] attribute is deprecated and replaced by [class]. See element [conversionRule] near line 6
15:45:37,498 |-WARN in ch.qos.logback.core.joran.action.ConversionRuleAction - [converterClass] attribute is deprecated and replaced by [class]. See element [conversionRule] near line 8
Mockito is currently self-attaching to enable the inline-mock-maker. This will no longer work in future releases of the JDK. Please add Mockito as an agent to your build as described in Mockito's documentation: https://javadoc.io/doc/org.mockito/mockito-core/latest/org.mockito/org/mockito/Mockito.html#0.3
WARNING: A Java agent has been loaded dynamically (C:\Users\histo\.m2\repository\net\bytebuddy\byte-buddy-agent\1.17.8\byte-buddy-agent-1.17.8.jar)
WARNING: If a serviceability tool is in use, please run with -XX:+EnableDynamicAgentLoading to hide this warning
WARNING: If a serviceability tool is not in use, please run with -Djdk.instrument.traceUsage for more information
WARNING: Dynamic loading of agents will be disallowed by default in a future release
]]></system-err>
  </testcase>
</testsuite>