<?xml version="1.0" encoding="UTF-8"?>
<testsuite xmlns:xsi="http://www.w3.org/2001/XMLSchema-instance" xsi:noNamespaceSchemaLocation="https://maven.apache.org/surefire/maven-surefire-plugin/xsd/surefire-test-report.xsd" version="3.0.2" name="ipss.web2.examen.integration.DemoWidgetControllerSpringBootTest" time="2.127" tests="1" errors="0" skipped="0" failures="0">
  <properties>
[...]
</properties>
  <testcase name="sampleEndpointShouldReturnExpectedPayload" classname="ipss.web2.examen.integration.DemoWidgetControllerSpringBootTest" time="0.214">
    <system-out><![CDATA[23:55:25.316 DEBUG | [           main] [SYS ] .b.t.c.SpringBootTestContextBootstrapper - Neither @ContextConfiguration nor @ContextHierarchy found for test class [DemoWidgetControllerSpringBootTest]: using SpringBootContextLoader
23:55:25.317 INFO  | [           main] [SYS ] t.c.s.AnnotationConfigContextLoaderUtils - Could not detect default configuration classes for test class [ipss.web2.examen.integration.DemoWidgetControllerSpringBootTest]: DemoWidgetControllerSpringBootTest does not declare any static, non-private, non-final, nested classes annotated with @Configuration.
23:55:25.318 DEBUG | [           main] [SYS ] .b.t.c.SpringBootTestContextBootstrapper - Using ContextCustomizerFactory implementations for test class [DemoWidgetControllerSpringBootTest]: [ImportsContextCustomizerFactory, ExcludeFilterContextCustomizerFactory, HttpGraphQlTesterContextCustomizerFactory, DuplicateJsonObjectContextCustomizerFactory, MockitoContextCustomizerFactory, TestRestTemplateContextCustomizerFactory, WebTestClientContextCustomizerFactory, DisableReactorResourceFactoryGlobalResourcesContextCustomizerFactory, OnFailureConditionReportContextCustomizerFactory, OverrideAutoConfigurationContextCustomizerFactory, ObservabilityContextCustomizerFactory, TypeExcludeFiltersContextCustomizerFactory, PropertyMappingContextCustomizerFactory, WebDriverContextCustomizerFactory, BeanOverrideContextCustomizerFactory, MockServerContainerContextCustomizerFactory, DynamicPropertiesContextCustomizerFactory]
23:55:25.319 DEBUG | [           main] [SYS ] .b.t.c.SpringBootTestContextBootstrapper - Using ContextCustomizers for test class [DemoWidgetControllerSpringBootTest]: [ExcludeFilterContextCustomizer, DuplicateJsonObjectContextCustomizer, MockitoContextCustomizer, TestRestTemplateContextCustomizer, DisableReactorResourceFactoryGlobalResourcesContextCustomizerCustomizer, OnFailureConditionReportContextCustomizer, DisableObservabilityContextCustomizer, PropertyMappingContextCustomizer, WebDriverContextCustomizer, DynamicPropertiesContextCustomizer]
23:55:25.350 INFO  | [           main] [SYS ] .b.t.c.SpringBootTestContextBootstrapper - Found @SpringBootConfiguration ipss.web2.examen.Application for test class ipss.web2.examen.integration.DemoWidgetControllerSpringBootTest
23:55:25.351 DEBUG | [           main] [SYS ] .b.t.c.SpringBootTestContextBootstrapper - Using TestExecutionListeners for test class [DemoWidgetControllerSpringBootTest]: [ServletTestExecutionListener, DirtiesContextBeforeModesTestExecutionListener, ApplicationEventsTestExecutionListener, MockitoTestExecutionListener, BeanOverrideTestExecutionListener, DependencyInjectionTestExecutionListener, DirtiesContextTestExecutionListener, CommonCachesTestExecutionListener, TransactionalTestExecutionListener, SqlScriptsTestExecutionListener, EventPublishingTestExecutionListener, ResetMocksTestExecutionListener, RestDocsTestExecutionListener, MockRestServiceServerResetTestExecutionListener, MockMvcPrintOnlyOnFailureTestExecutionListener, WebDriverTestExecutionListener, MockWebServiceServerTestExecutionListener, MockitoResetTestExecutionListener]
23:55:25.354 INFO  | [           main] [SYS ] o.s.b.d.r.RestartApplicationListener     - Restart disabled due to context in which it is running
23:55:25.372 DEBUG | [           main] [SYS ] .s.b.w.s.c.ApplicationServletEnvironment - Activating profiles []
╔════════════════════════════════════════════════════════════════╗
║                                                                ║
║    ██╗██████╗ ███████╗███████╗    ██╗    ██╗███████╗██████╗   ║
║    ██║██╔══██╗██╔════╝██╔════╝    ██║    ██║██╔════╝██╔══██╗  ║
║    ██║██████╔╝███████╗███████╗    ██║ █╗ ██║█████╗  ██████╔╝  ║
║    ██║██╔═══╝ ╚════██║╚════██║    ██║███╗██║██╔══╝  ██╔══██╗  ║
║    ██║██║     ███████║███████║    ╚███╔███╔╝███████╗██████╔╝  ║
║    ╚═╝╚═╝     ╚══════╝╚══════╝     ╚══╝╚══╝ ╚══════╝╚═════╝   ║
║                                                                ║
║    📚 Álbum de Láminas - API REST                              ║
║    🚀 Spring Boot 3.5.11                       ║
║    📊 Puerto: 0                                   ║
║    🎯 Perfil: default                ║
║                                                                ║
╚════════════════════════════════════════════════════════════════╝

23:55:25.398 INFO  | [           main] [APP ] w.e.i.DemoWidgetControllerSpringBootTest - Starting DemoWidgetControllerSpringBootTest using Java 21.0.7 with PID 57220 (started by histo in C:\Users\histo\OneDrive\Escritorio\2026.01-backend-test)
23:55:25.398 DEBUG | [           main] [APP ] w.e.i.DemoWidgetControllerSpringBootTest - Running with Spring Boot v3.5.11, Spring v6.2.16
23:55:25.398 INFO  | [           main] [APP ] w.e.i.DemoWidgetControllerSpringBootTest - No active profile set, falling back to 1 default profile: "default"
23:55:25.398 DEBUG | [           main] [SYS ] o.s.boot.SpringApplication               - Loading source class ipss.web2.examen.Application
23:55:25.400 DEBUG | [           main] [SYS ] ConfigServletWebServerApplicationContext - Refreshing org.springframework.boot.web.servlet.context.AnnotationConfigServletWebServerApplicationContext@2f5823c7
23:55:26.121 INFO  | [           main] [SYS ] .s.d.r.c.RepositoryConfigurationDelegate - Bootstrapping Spring Data JPA repositories in DEFAULT mode.
23:55:26.137 INFO  | [           main] [SYS ] .s.d.r.c.RepositoryConfigurationDelegate - Finished Spring Data repository scanning in 14 ms. Found 7 JPA repository interfaces.
23:55:26.334 DEBUG | [           main] [SYS ] .s.b.w.e.t.TomcatServletWebServerFactory - Code archive: C:\Users\histo\.m2\repository\org\springframework\boot\spring-boot\3.5.11\spring-boot-3.5.11.jar
23:55:26.334 DEBUG | [           main] [SYS ] .s.b.w.e.t.TomcatServletWebServerFactory - Code archive: C:\Users\histo\.m2\repository\org\springframework\boot\spring-boot\3.5.11\spring-boot-3.5.11.jar
23:55:26.335 DEBUG | [           main] [SYS ] .s.b.w.e.t.TomcatServletWebServerFactory - None of the document roots [src/main/webapp, public, static] point to a directory and will be ignored.
23:55:26.362 INFO  | [           main] [SYS ] o.s.b.w.embedded.tomcat.TomcatWebServer  - Tomcat initialized with port 0 (http)
23:55:26.374 INFO  | [           main] [SYS ] o.a.coyote.http11.Http11NioProtocol      - Initializing ProtocolHandler ["http-nio-auto-1"]
23:55:26.375 INFO  | [           main] [SYS ] o.apache.catalina.core.StandardService   - Starting service [Tomcat]
23:55:26.375 INFO  | [           main] [SYS ] o.apache.catalina.core.StandardEngine    - Starting Servlet engine: [Apache Tomcat/10.1.52]
23:55:26.437 INFO  | [           main] [SYS ] o.a.c.c.C.[Tomcat].[localhost].[/]       - Initializing Spring embedded WebApplicationContext
23:55:26.437 DEBUG | [           main] [SYS ] w.s.c.ServletWebServerApplicationContext - Published root WebApplicationContext as ServletContext attribute with name [org.springframework.web.context.WebApplicationContext.ROOT]
23:55:26.437 INFO  | [           main] [SYS ] w.s.c.ServletWebServerApplicationContext - Root WebApplicationContext: initialization completed in 1037 ms
23:55:26.458 DEBUG | [           main] [SYS ] o.s.b.w.s.ServletContextInitializerBeans - Mapping filters: webMvcObservationFilter urls=[/*] order=-2147483647, characterEncodingFilter urls=[/*] order=-2147483648, formContentFilter urls=[/*] order=-9900, requestContextFilter urls=[/*] order=-105, requestLoggingFilter urls=[/*] order=2147483647
23:55:26.458 DEBUG | [           main] [SYS ] o.s.b.w.s.ServletContextInitializerBeans - Mapping servlets: dispatcherServlet urls=[/], h2Console urls=[/h2-console/*]
23:55:26.482 DEBUG | [           main] [SYS ] o.s.b.w.s.f.OrderedRequestContextFilter  - Filter 'requestContextFilter' configured for use
23:55:26.483 DEBUG | [           main] [SYS ] o.s.w.f.ServerHttpObservationFilter      - Filter 'webMvcObservationFilter' configured for use
23:55:26.483 DEBUG | [           main] [HTTP] Filter 'requestLoggingFilter' configured for use
23:55:26.483 DEBUG | [           main] [SYS ] s.b.w.s.f.OrderedCharacterEncodingFilter - Filter 'characterEncodingFilter' configured for use
23:55:26.484 DEBUG | [           main] [SYS ] o.s.b.w.s.f.OrderedFormContentFilter     - Filter 'formContentFilter' configured for use
23:55:26.523 INFO  | [           main] [SYS ] o.hibernate.jpa.internal.util.LogHelper  - HHH000204: Processing PersistenceUnitInfo [name: default]
23:55:26.527 INFO  | [           main] [SYS ] o.h.c.internal.RegionFactoryInitiator    - HHH000026: Second-level cache disabled
23:55:26.539 INFO  | [           main] [SYS ] org.hibernate.orm.connections.pooling    - HHH10001005: Database info:
	Database JDBC URL [Connecting through datasource 'HikariDataSource (HikariPool-2)']
	Database driver: undefined/unknown
	Database version: 2.3.232
	Autocommit mode: undefined/unknown
	Isolation level: undefined/unknown
	Minimum pool size: undefined/unknown
	Maximum pool size: undefined/unknown
23:55:26.624 DEBUG | [           main] [SQL ] 
    drop table if exists "album" cascade 
23:55:26.626 DEBUG | [           main] [SQL ] 
    drop table if exists "cancion" cascade 
23:55:26.627 DEBUG | [           main] [SQL ] 
    drop table if exists "demo_widget" cascade 
23:55:26.627 DEBUG | [           main] [SQL ] 
    drop table if exists "empresa_insumos" cascade 
23:55:26.627 DEBUG | [           main] [SQL ] 
    drop table if exists "ganador_premio_album" cascade 
23:55:26.628 DEBUG | [           main] [SQL ] 
    drop table if exists "lamina" cascade 
23:55:26.628 DEBUG | [           main] [SQL ] 
    drop table if exists "lamina_catalogo" cascade 
23:55:26.628 DEBUG | [           main] [SQL ] 
    drop table if exists "pais_distribucion" cascade 
23:55:26.628 DEBUG | [           main] [SQL ] 
    drop table if exists "test_model" cascade 
23:55:26.629 DEBUG | [           main] [SQL ] 
    drop table if exists "tienda_lamina" cascade 
23:55:26.629 DEBUG | [           main] [SQL ] 
    create table "album" (
        "is_active" boolean,
        "release_year" integer not null,
        "created_at" timestamp(6),
        "id" bigint generated by default as identity,
        "updated_at" timestamp(6),
        "nombre" varchar(100) not null,
        "descripcion" varchar(500),
        primary key ("id")
    )
23:55:26.629 DEBUG | [           main] [SQL ] 
    create table "cancion" (
        "duracion" integer,
        "is_active" boolean,
        "created_at" timestamp(6),
        "id" bigint generated by default as identity,
        "updated_at" timestamp(6),
        "genero" varchar(80),
        "artista" varchar(100) not null,
        "titulo" varchar(150) not null,
        primary key ("id")
    )
23:55:26.630 DEBUG | [           main] [SQL ] 
    create table "demo_widget" (
        "is_active" boolean,
        "created_at" timestamp(6),
        "id" bigint generated by default as identity,
        "updated_at" timestamp(6),
        "tipo" varchar(100),
        "nombre" varchar(120) not null,
        primary key ("id")
    )
23:55:26.630 DEBUG | [           main] [SQL ] 
    create table "empresa_insumos" (
        "is_active" boolean,
        "created_at" timestamp(6),
        "id" bigint generated by default as identity,
        "updated_at" timestamp(6),
        "telefono" varchar(30),
        "contacto" varchar(120),
        "email" varchar(120),
        "rubro" varchar(120) not null,
        "nombre" varchar(150) not null,
        "sitio_web" varchar(200),
        primary key ("id")
    )
23:55:26.631 DEBUG | [           main] [SQL ] 
    create table "ganador_premio_album" (
        "anio" integer not null,
        "is_active" boolean,
        "created_at" timestamp(6),
        "id" bigint generated by default as identity,
        "updated_at" timestamp(6),
        "genero" varchar(80),
        "artista" varchar(120) not null,
        "premio" varchar(120) not null,
        "album" varchar(150) not null,
        primary key ("id")
    )
23:55:26.631 DEBUG | [           main] [SQL ] 
    create table "lamina" (
        "fecha_lanzamiento" date not null,
        "is_active" boolean,
        "album_id" bigint not null,
        "created_at" timestamp(6),
        "id" bigint generated by default as identity,
        "updated_at" timestamp(6),
        "nombre" varchar(100) not null,
        "imagen" varchar(255),
        "tipo_lamina" varchar(255) not null,
        primary key ("id")
    )
23:55:26.632 DEBUG | [           main] [SQL ] 
    create table "lamina_catalogo" (
        "fecha_lanzamiento" date not null,
        "is_active" boolean,
        "album_id" bigint not null,
        "created_at" timestamp(6),
        "id" bigint generated by default as identity,
        "updated_at" timestamp(6),
        "nombre" varchar(100) not null,
        "imagen" varchar(255),
        "tipo_lamina" varchar(255) not null,
        primary key ("id"),
        unique ("album_id", "nombre")
    )
23:55:26.633 DEBUG | [           main] [SQL ] 
    create table "pais_distribucion" (
        "codigo_iso" varchar(3),
        "is_active" boolean,
        "created_at" timestamp(6),
        "id" bigint generated by default as identity,
        "updated_at" timestamp(6),
        "nombre" varchar(100) not null,
        "descripcion" varchar(500),
        primary key ("id")
    )
23:55:26.633 DEBUG | [           main] [SQL ] 
    create table "test_model" (
        "is_active" boolean,
        "created_at" timestamp(6),
        "id" bigint generated by default as identity,
        "updated_at" timestamp(6),
        "nombre" varchar(100) not null,
        primary key ("id")
    )
23:55:26.634 DEBUG | [           main] [SQL ] 
    create table "tienda_lamina" (
        "fecha_apertura" date,
        "is_active" boolean,
        "created_at" timestamp(6),
        "id" bigint generated by default as identity,
        "updated_at" timestamp(6),
        "telefono" varchar(30),
        "ciudad" varchar(80) not null,
        "email" varchar(120),
        "nombre" varchar(150) not null,
        "direccion" varchar(200),
        primary key ("id")
    )
23:55:26.634 DEBUG | [           main] [SQL ] 
    alter table if exists "lamina" 
       add constraint "FK7it3r58f8w6ffifephi870qgx" 
       foreign key ("album_id") 
       references "album"
23:55:26.636 DEBUG | [           main] [SQL ] 
    alter table if exists "lamina_catalogo" 
       add constraint "FKacxoexuchrmym2affidipsi6k" 
       foreign key ("album_id") 
       references "album"
23:55:26.714 WARN  | [           main] [SYS ] JpaBaseConfiguration$JpaWebConfiguration - spring.jpa.open-in-view is enabled by default. Therefore, database queries may be performed during view rendering. Explicitly configure spring.jpa.open-in-view to disable this warning
23:55:26.732 DEBUG | [           main] [SYS ] s.w.s.m.m.a.RequestMappingHandlerMapping - 54 mappings in 'requestMappingHandlerMapping'
23:55:26.760 DEBUG | [           main] [SYS ] o.s.w.s.handler.SimpleUrlHandlerMapping  - Patterns [/webjars/**, /**, /swagger-ui/**, /v3/api-docs/**, /static/**, /swagger-ui*/*swagger-initializer.js, /swagger-ui*/**] in 'resourceHandlerMapping'
23:55:26.764 DEBUG | [           main] [SYS ] s.w.s.m.m.a.RequestMappingHandlerAdapter - ControllerAdvice beans: 0 @ModelAttribute, 0 @InitBinder, 1 RequestBodyAdvice, 1 ResponseBodyAdvice
23:55:26.768 DEBUG | [           main] [SYS ] .m.m.a.ExceptionHandlerExceptionResolver - ControllerAdvice beans: 2 @ExceptionHandler, 1 ResponseBodyAdvice
23:55:26.818 INFO  | [           main] [SYS ] o.s.b.a.e.web.EndpointLinksResolver      - Exposing 4 endpoints beneath base path '/actuator'
23:55:27.087 INFO  | [           main] [SYS ] o.a.coyote.http11.Http11NioProtocol      - Starting ProtocolHandler ["http-nio-auto-1"]
23:55:27.097 INFO  | [           main] [SYS ] o.s.b.w.embedded.tomcat.TomcatWebServer  - Tomcat started on port 55639 (http) with context path '/'
23:55:27.100 INFO  | [           main] [APP ] w.e.i.DemoWidgetControllerSpringBootTest - Started DemoWidgetControllerSpringBootTest in 1.747 seconds (process running for 10.743)
23:55:27.102 DEBUG | [           main] [SYS ] o.s.b.a.ApplicationAvailabilityBean      - Application availability state LivenessState changed to CORRECT
23:55:27.104 DEBUG | [           main] [SQL ] 
    select
        count(*) 
    from
        "album" a1_0
🚀 Iniciando población de base de datos con anime populares...
23:55:27.107 DEBUG | [           main] [SQL ] 
    insert 
    into
        "album"
        ("is_active", "created_at", "descripcion", "nombre", "updated_at", "release_year", "id") 
    values
        (?, ?, ?, ?, ?, ?, default)
23:55:27.109 DEBUG | [           main] [SQL ] 
    insert 
    into
        "lamina_catalogo"
        ("is_active", "album_id", "created_at", "fecha_lanzamiento", "imagen", "nombre", "tipo_lamina", "updated_at", "id") 
    values
        (?, ?, ?, ?, ?, ?, ?, ?, default)
23:55:27.110 DEBUG | [           main] [SQL ] 
    insert 
    into
        "lamina_catalogo"
        ("is_active", "album_id", "created_at", "fecha_lanzamiento", "imagen", "nombre", "tipo_lamina", "updated_at", "id") 
    values
        (?, ?, ?, ?, ?, ?, ?, ?, default)
23:55:27.111 DEBUG | [           main] [SQL ] 
    insert 
    into
        "lamina_catalogo"
        ("is_active", "album_id", "created_at", "fecha_lanzamiento", "imagen", "nombre", "tipo_lamina", "updated_at", "id") 
    values
        (?, ?, ?, ?, ?, ?, ?, ?, default)
23:55:27.112 DEBUG | [           main] [SQL ] 
    select
        a1_0."id",
        a1_0."is_active",
        a1_0."created_at",
        a1_0."descripcion",
        a1_0."nombre",
        a1_0."updated_at",
        a1_0."release_year",
        l1_0."album_id",
        l1_0."id",
        l1_0."is_active",
        l1_0."created_at",
        l1_0."fecha_lanzamiento",
        l1_0."imagen",
        l1_0."nombre",
        l1_0."tipo_lamina",
        l1_0."updated_at" 
    from
        "album" a1_0 
    left join
        "lamina" l1_0 
            on a1_0."id"=l1_0."album_id" 
    where
        a1_0."id"=?
23:55:27.113 DEBUG | [           main] [SQL ] 
    select
        lc1_0."album_id",
        lc1_0."id",
        lc1_0."is_active",
        lc1_0."created_at",
        lc1_0."fecha_lanzamiento",
        lc1_0."imagen",
        lc1_0."nombre",
        lc1_0."tipo_lamina",
        lc1_0."updated_at" 
    from
        "lamina_catalogo" lc1_0 
    where
        lc1_0."album_id"=?
23:55:27.116 DEBUG | [           main] [SQL ] 
    update
        "album" 
    set
        "is_active"=?,
        "descripcion"=?,
        "nombre"=?,
        "updated_at"=?,
        "release_year"=? 
    where
        "id"=?
23:55:27.116 DEBUG | [           main] [SQL ] 
    update
        "lamina_catalogo" 
    set
        "is_active"=?,
        "album_id"=?,
        "fecha_lanzamiento"=?,
        "imagen"=?,
        "nombre"=?,
        "tipo_lamina"=?,
        "updated_at"=? 
    where
        "id"=?
23:55:27.116 DEBUG | [           main] [SQL ] 
    update
        "lamina_catalogo" 
    set
        "is_active"=?,
        "album_id"=?,
        "fecha_lanzamiento"=?,
        "imagen"=?,
        "nombre"=?,
        "tipo_lamina"=?,
        "updated_at"=? 
    where
        "id"=?
23:55:27.117 DEBUG | [           main] [SQL ] 
    update
        "lamina_catalogo" 
    set
        "is_active"=?,
        "album_id"=?,
        "fecha_lanzamiento"=?,
        "imagen"=?,
        "nombre"=?,
        "tipo_lamina"=?,
        "updated_at"=? 
    where
        "id"=?
23:55:27.118 DEBUG | [           main] [SQL ] 
    insert 
    into
        "lamina"
        ("is_active", "album_id", "created_at", "fecha_lanzamiento", "imagen", "nombre", "tipo_lamina", "updated_at", "id") 
    values
        (?, ?, ?, ?, ?, ?, ?, ?, default)
23:55:27.119 DEBUG | [           main] [SQL ] 
    insert 
    into
        "lamina"
        ("is_active", "album_id", "created_at", "fecha_lanzamiento", "imagen", "nombre", "tipo_lamina", "updated_at", "id") 
    values
        (?, ?, ?, ?, ?, ?, ?, ?, default)
23:55:27.119 DEBUG | [           main] [SQL ] 
    insert 
    into
        "lamina"
        ("is_active", "album_id", "created_at", "fecha_lanzamiento", "imagen", "nombre", "tipo_lamina", "updated_at", "id") 
    values
        (?, ?, ?, ?, ?, ?, ?, ?, default)
23:55:27.120 DEBUG | [           main] [SQL ] 
    select
        a1_0."id",
        a1_0."is_active",
        a1_0."created_at",
        a1_0."descripcion",
        a1_0."nombre",
        a1_0."updated_at",
        a1_0."release_year",
        l1_0."album_id",
        l1_0."id",
        l1_0."is_active",
        l1_0."created_at",
        l1_0."fecha_lanzamiento",
        l1_0."imagen",
        l1_0."nombre",
        l1_0."tipo_lamina",
        l1_0."updated_at" 
    from
        "album" a1_0 
    left join
        "lamina" l1_0 
            on a1_0."id"=l1_0."album_id" 
    where
        a1_0."id"=?
23:55:27.121 DEBUG | [           main] [SQL ] 
    select
        lc1_0."album_id",
        lc1_0."id",
        lc1_0."is_active",
        lc1_0."created_at",
        lc1_0."fecha_lanzamiento",
        lc1_0."imagen",
        lc1_0."nombre",
        lc1_0."tipo_lamina",
        lc1_0."updated_at" 
    from
        "lamina_catalogo" lc1_0 
    where
        lc1_0."album_id"=?
23:55:27.122 DEBUG | [           main] [SQL ] 
    update
        "lamina" 
    set
        "is_active"=?,
        "album_id"=?,
        "fecha_lanzamiento"=?,
        "imagen"=?,
        "nombre"=?,
        "tipo_lamina"=?,
        "updated_at"=? 
    where
        "id"=?
23:55:27.123 DEBUG | [           main] [SQL ] 
    update
        "album" 
    set
        "is_active"=?,
        "descripcion"=?,
        "nombre"=?,
        "updated_at"=?,
        "release_year"=? 
    where
        "id"=?
23:55:27.123 DEBUG | [           main] [SQL ] 
    update
        "lamina" 
    set
        "is_active"=?,
        "album_id"=?,
        "fecha_lanzamiento"=?,
        "imagen"=?,
        "nombre"=?,
        "tipo_lamina"=?,
        "updated_at"=? 
    where
        "id"=?
23:55:27.123 DEBUG | [           main] [SQL ] 
    update
        "lamina" 
    set
        "is_active"=?,
        "album_id"=?,
        "fecha_lanzamiento"=?,
        "imagen"=?,
        "nombre"=?,
        "tipo_lamina"=?,
        "updated_at"=? 
    where
        "id"=?
23:55:27.123 DEBUG | [           main] [SQL ] 
    update
        "lamina_catalogo" 
    set
        "is_active"=?,
        "album_id"=?,
        "fecha_lanzamiento"=?,
        "imagen"=?,
        "nombre"=?,
        "tipo_lamina"=?,
        "updated_at"=? 
    where
        "id"=?
23:55:27.124 DEBUG | [           main] [SQL ] 
    update
        "lamina_catalogo" 
    set
        "is_active"=?,
        "album_id"=?,
        "fecha_lanzamiento"=?,
        "imagen"=?,
        "nombre"=?,
        "tipo_lamina"=?,
        "updated_at"=? 
    where
        "id"=?
23:55:27.124 DEBUG | [           main] [SQL ] 
    update
        "lamina_catalogo" 
    set
        "is_active"=?,
        "album_id"=?,
        "fecha_lanzamiento"=?,
        "imagen"=?,
        "nombre"=?,
        "tipo_lamina"=?,
        "updated_at"=? 
    where
        "id"=?
23:55:27.126 DEBUG | [           main] [SQL ] 
    select
        l1_0."id",
        l1_0."is_active",
        l1_0."album_id",
        l1_0."created_at",
        l1_0."fecha_lanzamiento",
        l1_0."imagen",
        l1_0."nombre",
        l1_0."tipo_lamina",
        l1_0."updated_at" 
    from
        "lamina" l1_0 
    where
        l1_0."album_id"=? 
        and l1_0."nombre"=? 
        and l1_0."is_active"
23:55:27.126 DEBUG | [           main] [SQL ] 
    select
        a1_0."id",
        a1_0."is_active",
        a1_0."created_at",
        a1_0."descripcion",
        a1_0."nombre",
        a1_0."updated_at",
        a1_0."release_year" 
    from
        "album" a1_0 
    where
        a1_0."id"=?
23:55:27.128 DEBUG | [           main] [SQL ] 
    select
        l1_0."id",
        l1_0."is_active",
        l1_0."album_id",
        l1_0."created_at",
        l1_0."fecha_lanzamiento",
        l1_0."imagen",
        l1_0."nombre",
        l1_0."tipo_lamina",
        l1_0."updated_at" 
    from
        "lamina" l1_0 
    where
        l1_0."album_id"=? 
        and l1_0."nombre"=? 
        and l1_0."is_active"
23:55:27.128 DEBUG | [           main] [SQL ] 
    select
        a1_0."id",
        a1_0."is_active",
        a1_0."created_at",
        a1_0."descripcion",
        a1_0."nombre",
        a1_0."updated_at",
        a1_0."release_year" 
    from
        "album" a1_0 
    where
        a1_0."id"=?
23:55:27.129 DEBUG | [           main] [SQL ] 
    select
        l1_0."id",
        l1_0."is_active",
        l1_0."album_id",
        l1_0."created_at",
        l1_0."fecha_lanzamiento",
        l1_0."imagen",
        l1_0."nombre",
        l1_0."tipo_lamina",
        l1_0."updated_at" 
    from
        "lamina" l1_0 
    where
        l1_0."album_id"=? 
        and l1_0."nombre"=? 
        and l1_0."is_active"
23:55:27.130 DEBUG | [           main] [SQL ] 
    insert 
    into
        "lamina"
        ("is_active", "album_id", "created_at", "fecha_lanzamiento", "imagen", "nombre", "tipo_lamina", "updated_at", "id") 
    values
        (?, ?, ?, ?, ?, ?, ?, ?, default)
23:55:27.130 DEBUG | [           main] [SQL ] 
    select
        a1_0."id",
        a1_0."is_active",
        a1_0."created_at",
        a1_0."descripcion",
        a1_0."nombre",
        a1_0."updated_at",
        a1_0."release_year",
        l1_0."album_id",
        l1_0."id",
        l1_0."is_active",
        l1_0."created_at",
        l1_0."fecha_lanzamiento",
        l1_0."imagen",
        l1_0."nombre",
        l1_0."tipo_lamina",
        l1_0."updated_at" 
    from
        "album" a1_0 
    left join
        "lamina" l1_0 
            on a1_0."id"=l1_0."album_id" 
    where
        a1_0."id"=?
23:55:27.131 DEBUG | [           main] [SQL ] 
    select
        lc1_0."album_id",
        lc1_0."id",
        lc1_0."is_active",
        lc1_0."created_at",
        lc1_0."fecha_lanzamiento",
        lc1_0."imagen",
        lc1_0."nombre",
        lc1_0."tipo_lamina",
        lc1_0."updated_at" 
    from
        "lamina_catalogo" lc1_0 
    where
        lc1_0."album_id"=?
23:55:27.132 DEBUG | [           main] [SQL ] 
    update
        "lamina" 
    set
        "is_active"=?,
        "album_id"=?,
        "fecha_lanzamiento"=?,
        "imagen"=?,
        "nombre"=?,
        "tipo_lamina"=?,
        "updated_at"=? 
    where
        "id"=?
23:55:27.133 DEBUG | [           main] [SQL ] 
    update
        "album" 
    set
        "is_active"=?,
        "descripcion"=?,
        "nombre"=?,
        "updated_at"=?,
        "release_year"=? 
    where
        "id"=?
23:55:27.133 DEBUG | [           main] [SQL ] 
    update
        "lamina" 
    set
        "is_active"=?,
        "album_id"=?,
        "fecha_lanzamiento"=?,
        "imagen"=?,
        "nombre"=?,
        "tipo_lamina"=?,
        "updated_at"=? 
    where
        "id"=?
23:55:27.133 DEBUG | [           main] [SQL ] 
    update
        "lamina" 
    set
        "is_active"=?,
        "album_id"=?,
        "fecha_lanzamiento"=?,
        "imagen"=?,
        "nombre"=?,
        "tipo_lamina"=?,
        "updated_at"=? 
    where
        "id"=?
23:55:27.133 DEBUG | [           main] [SQL ] 
    update
        "lamina" 
    set
        "is_active"=?,
        "album_id"=?,
        "fecha_lanzamiento"=?,
        "imagen"=?,
        "nombre"=?,
        "tipo_lamina"=?,
        "updated_at"=? 
    where
        "id"=?
23:55:27.133 DEBUG | [           main] [SQL ] 
    update
        "lamina_catalogo" 
    set
        "is_active"=?,
        "album_id"=?,
        "fecha_lanzamiento"=?,
        "imagen"=?,
        "nombre"=?,
        "tipo_lamina"=?,
        "updated_at"=? 
    where
        "id"=?
23:55:27.134 DEBUG | [           main] [SQL ] 
    update
        "lamina_catalogo" 
    set
        "is_active"=?,
        "album_id"=?,
        "fecha_lanzamiento"=?,
        "imagen"=?,
        "nombre"=?,
        "tipo_lamina"=?,
        "updated_at"=? 
    where
        "id"=?
23:55:27.134 DEBUG | [           main] [SQL ] 
    update
        "lamina_catalogo" 
    set
        "is_active"=?,
        "album_id"=?,
        "fecha_lanzamiento"=?,
        "imagen"=?,
        "nombre"=?,
        "tipo_lamina"=?,
        "updated_at"=? 
    where
        "id"=?
23:55:27.134 DEBUG | [           main] [SQL ] 
    insert 
    into
        "album"
        ("is_active", "created_at", "descripcion", "nombre", "updated_at", "release_year", "id") 
    values
        (?, ?, ?, ?, ?, ?, default)
23:55:27.135 DEBUG | [           main] [SQL ] 
    insert 
    into
        "lamina_catalogo"
        ("is_active", "album_id", "created_at", "fecha_lanzamiento", "imagen", "nombre", "tipo_lamina", "updated_at", "id") 
    values
        (?, ?, ?, ?, ?, ?, ?, ?, default)
23:55:27.136 DEBUG | [           main] [SQL ] 
    insert 
    into
        "lamina_catalogo"
        ("is_active", "album_id", "created_at", "fecha_lanzamiento", "imagen", "nombre", "tipo_lamina", "updated_at", "id") 
    values
        (?, ?, ?, ?, ?, ?, ?, ?, default)
23:55:27.136 DEBUG | [           main] [SQL ] 
    insert 
    into
        "lamina_catalogo"
        ("is_active", "album_id", "created_at", "fecha_lanzamiento", "imagen", "nombre", "tipo_lamina", "updated_at", "id") 
    values
        (?, ?, ?, ?, ?, ?, ?, ?, default)
23:55:27.137 DEBUG | [           main] [SQL ] 
    select
        a1_0."id",
        a1_0."is_active",
        a1_0."created_at",
        a1_0."descripcion",
        a1_0."nombre",
        a1_0."updated_at",
        a1_0."release_year",
        l1_0."album_id",
        l1_0."id",
        l1_0."is_active",
        l1_0."created_at",
        l1_0."fecha_lanzamiento",
        l1_0."imagen",
        l1_0."nombre",
        l1_0."tipo_lamina",
        l1_0."updated_at" 
    from
        "album" a1_0 
    left join
        "lamina" l1_0 
            on a1_0."id"=l1_0."album_id" 
    where
        a1_0."id"=?
23:55:27.138 DEBUG | [           main] [SQL ] 
    select
        lc1_0."album_id",
        lc1_0."id",
        lc1_0."is_active",
        lc1_0."created_at",
        lc1_0."fecha_lanzamiento",
        lc1_0."imagen",
        lc1_0."nombre",
        lc1_0."tipo_lamina",
        lc1_0."updated_at" 
    from
        "lamina_catalogo" lc1_0 
    where
        lc1_0."album_id"=?
23:55:27.139 DEBUG | [           main] [SQL ] 
    update
        "album" 
    set
        "is_active"=?,
        "descripcion"=?,
        "nombre"=?,
        "updated_at"=?,
        "release_year"=? 
    where
        "id"=?
23:55:27.140 DEBUG | [           main] [SQL ] 
    update
        "lamina_catalogo" 
    set
        "is_active"=?,
        "album_id"=?,
        "fecha_lanzamiento"=?,
        "imagen"=?,
        "nombre"=?,
        "tipo_lamina"=?,
        "updated_at"=? 
    where
        "id"=?
23:55:27.141 DEBUG | [           main] [SQL ] 
    update
        "lamina_catalogo" 
    set
        "is_active"=?,
        "album_id"=?,
        "fecha_lanzamiento"=?,
        "imagen"=?,
        "nombre"=?,
        "tipo_lamina"=?,
        "updated_at"=? 
    where
        "id"=?
23:55:27.141 DEBUG | [           main] [SQL ] 
    update
        "lamina_catalogo" 
    set
        "is_active"=?,
        "album_id"=?,
        "fecha_lanzamiento"=?,
        "imagen"=?,
        "nombre"=?,
        "tipo_lamina"=?,
        "updated_at"=? 
    where
        "id"=?
23:55:27.141 DEBUG | [           main] [SQL ] 
    insert 
    into
        "lamina"
        ("is_active", "album_id", "created_at", "fecha_lanzamiento", "imagen", "nombre", "tipo_lamina", "updated_at", "id") 
    values
        (?, ?, ?, ?, ?, ?, ?, ?, default)
23:55:27.142 DEBUG | [           main] [SQL ] 
    insert 
    into
        "lamina"
        ("is_active", "album_id", "created_at", "fecha_lanzamiento", "imagen", "nombre", "tipo_lamina", "updated_at", "id") 
    values
        (?, ?, ?, ?, ?, ?, ?, ?, default)
23:55:27.143 DEBUG | [           main] [SQL ] 
    insert 
    into
        "lamina"
        ("is_active", "album_id", "created_at", "fecha_lanzamiento", "imagen", "nombre", "tipo_lamina", "updated_at", "id") 
    values
        (?, ?, ?, ?, ?, ?, ?, ?, default)
23:55:27.143 DEBUG | [           main] [SQL ] 
    insert 
    into
        "lamina"
        ("is_active", "album_id", "created_at", "fecha_lanzamiento", "imagen", "nombre", "tipo_lamina", "updated_at", "id") 
    values
        (?, ?, ?, ?, ?, ?, ?, ?, default)
23:55:27.144 DEBUG | [           main] [SQL ] 
    insert 
    into
        "lamina"
        ("is_active", "album_id", "created_at", "fecha_lanzamiento", "imagen", "nombre", "tipo_lamina", "updated_at", "id") 
    values
        (?, ?, ?, ?, ?, ?, ?, ?, default)
23:55:27.145 DEBUG | [           main] [SQL ] 
    select
        a1_0."id",
        a1_0."is_active",
        a1_0."created_at",
        a1_0."descripcion",
        a1_0."nombre",
        a1_0."updated_at",
        a1_0."release_year",
        l1_0."album_id",
        l1_0."id",
        l1_0."is_active",
        l1_0."created_at",
        l1_0."fecha_lanzamiento",
        l1_0."imagen",
        l1_0."nombre",
        l1_0."tipo_lamina",
        l1_0."updated_at" 
    from
        "album" a1_0 
    left join
        "lamina" l1_0 
            on a1_0."id"=l1_0."album_id" 
    where
        a1_0."id"=?
23:55:27.147 DEBUG | [           main] [SQL ] 
    select
        lc1_0."album_id",
        lc1_0."id",
        lc1_0."is_active",
        lc1_0."created_at",
        lc1_0."fecha_lanzamiento",
        lc1_0."imagen",
        lc1_0."nombre",
        lc1_0."tipo_lamina",
        lc1_0."updated_at" 
    from
        "lamina_catalogo" lc1_0 
    where
        lc1_0."album_id"=?
23:55:27.149 DEBUG | [           main] [SQL ] 
    update
        "lamina" 
    set
        "is_active"=?,
        "album_id"=?,
        "fecha_lanzamiento"=?,
        "imagen"=?,
        "nombre"=?,
        "tipo_lamina"=?,
        "updated_at"=? 
    where
        "id"=?
23:55:27.149 DEBUG | [           main] [SQL ] 
    update
        "album" 
    set
        "is_active"=?,
        "descripcion"=?,
        "nombre"=?,
        "updated_at"=?,
        "release_year"=? 
    where
        "id"=?
23:55:27.149 DEBUG | [           main] [SQL ] 
    update
        "lamina" 
    set
        "is_active"=?,
        "album_id"=?,
        "fecha_lanzamiento"=?,
        "imagen"=?,
        "nombre"=?,
        "tipo_lamina"=?,
        "updated_at"=? 
    where
        "id"=?
23:55:27.149 DEBUG | [           main] [SQL ] 
    update
        "lamina" 
    set
        "is_active"=?,
        "album_id"=?,
        "fecha_lanzamiento"=?,
        "imagen"=?,
        "nombre"=?,
        "tipo_lamina"=?,
        "updated_at"=? 
    where
        "id"=?
23:55:27.149 DEBUG | [           main] [SQL ] 
    update
        "lamina_catalogo" 
    set
        "is_active"=?,
        "album_id"=?,
        "fecha_lanzamiento"=?,
        "imagen"=?,
        "nombre"=?,
        "tipo_lamina"=?,
        "updated_at"=? 
    where
        "id"=?
23:55:27.149 DEBUG | [           main] [SQL ] 
    update
        "lamina_catalogo" 
    set
        "is_active"=?,
        "album_id"=?,
        "fecha_lanzamiento"=?,
        "imagen"=?,
        "nombre"=?,
        "tipo_lamina"=?,
        "updated_at"=? 
    where
        "id"=?
23:55:27.150 DEBUG | [           main] [SQL ] 
    update
        "lamina_catalogo" 
    set
        "is_active"=?,
        "album_id"=?,
        "fecha_lanzamiento"=?,
        "imagen"=?,
        "nombre"=?,
        "tipo_lamina"=?,
        "updated_at"=? 
    where
        "id"=?
23:55:27.151 DEBUG | [           main] [SQL ] 
    select
        l1_0."id",
        l1_0."is_active",
        l1_0."album_id",
        l1_0."created_at",
        l1_0."fecha_lanzamiento",
        l1_0."imagen",
        l1_0."nombre",
        l1_0."tipo_lamina",
        l1_0."updated_at" 
    from
        "lamina" l1_0 
    where
        l1_0."album_id"=? 
        and l1_0."nombre"=? 
        and l1_0."is_active"
23:55:27.151 DEBUG | [           main] [SQL ] 
    select
        a1_0."id",
        a1_0."is_active",
        a1_0."created_at",
        a1_0."descripcion",
        a1_0."nombre",
        a1_0."updated_at",
        a1_0."release_year" 
    from
        "album" a1_0 
    where
        a1_0."id"=?
23:55:27.153 DEBUG | [           main] [SQL ] 
    select
        l1_0."id",
        l1_0."is_active",
        l1_0."album_id",
        l1_0."created_at",
        l1_0."fecha_lanzamiento",
        l1_0."imagen",
        l1_0."nombre",
        l1_0."tipo_lamina",
        l1_0."updated_at" 
    from
        "lamina" l1_0 
    where
        l1_0."album_id"=? 
        and l1_0."nombre"=? 
        and l1_0."is_active"
23:55:27.153 DEBUG | [           main] [SQL ] 
    select
        a1_0."id",
        a1_0."is_active",
        a1_0."created_at",
        a1_0."descripcion",
        a1_0."nombre",
        a1_0."updated_at",
        a1_0."release_year" 
    from
        "album" a1_0 
    where
        a1_0."id"=?
23:55:27.154 DEBUG | [           main] [SQL ] 
    select
        l1_0."id",
        l1_0."is_active",
        l1_0."album_id",
        l1_0."created_at",
        l1_0."fecha_lanzamiento",
        l1_0."imagen",
        l1_0."nombre",
        l1_0."tipo_lamina",
        l1_0."updated_at" 
    from
        "lamina" l1_0 
    where
        l1_0."album_id"=? 
        and l1_0."nombre"=? 
        and l1_0."is_active"
23:55:27.154 DEBUG | [           main] [SQL ] 
    select
        a1_0."id",
        a1_0."is_active",
        a1_0."created_at",
        a1_0."descripcion",
        a1_0."nombre",
        a1_0."updated_at",
        a1_0."release_year" 
    from
        "album" a1_0 
    where
        a1_0."id"=?
23:55:27.155 DEBUG | [           main] [SQL ] 
    select
        a1_0."id",
        a1_0."is_active",
        a1_0."created_at",
        a1_0."descripcion",
        a1_0."nombre",
        a1_0."updated_at",
        a1_0."release_year",
        l1_0."album_id",
        l1_0."id",
        l1_0."is_active",
        l1_0."created_at",
        l1_0."fecha_lanzamiento",
        l1_0."imagen",
        l1_0."nombre",
        l1_0."tipo_lamina",
        l1_0."updated_at" 
    from
        "album" a1_0 
    left join
        "lamina" l1_0 
            on a1_0."id"=l1_0."album_id" 
    where
        a1_0."id"=?
23:55:27.156 DEBUG | [           main] [SQL ] 
    select
        lc1_0."album_id",
        lc1_0."id",
        lc1_0."is_active",
        lc1_0."created_at",
        lc1_0."fecha_lanzamiento",
        lc1_0."imagen",
        lc1_0."nombre",
        lc1_0."tipo_lamina",
        lc1_0."updated_at" 
    from
        "lamina_catalogo" lc1_0 
    where
        lc1_0."album_id"=?
23:55:27.157 DEBUG | [           main] [SQL ] 
    update
        "lamina" 
    set
        "is_active"=?,
        "album_id"=?,
        "fecha_lanzamiento"=?,
        "imagen"=?,
        "nombre"=?,
        "tipo_lamina"=?,
        "updated_at"=? 
    where
        "id"=?
23:55:27.158 DEBUG | [           main] [SQL ] 
    update
        "album" 
    set
        "is_active"=?,
        "descripcion"=?,
        "nombre"=?,
        "updated_at"=?,
        "release_year"=? 
    where
        "id"=?
23:55:27.158 DEBUG | [           main] [SQL ] 
    update
        "lamina" 
    set
        "is_active"=?,
        "album_id"=?,
        "fecha_lanzamiento"=?,
        "imagen"=?,
        "nombre"=?,
        "tipo_lamina"=?,
        "updated_at"=? 
    where
        "id"=?
23:55:27.158 DEBUG | [           main] [SQL ] 
    update
        "lamina" 
    set
        "is_active"=?,
        "album_id"=?,
        "fecha_lanzamiento"=?,
        "imagen"=?,
        "nombre"=?,
        "tipo_lamina"=?,
        "updated_at"=? 
    where
        "id"=?
23:55:27.159 DEBUG | [           main] [SQL ] 
    update
        "lamina_catalogo" 
    set
        "is_active"=?,
        "album_id"=?,
        "fecha_lanzamiento"=?,
        "imagen"=?,
        "nombre"=?,
        "tipo_lamina"=?,
        "updated_at"=? 
    where
        "id"=?
23:55:27.159 DEBUG | [           main] [SQL ] 
    update
        "lamina_catalogo" 
    set
        "is_active"=?,
        "album_id"=?,
        "fecha_lanzamiento"=?,
        "imagen"=?,
        "nombre"=?,
        "tipo_lamina"=?,
        "updated_at"=? 
    where
        "id"=?
23:55:27.159 DEBUG | [           main] [SQL ] 
    update
        "lamina_catalogo" 
    set
        "is_active"=?,
        "album_id"=?,
        "fecha_lanzamiento"=?,
        "imagen"=?,
        "nombre"=?,
        "tipo_lamina"=?,
        "updated_at"=? 
    where
        "id"=?
23:55:27.160 DEBUG | [           main] [SQL ] 
    insert 
    into
        "album"
        ("is_active", "created_at", "descripcion", "nombre", "updated_at", "release_year", "id") 
    values
        (?, ?, ?, ?, ?, ?, default)
23:55:27.161 DEBUG | [           main] [SQL ] 
    insert 
    into
        "lamina_catalogo"
        ("is_active", "album_id", "created_at", "fecha_lanzamiento", "imagen", "nombre", "tipo_lamina", "updated_at", "id") 
    values
        (?, ?, ?, ?, ?, ?, ?, ?, default)
23:55:27.162 DEBUG | [           main] [SQL ] 
    insert 
    into
        "lamina_catalogo"
        ("is_active", "album_id", "created_at", "fecha_lanzamiento", "imagen", "nombre", "tipo_lamina", "updated_at", "id") 
    values
        (?, ?, ?, ?, ?, ?, ?, ?, default)
23:55:27.163 DEBUG | [           main] [SQL ] 
    insert 
    into
        "lamina_catalogo"
        ("is_active", "album_id", "created_at", "fecha_lanzamiento", "imagen", "nombre", "tipo_lamina", "updated_at", "id") 
    values
        (?, ?, ?, ?, ?, ?, ?, ?, default)
23:55:27.163 DEBUG | [           main] [SQL ] 
    select
        a1_0."id",
        a1_0."is_active",
        a1_0."created_at",
        a1_0."descripcion",
        a1_0."nombre",
        a1_0."updated_at",
        a1_0."release_year",
        l1_0."album_id",
        l1_0."id",
        l1_0."is_active",
        l1_0."created_at",
        l1_0."fecha_lanzamiento",
        l1_0."imagen",
        l1_0."nombre",
        l1_0."tipo_lamina",
        l1_0."updated_at" 
    from
        "album" a1_0 
    left join
        "lamina" l1_0 
            on a1_0."id"=l1_0."album_id" 
    where
        a1_0."id"=?
23:55:27.164 DEBUG | [           main] [SQL ] 
    select
        lc1_0."album_id",
        lc1_0."id",
        lc1_0."is_active",
        lc1_0."created_at",
        lc1_0."fecha_lanzamiento",
        lc1_0."imagen",
        lc1_0."nombre",
        lc1_0."tipo_lamina",
        lc1_0."updated_at" 
    from
        "lamina_catalogo" lc1_0 
    where
        lc1_0."album_id"=?
23:55:27.166 DEBUG | [           main] [SQL ] 
    update
        "album" 
    set
        "is_active"=?,
        "descripcion"=?,
        "nombre"=?,
        "updated_at"=?,
        "release_year"=? 
    where
        "id"=?
23:55:27.166 DEBUG | [           main] [SQL ] 
    update
        "lamina_catalogo" 
    set
        "is_active"=?,
        "album_id"=?,
        "fecha_lanzamiento"=?,
        "imagen"=?,
        "nombre"=?,
        "tipo_lamina"=?,
        "updated_at"=? 
    where
        "id"=?
23:55:27.166 DEBUG | [           main] [SQL ] 
    update
        "lamina_catalogo" 
    set
        "is_active"=?,
        "album_id"=?,
        "fecha_lanzamiento"=?,
        "imagen"=?,
        "nombre"=?,
        "tipo_lamina"=?,
        "updated_at"=? 
    where
        "id"=?
23:55:27.166 DEBUG | [           main] [SQL ] 
    update
        "lamina_catalogo" 
    set
        "is_active"=?,
        "album_id"=?,
        "fecha_lanzamiento"=?,
        "imagen"=?,
        "nombre"=?,
        "tipo_lamina"=?,
        "updated_at"=? 
    where
        "id"=?
23:55:27.167 DEBUG | [           main] [SQL ] 
    insert 
    into
        "lamina"
        ("is_active", "album_id", "created_at", "fecha_lanzamiento", "imagen", "nombre", "tipo_lamina", "updated_at", "id") 
    values
        (?, ?, ?, ?, ?, ?, ?, ?, default)
23:55:27.168 DEBUG | [           main] [SQL ] 
    insert 
    into
        "lamina"
        ("is_active", "album_id", "created_at", "fecha_lanzamiento", "imagen", "nombre", "tipo_lamina", "updated_at", "id") 
    values
        (?, ?, ?, ?, ?, ?, ?, ?, default)
23:55:27.169 DEBUG | [           main] [SQL ] 
    insert 
    into
        "lamina"
        ("is_active", "album_id", "created_at", "fecha_lanzamiento", "imagen", "nombre", "tipo_lamina", "updated_at", "id") 
    values
        (?, ?, ?, ?, ?, ?, ?, ?, default)
23:55:27.169 DEBUG | [           main] [SQL ] 
    select
        a1_0."id",
        a1_0."is_active",
        a1_0."created_at",
        a1_0."descripcion",
        a1_0."nombre",
        a1_0."updated_at",
        a1_0."release_year",
        l1_0."album_id",
        l1_0."id",
        l1_0."is_active",
        l1_0."created_at",
        l1_0."fecha_lanzamiento",
        l1_0."imagen",
        l1_0."nombre",
        l1_0."tipo_lamina",
        l1_0."updated_at" 
    from
        "album" a1_0 
    left join
        "lamina" l1_0 
            on a1_0."id"=l1_0."album_id" 
    where
        a1_0."id"=?
23:55:27.170 DEBUG | [           main] [SQL ] 
    select
        lc1_0."album_id",
        lc1_0."id",
        lc1_0."is_active",
        lc1_0."created_at",
        lc1_0."fecha_lanzamiento",
        lc1_0."imagen",
        lc1_0."nombre",
        lc1_0."tipo_lamina",
        lc1_0."updated_at" 
    from
        "lamina_catalogo" lc1_0 
    where
        lc1_0."album_id"=?
23:55:27.172 DEBUG | [           main] [SQL ] 
    update
        "lamina" 
    set
        "is_active"=?,
        "album_id"=?,
        "fecha_lanzamiento"=?,
        "imagen"=?,
        "nombre"=?,
        "tipo_lamina"=?,
        "updated_at"=? 
    where
        "id"=?
23:55:27.172 DEBUG | [           main] [SQL ] 
    update
        "album" 
    set
        "is_active"=?,
        "descripcion"=?,
        "nombre"=?,
        "updated_at"=?,
        "release_year"=? 
    where
        "id"=?
23:55:27.173 DEBUG | [           main] [SQL ] 
    update
        "lamina" 
    set
        "is_active"=?,
        "album_id"=?,
        "fecha_lanzamiento"=?,
        "imagen"=?,
        "nombre"=?,
        "tipo_lamina"=?,
        "updated_at"=? 
    where
        "id"=?
23:55:27.173 DEBUG | [           main] [SQL ] 
    update
        "lamina_catalogo" 
    set
        "is_active"=?,
        "album_id"=?,
        "fecha_lanzamiento"=?,
        "imagen"=?,
        "nombre"=?,
        "tipo_lamina"=?,
        "updated_at"=? 
    where
        "id"=?
23:55:27.173 DEBUG | [           main] [SQL ] 
    update
        "lamina_catalogo" 
    set
        "is_active"=?,
        "album_id"=?,
        "fecha_lanzamiento"=?,
        "imagen"=?,
        "nombre"=?,
        "tipo_lamina"=?,
        "updated_at"=? 
    where
        "id"=?
23:55:27.174 DEBUG | [           main] [SQL ] 
    update
        "lamina_catalogo" 
    set
        "is_active"=?,
        "album_id"=?,
        "fecha_lanzamiento"=?,
        "imagen"=?,
        "nombre"=?,
        "tipo_lamina"=?,
        "updated_at"=? 
    where
        "id"=?
23:55:27.175 DEBUG | [           main] [SQL ] 
    select
        l1_0."id",
        l1_0."is_active",
        l1_0."album_id",
        l1_0."created_at",
        l1_0."fecha_lanzamiento",
        l1_0."imagen",
        l1_0."nombre",
        l1_0."tipo_lamina",
        l1_0."updated_at" 
    from
        "lamina" l1_0 
    where
        l1_0."album_id"=? 
        and l1_0."nombre"=? 
        and l1_0."is_active"
23:55:27.175 DEBUG | [           main] [SQL ] 
    select
        a1_0."id",
        a1_0."is_active",
        a1_0."created_at",
        a1_0."descripcion",
        a1_0."nombre",
        a1_0."updated_at",
        a1_0."release_year" 
    from
        "album" a1_0 
    where
        a1_0."id"=?
23:55:27.177 DEBUG | [           main] [SQL ] 
    select
        l1_0."id",
        l1_0."is_active",
        l1_0."album_id",
        l1_0."created_at",
        l1_0."fecha_lanzamiento",
        l1_0."imagen",
        l1_0."nombre",
        l1_0."tipo_lamina",
        l1_0."updated_at" 
    from
        "lamina" l1_0 
    where
        l1_0."album_id"=? 
        and l1_0."nombre"=? 
        and l1_0."is_active"
23:55:27.177 DEBUG | [           main] [SQL ] 
    select
        a1_0."id",
        a1_0."is_active",
        a1_0."created_at",
        a1_0."descripcion",
        a1_0."nombre",
        a1_0."updated_at",
        a1_0."release_year" 
    from
        "album" a1_0 
    where
        a1_0."id"=?
23:55:27.178 DEBUG | [           main] [SQL ] 
    select
        l1_0."id",
        l1_0."is_active",
        l1_0."album_id",
        l1_0."created_at",
        l1_0."fecha_lanzamiento",
        l1_0."imagen",
        l1_0."nombre",
        l1_0."tipo_lamina",
        l1_0."updated_at" 
    from
        "lamina" l1_0 
    where
        l1_0."album_id"=? 
        and l1_0."nombre"=? 
        and l1_0."is_active"
23:55:27.179 DEBUG | [           main] [SQL ] 
    select
        a1_0."id",
        a1_0."is_active",
        a1_0."created_at",
        a1_0."descripcion",
        a1_0."nombre",
        a1_0."updated_at",
        a1_0."release_year" 
    from
        "album" a1_0 
    where
        a1_0."id"=?
23:55:27.179 DEBUG | [           main] [SQL ] 
    select
        a1_0."id",
        a1_0."is_active",
        a1_0."created_at",
        a1_0."descripcion",
        a1_0."nombre",
        a1_0."updated_at",
        a1_0."release_year",
        l1_0."album_id",
        l1_0."id",
        l1_0."is_active",
        l1_0."created_at",
        l1_0."fecha_lanzamiento",
        l1_0."imagen",
        l1_0."nombre",
        l1_0."tipo_lamina",
        l1_0."updated_at" 
    from
        "album" a1_0 
    left join
        "lamina" l1_0 
            on a1_0."id"=l1_0."album_id" 
    where
        a1_0."id"=?
23:55:27.180 DEBUG | [           main] [SQL ] 
    select
        lc1_0."album_id",
        lc1_0."id",
        lc1_0."is_active",
        lc1_0."created_at",
        lc1_0."fecha_lanzamiento",
        lc1_0."imagen",
        lc1_0."nombre",
        lc1_0."tipo_lamina",
        lc1_0."updated_at" 
    from
        "lamina_catalogo" lc1_0 
    where
        lc1_0."album_id"=?
23:55:27.181 DEBUG | [           main] [SQL ] 
    update
        "lamina" 
    set
        "is_active"=?,
        "album_id"=?,
        "fecha_lanzamiento"=?,
        "imagen"=?,
        "nombre"=?,
        "tipo_lamina"=?,
        "updated_at"=? 
    where
        "id"=?
23:55:27.181 DEBUG | [           main] [SQL ] 
    update
        "album" 
    set
        "is_active"=?,
        "descripcion"=?,
        "nombre"=?,
        "updated_at"=?,
        "release_year"=? 
    where
        "id"=?
23:55:27.181 DEBUG | [           main] [SQL ] 
    update
        "lamina" 
    set
        "is_active"=?,
        "album_id"=?,
        "fecha_lanzamiento"=?,
        "imagen"=?,
        "nombre"=?,
        "tipo_lamina"=?,
        "updated_at"=? 
    where
        "id"=?
23:55:27.181 DEBUG | [           main] [SQL ] 
    update
        "lamina_catalogo" 
    set
        "is_active"=?,
        "album_id"=?,
        "fecha_lanzamiento"=?,
        "imagen"=?,
        "nombre"=?,
        "tipo_lamina"=?,
        "updated_at"=? 
    where
        "id"=?
23:55:27.182 DEBUG | [           main] [SQL ] 
    update
        "lamina_catalogo" 
    set
        "is_active"=?,
        "album_id"=?,
        "fecha_lanzamiento"=?,
        "imagen"=?,
        "nombre"=?,
        "tipo_lamina"=?,
        "updated_at"=? 
    where
        "id"=?
23:55:27.182 DEBUG | [           main] [SQL ] 
    update
        "lamina_catalogo" 
    set
        "is_active"=?,
        "album_id"=?,
        "fecha_lanzamiento"=?,
        "imagen"=?,
        "nombre"=?,
        "tipo_lamina"=?,
        "updated_at"=? 
    where
        "id"=?
23:55:27.182 DEBUG | [           main] [SQL ] 
    insert 
    into
        "album"
        ("is_active", "created_at", "descripcion", "nombre", "updated_at", "release_year", "id") 
    values
        (?, ?, ?, ?, ?, ?, default)
23:55:27.183 DEBUG | [           main] [SQL ] 
    insert 
    into
        "lamina_catalogo"
        ("is_active", "album_id", "created_at", "fecha_lanzamiento", "imagen", "nombre", "tipo_lamina", "updated_at", "id") 
    values
        (?, ?, ?, ?, ?, ?, ?, ?, default)
23:55:27.185 DEBUG | [           main] [SQL ] 
    insert 
    into
        "lamina_catalogo"
        ("is_active", "album_id", "created_at", "fecha_lanzamiento", "imagen", "nombre", "tipo_lamina", "updated_at", "id") 
    values
        (?, ?, ?, ?, ?, ?, ?, ?, default)
23:55:27.185 DEBUG | [           main] [SQL ] 
    insert 
    into
        "lamina_catalogo"
        ("is_active", "album_id", "created_at", "fecha_lanzamiento", "imagen", "nombre", "tipo_lamina", "updated_at", "id") 
    values
        (?, ?, ?, ?, ?, ?, ?, ?, default)
23:55:27.186 DEBUG | [           main] [SQL ] 
    select
        a1_0."id",
        a1_0."is_active",
        a1_0."created_at",
        a1_0."descripcion",
        a1_0."nombre",
        a1_0."updated_at",
        a1_0."release_year",
        l1_0."album_id",
        l1_0."id",
        l1_0."is_active",
        l1_0."created_at",
        l1_0."fecha_lanzamiento",
        l1_0."imagen",
        l1_0."nombre",
        l1_0."tipo_lamina",
        l1_0."updated_at" 
    from
        "album" a1_0 
    left join
        "lamina" l1_0 
            on a1_0."id"=l1_0."album_id" 
    where
        a1_0."id"=?
23:55:27.186 DEBUG | [           main] [SQL ] 
    select
        lc1_0."album_id",
        lc1_0."id",
        lc1_0."is_active",
        lc1_0."created_at",
        lc1_0."fecha_lanzamiento",
        lc1_0."imagen",
        lc1_0."nombre",
        lc1_0."tipo_lamina",
        lc1_0."updated_at" 
    from
        "lamina_catalogo" lc1_0 
    where
        lc1_0."album_id"=?
23:55:27.187 DEBUG | [           main] [SQL ] 
    update
        "album" 
    set
        "is_active"=?,
        "descripcion"=?,
        "nombre"=?,
        "updated_at"=?,
        "release_year"=? 
    where
        "id"=?
23:55:27.188 DEBUG | [           main] [SQL ] 
    update
        "lamina_catalogo" 
    set
        "is_active"=?,
        "album_id"=?,
        "fecha_lanzamiento"=?,
        "imagen"=?,
        "nombre"=?,
        "tipo_lamina"=?,
        "updated_at"=? 
    where
        "id"=?
23:55:27.188 DEBUG | [           main] [SQL ] 
    update
        "lamina_catalogo" 
    set
        "is_active"=?,
        "album_id"=?,
        "fecha_lanzamiento"=?,
        "imagen"=?,
        "nombre"=?,
        "tipo_lamina"=?,
        "updated_at"=? 
    where
        "id"=?
23:55:27.188 DEBUG | [           main] [SQL ] 
    update
        "lamina_catalogo" 
    set
        "is_active"=?,
        "album_id"=?,
        "fecha_lanzamiento"=?,
        "imagen"=?,
        "nombre"=?,
        "tipo_lamina"=?,
        "updated_at"=? 
    where
        "id"=?
23:55:27.189 DEBUG | [           main] [SQL ] 
    insert 
    into
        "lamina"
        ("is_active", "album_id", "created_at", "fecha_lanzamiento", "imagen", "nombre", "tipo_lamina", "updated_at", "id") 
    values
        (?, ?, ?, ?, ?, ?, ?, ?, default)
23:55:27.189 DEBUG | [           main] [SQL ] 
    select
        a1_0."id",
        a1_0."is_active",
        a1_0."created_at",
        a1_0."descripcion",
        a1_0."nombre",
        a1_0."updated_at",
        a1_0."release_year",
        l1_0."album_id",
        l1_0."id",
        l1_0."is_active",
        l1_0."created_at",
        l1_0."fecha_lanzamiento",
        l1_0."imagen",
        l1_0."nombre",
        l1_0."tipo_lamina",
        l1_0."updated_at" 
    from
        "album" a1_0 
    left join
        "lamina" l1_0 
            on a1_0."id"=l1_0."album_id" 
    where
        a1_0."id"=?
23:55:27.189 DEBUG | [           main] [SQL ] 
    select
        lc1_0."album_id",
        lc1_0."id",
        lc1_0."is_active",
        lc1_0."created_at",
        lc1_0."fecha_lanzamiento",
        lc1_0."imagen",
        lc1_0."nombre",
        lc1_0."tipo_lamina",
        lc1_0."updated_at" 
    from
        "lamina_catalogo" lc1_0 
    where
        lc1_0."album_id"=?
23:55:27.190 DEBUG | [           main] [SQL ] 
    update
        "lamina" 
    set
        "is_active"=?,
        "album_id"=?,
        "fecha_lanzamiento"=?,
        "imagen"=?,
        "nombre"=?,
        "tipo_lamina"=?,
        "updated_at"=? 
    where
        "id"=?
23:55:27.191 DEBUG | [           main] [SQL ] 
    update
        "album" 
    set
        "is_active"=?,
        "descripcion"=?,
        "nombre"=?,
        "updated_at"=?,
        "release_year"=? 
    where
        "id"=?
23:55:27.191 DEBUG | [           main] [SQL ] 
    update
        "lamina_catalogo" 
    set
        "is_active"=?,
        "album_id"=?,
        "fecha_lanzamiento"=?,
        "imagen"=?,
        "nombre"=?,
        "tipo_lamina"=?,
        "updated_at"=? 
    where
        "id"=?
23:55:27.191 DEBUG | [           main] [SQL ] 
    update
        "lamina_catalogo" 
    set
        "is_active"=?,
        "album_id"=?,
        "fecha_lanzamiento"=?,
        "imagen"=?,
        "nombre"=?,
        "tipo_lamina"=?,
        "updated_at"=? 
    where
        "id"=?
23:55:27.191 DEBUG | [           main] [SQL ] 
    update
        "lamina_catalogo" 
    set
        "is_active"=?,
        "album_id"=?,
        "fecha_lanzamiento"=?,
        "imagen"=?,
        "nombre"=?,
        "tipo_lamina"=?,
        "updated_at"=? 
    where
        "id"=?
23:55:27.193 DEBUG | [           main] [SQL ] 
    select
        l1_0."id",
        l1_0."is_active",
        l1_0."album_id",
        l1_0."created_at",
        l1_0."fecha_lanzamiento",
        l1_0."imagen",
        l1_0."nombre",
        l1_0."tipo_lamina",
        l1_0."updated_at" 
    from
        "lamina" l1_0 
    where
        l1_0."album_id"=? 
        and l1_0."nombre"=? 
        and l1_0."is_active"
23:55:27.193 DEBUG | [           main] [SQL ] 
    select
        a1_0."id",
        a1_0."is_active",
        a1_0."created_at",
        a1_0."descripcion",
        a1_0."nombre",
        a1_0."updated_at",
        a1_0."release_year" 
    from
        "album" a1_0 
    where
        a1_0."id"=?
23:55:27.194 DEBUG | [           main] [SQL ] 
    select
        l1_0."id",
        l1_0."is_active",
        l1_0."album_id",
        l1_0."created_at",
        l1_0."fecha_lanzamiento",
        l1_0."imagen",
        l1_0."nombre",
        l1_0."tipo_lamina",
        l1_0."updated_at" 
    from
        "lamina" l1_0 
    where
        l1_0."album_id"=? 
        and l1_0."nombre"=? 
        and l1_0."is_active"
23:55:27.195 DEBUG | [           main] [SQL ] 
    insert 
    into
        "lamina"
        ("is_active", "album_id", "created_at", "fecha_lanzamiento", "imagen", "nombre", "tipo_lamina", "updated_at", "id") 
    values
        (?, ?, ?, ?, ?, ?, ?, ?, default)
23:55:27.196 DEBUG | [           main] [SQL ] 
    select
        l1_0."id",
        l1_0."is_active",
        l1_0."album_id",
        l1_0."created_at",
        l1_0."fecha_lanzamiento",
        l1_0."imagen",
        l1_0."nombre",
        l1_0."tipo_lamina",
        l1_0."updated_at" 
    from
        "lamina" l1_0 
    where
        l1_0."album_id"=? 
        and l1_0."nombre"=? 
        and l1_0."is_active"
23:55:27.196 DEBUG | [           main] [SQL ] 
    insert 
    into
        "lamina"
        ("is_active", "album_id", "created_at", "fecha_lanzamiento", "imagen", "nombre", "tipo_lamina", "updated_at", "id") 
    values
        (?, ?, ?, ?, ?, ?, ?, ?, default)
23:55:27.197 DEBUG | [           main] [SQL ] 
    select
        a1_0."id",
        a1_0."is_active",
        a1_0."created_at",
        a1_0."descripcion",
        a1_0."nombre",
        a1_0."updated_at",
        a1_0."release_year",
        l1_0."album_id",
        l1_0."id",
        l1_0."is_active",
        l1_0."created_at",
        l1_0."fecha_lanzamiento",
        l1_0."imagen",
        l1_0."nombre",
        l1_0."tipo_lamina",
        l1_0."updated_at" 
    from
        "album" a1_0 
    left join
        "lamina" l1_0 
            on a1_0."id"=l1_0."album_id" 
    where
        a1_0."id"=?
23:55:27.198 DEBUG | [           main] [SQL ] 
    select
        lc1_0."album_id",
        lc1_0."id",
        lc1_0."is_active",
        lc1_0."created_at",
        lc1_0."fecha_lanzamiento",
        lc1_0."imagen",
        lc1_0."nombre",
        lc1_0."tipo_lamina",
        lc1_0."updated_at" 
    from
        "lamina_catalogo" lc1_0 
    where
        lc1_0."album_id"=?
23:55:27.200 DEBUG | [           main] [SQL ] 
    update
        "lamina" 
    set
        "is_active"=?,
        "album_id"=?,
        "fecha_lanzamiento"=?,
        "imagen"=?,
        "nombre"=?,
        "tipo_lamina"=?,
        "updated_at"=? 
    where
        "id"=?
23:55:27.200 DEBUG | [           main] [SQL ] 
    update
        "album" 
    set
        "is_active"=?,
        "descripcion"=?,
        "nombre"=?,
        "updated_at"=?,
        "release_year"=? 
    where
        "id"=?
23:55:27.200 DEBUG | [           main] [SQL ] 
    update
        "lamina" 
    set
        "is_active"=?,
        "album_id"=?,
        "fecha_lanzamiento"=?,
        "imagen"=?,
        "nombre"=?,
        "tipo_lamina"=?,
        "updated_at"=? 
    where
        "id"=?
23:55:27.200 DEBUG | [           main] [SQL ] 
    update
        "lamina" 
    set
        "is_active"=?,
        "album_id"=?,
        "fecha_lanzamiento"=?,
        "imagen"=?,
        "nombre"=?,
        "tipo_lamina"=?,
        "updated_at"=? 
    where
        "id"=?
23:55:27.201 DEBUG | [           main] [SQL ] 
    update
        "lamina_catalogo" 
    set
        "is_active"=?,
        "album_id"=?,
        "fecha_lanzamiento"=?,
        "imagen"=?,
        "nombre"=?,
        "tipo_lamina"=?,
        "updated_at"=? 
    where
        "id"=?
23:55:27.201 DEBUG | [           main] [SQL ] 
    update
        "lamina_catalogo" 
    set
        "is_active"=?,
        "album_id"=?,
        "fecha_lanzamiento"=?,
        "imagen"=?,
        "nombre"=?,
        "tipo_lamina"=?,
        "updated_at"=? 
    where
        "id"=?
23:55:27.201 DEBUG | [           main] [SQL ] 
    update
        "lamina_catalogo" 
    set
        "is_active"=?,
        "album_id"=?,
        "fecha_lanzamiento"=?,
        "imagen"=?,
        "nombre"=?,
        "tipo_lamina"=?,
        "updated_at"=? 
    where
        "id"=?
23:55:27.202 DEBUG | [           main] [SQL ] 
    insert 
    into
        "album"
        ("is_active", "created_at", "descripcion", "nombre", "updated_at", "release_year", "id") 
    values
        (?, ?, ?, ?, ?, ?, default)
23:55:27.203 DEBUG | [           main] [SQL ] 
    insert 
    into
        "lamina_catalogo"
        ("is_active", "album_id", "created_at", "fecha_lanzamiento", "imagen", "nombre", "tipo_lamina", "updated_at", "id") 
    values
        (?, ?, ?, ?, ?, ?, ?, ?, default)
23:55:27.204 DEBUG | [           main] [SQL ] 
    insert 
    into
        "lamina_catalogo"
        ("is_active", "album_id", "created_at", "fecha_lanzamiento", "imagen", "nombre", "tipo_lamina", "updated_at", "id") 
    values
        (?, ?, ?, ?, ?, ?, ?, ?, default)
23:55:27.204 DEBUG | [           main] [SQL ] 
    insert 
    into
        "lamina_catalogo"
        ("is_active", "album_id", "created_at", "fecha_lanzamiento", "imagen", "nombre", "tipo_lamina", "updated_at", "id") 
    values
        (?, ?, ?, ?, ?, ?, ?, ?, default)
23:55:27.205 DEBUG | [           main] [SQL ] 
    select
        a1_0."id",
        a1_0."is_active",
        a1_0."created_at",
        a1_0."descripcion",
        a1_0."nombre",
        a1_0."updated_at",
        a1_0."release_year",
        l1_0."album_id",
        l1_0."id",
        l1_0."is_active",
        l1_0."created_at",
        l1_0."fecha_lanzamiento",
        l1_0."imagen",
        l1_0."nombre",
        l1_0."tipo_lamina",
        l1_0."updated_at" 
    from
        "album" a1_0 
    left join
        "lamina" l1_0 
            on a1_0."id"=l1_0."album_id" 
    where
        a1_0."id"=?
23:55:27.205 DEBUG | [           main] [SQL ] 
    select
        lc1_0."album_id",
        lc1_0."id",
        lc1_0."is_active",
        lc1_0."created_at",
        lc1_0."fecha_lanzamiento",
        lc1_0."imagen",
        lc1_0."nombre",
        lc1_0."tipo_lamina",
        lc1_0."updated_at" 
    from
        "lamina_catalogo" lc1_0 
    where
        lc1_0."album_id"=?
23:55:27.206 DEBUG | [           main] [SQL ] 
    update
        "album" 
    set
        "is_active"=?,
        "descripcion"=?,
        "nombre"=?,
        "updated_at"=?,
        "release_year"=? 
    where
        "id"=?
23:55:27.207 DEBUG | [           main] [SQL ] 
    update
        "lamina_catalogo" 
    set
        "is_active"=?,
        "album_id"=?,
        "fecha_lanzamiento"=?,
        "imagen"=?,
        "nombre"=?,
        "tipo_lamina"=?,
        "updated_at"=? 
    where
        "id"=?
23:55:27.207 DEBUG | [           main] [SQL ] 
    update
        "lamina_catalogo" 
    set
        "is_active"=?,
        "album_id"=?,
        "fecha_lanzamiento"=?,
        "imagen"=?,
        "nombre"=?,
        "tipo_lamina"=?,
        "updated_at"=? 
    where
        "id"=?
23:55:27.208 DEBUG | [           main] [SQL ] 
    select
        l1_0."id",
        l1_0."is_active",
        l1_0."album_id",
        l1_0."created_at",
        l1_0."fecha_lanzamiento",
        l1_0."imagen",
        l1_0."nombre",
        l1_0."tipo_lamina",
        l1_0."updated_at" 
    from
        "lamina" l1_0 
    where
        l1_0."album_id"=? 
        and l1_0."nombre"=? 
        and l1_0."is_active"
23:55:27.208 DEBUG | [           main] [SQL ] 
    insert 
    into
        "lamina"
        ("is_active", "album_id", "created_at", "fecha_lanzamiento", "imagen", "nombre", "tipo_lamina", "updated_at", "id") 
    values
        (?, ?, ?, ?, ?, ?, ?, ?, default)
23:55:27.209 DEBUG | [           main] [SQL ] 
    select
        l1_0."id",
        l1_0."is_active",
        l1_0."album_id",
        l1_0."created_at",
        l1_0."fecha_lanzamiento",
        l1_0."imagen",
        l1_0."nombre",
        l1_0."tipo_lamina",
        l1_0."updated_at" 
    from
        "lamina" l1_0 
    where
        l1_0."album_id"=? 
        and l1_0."nombre"=? 
        and l1_0."is_active"
23:55:27.210 DEBUG | [           main] [SQL ] 
    insert 
    into
        "lamina"
        ("is_active", "album_id", "created_at", "fecha_lanzamiento", "imagen", "nombre", "tipo_lamina", "updated_at", "id") 
    values
        (?, ?, ?, ?, ?, ?, ?, ?, default)
23:55:27.211 DEBUG | [           main] [SQL ] 
    select
        l1_0."id",
        l1_0."is_active",
        l1_0."album_id",
        l1_0."created_at",
        l1_0."fecha_lanzamiento",
        l1_0."imagen",
        l1_0."nombre",
        l1_0."tipo_lamina",
        l1_0."updated_at" 
    from
        "lamina" l1_0 
    where
        l1_0."album_id"=? 
        and l1_0."nombre"=? 
        and l1_0."is_active"
23:55:27.212 DEBUG | [           main] [SQL ] 
    insert 
    into
        "lamina"
        ("is_active", "album_id", "created_at", "fecha_lanzamiento", "imagen", "nombre", "tipo_lamina", "updated_at", "id") 
    values
        (?, ?, ?, ?, ?, ?, ?, ?, default)
23:55:27.212 DEBUG | [           main] [SQL ] 
    select
        a1_0."id",
        a1_0."is_active",
        a1_0."created_at",
        a1_0."descripcion",
        a1_0."nombre",
        a1_0."updated_at",
        a1_0."release_year",
        l1_0."album_id",
        l1_0."id",
        l1_0."is_active",
        l1_0."created_at",
        l1_0."fecha_lanzamiento",
        l1_0."imagen",
        l1_0."nombre",
        l1_0."tipo_lamina",
        l1_0."updated_at" 
    from
        "album" a1_0 
    left join
        "lamina" l1_0 
            on a1_0."id"=l1_0."album_id" 
    where
        a1_0."id"=?
23:55:27.212 DEBUG | [           main] [SQL ] 
    select
        lc1_0."album_id",
        lc1_0."id",
        lc1_0."is_active",
        lc1_0."created_at",
        lc1_0."fecha_lanzamiento",
        lc1_0."imagen",
        lc1_0."nombre",
        lc1_0."tipo_lamina",
        lc1_0."updated_at" 
    from
        "lamina_catalogo" lc1_0 
    where
        lc1_0."album_id"=?
23:55:27.214 DEBUG | [           main] [SQL ] 
    update
        "lamina" 
    set
        "is_active"=?,
        "album_id"=?,
        "fecha_lanzamiento"=?,
        "imagen"=?,
        "nombre"=?,
        "tipo_lamina"=?,
        "updated_at"=? 
    where
        "id"=?
23:55:27.215 DEBUG | [           main] [SQL ] 
    update
        "album" 
    set
        "is_active"=?,
        "descripcion"=?,
        "nombre"=?,
        "updated_at"=?,
        "release_year"=? 
    where
        "id"=?
23:55:27.215 DEBUG | [           main] [SQL ] 
    update
        "lamina" 
    set
        "is_active"=?,
        "album_id"=?,
        "fecha_lanzamiento"=?,
        "imagen"=?,
        "nombre"=?,
        "tipo_lamina"=?,
        "updated_at"=? 
    where
        "id"=?
23:55:27.215 DEBUG | [           main] [SQL ] 
    update
        "lamina" 
    set
        "is_active"=?,
        "album_id"=?,
        "fecha_lanzamiento"=?,
        "imagen"=?,
        "nombre"=?,
        "tipo_lamina"=?,
        "updated_at"=? 
    where
        "id"=?
23:55:27.215 DEBUG | [           main] [SQL ] 
    update
        "lamina_catalogo" 
    set
        "is_active"=?,
        "album_id"=?,
        "fecha_lanzamiento"=?,
        "imagen"=?,
        "nombre"=?,
        "tipo_lamina"=?,
        "updated_at"=? 
    where
        "id"=?
23:55:27.215 DEBUG | [           main] [SQL ] 
    update
        "lamina_catalogo" 
    set
        "is_active"=?,
        "album_id"=?,
        "fecha_lanzamiento"=?,
        "imagen"=?,
        "nombre"=?,
        "tipo_lamina"=?,
        "updated_at"=? 
    where
        "id"=?
23:55:27.216 DEBUG | [           main] [SQL ] 
    insert 
    into
        "cancion"
        ("is_active", "artista", "created_at", "duracion", "genero", "titulo", "updated_at", "id") 
    values
        (?, ?, ?, ?, ?, ?, ?, default)
23:55:27.217 DEBUG | [           main] [SQL ] 
    insert 
    into
        "cancion"
        ("is_active", "artista", "created_at", "duracion", "genero", "titulo", "updated_at", "id") 
    values
        (?, ?, ?, ?, ?, ?, ?, default)
23:55:27.218 DEBUG | [           main] [SQL ] 
    insert 
    into
        "cancion"
        ("is_active", "artista", "created_at", "duracion", "genero", "titulo", "updated_at", "id") 
    values
        (?, ?, ?, ?, ?, ?, ?, default)
23:55:27.218 DEBUG | [           main] [SQL ] 
    insert 
    into
        "cancion"
        ("is_active", "artista", "created_at", "duracion", "genero", "titulo", "updated_at", "id") 
    values
        (?, ?, ?, ?, ?, ?, ?, default)
23:55:27.219 DEBUG | [           main] [SQL ] 
    insert 
    into
        "cancion"
        ("is_active", "artista", "created_at", "duracion", "genero", "titulo", "updated_at", "id") 
    values
        (?, ?, ?, ?, ?, ?, ?, default)
23:55:27.220 DEBUG | [           main] [SQL ] 
    insert 
    into
        "cancion"
        ("is_active", "artista", "created_at", "duracion", "genero", "titulo", "updated_at", "id") 
    values
        (?, ?, ?, ?, ?, ?, ?, default)
23:55:27.220 DEBUG | [           main] [SQL ] 
    insert 
    into
        "cancion"
        ("is_active", "artista", "created_at", "duracion", "genero", "titulo", "updated_at", "id") 
    values
        (?, ?, ?, ?, ?, ?, ?, default)
23:55:27.221 DEBUG | [           main] [SQL ] 
    select
        count(*) 
    from
        "album" a1_0
23:55:27.222 DEBUG | [           main] [SQL ] 
    select
        count(*) 
    from
        "lamina_catalogo" lc1_0
23:55:27.223 DEBUG | [           main] [SQL ] 
    select
        count(*) 
    from
        "lamina" l1_0
23:55:27.225 DEBUG | [           main] [SQL ] 
    select
        count(*) 
    from
        "cancion" c1_0
✅ Base de datos poblada exitosamente
   📚 5 Álbumes creados con catálogos
   🖼️  15 Láminas en catálogo
   🎵 7 Canciones cargadas
   📋 Resumen de estado (estimado):
      - Álbumes: 5, Láminas en posesión: 18
23:55:27.226 DEBUG | [           main] [SYS ] o.s.b.a.ApplicationAvailabilityBean      - Application availability state ReadinessState changed to ACCEPTING_TRAFFIC
23:55:27.235 DEBUG | [           main] [SYS ] o.s.web.client.RestTemplate              - HTTP GET http://localhost:55639/api/demo-widget/sample
23:55:27.263 DEBUG | [           main] [SYS ] o.s.web.client.RestTemplate              - Accept=[application/json, application/yaml, application/*+json]
23:55:27.357 INFO  | [o-auto-1-exec-1] [SYS ] o.a.c.c.C.[Tomcat].[localhost].[/]       - Initializing Spring DispatcherServlet 'dispatcherServlet'
23:55:27.357 INFO  | [o-auto-1-exec-1] [SYS ] o.s.web.servlet.DispatcherServlet        - Initializing Servlet 'dispatcherServlet'
23:55:27.357 DEBUG | [o-auto-1-exec-1] [SYS ] o.s.web.servlet.DispatcherServlet        - Detected StandardServletMultipartResolver
23:55:27.357 DEBUG | [o-auto-1-exec-1] [SYS ] o.s.web.servlet.DispatcherServlet        - Detected AcceptHeaderLocaleResolver
23:55:27.357 DEBUG | [o-auto-1-exec-1] [SYS ] o.s.web.servlet.DispatcherServlet        - Detected FixedThemeResolver
23:55:27.357 DEBUG | [o-auto-1-exec-1] [SYS ] o.s.web.servlet.DispatcherServlet        - Detected org.springframework.web.servlet.view.DefaultRequestToViewNameTranslator@51f39482
23:55:27.357 DEBUG | [o-auto-1-exec-1] [SYS ] o.s.web.servlet.DispatcherServlet        - Detected org.springframework.web.servlet.support.SessionFlashMapManager@611f82a8
23:55:27.358 DEBUG | [o-auto-1-exec-1] [SYS ] o.s.web.servlet.DispatcherServlet        - enableLoggingRequestDetails='false': request parameters and headers will be masked to prevent unsafe logging of potentially sensitive data
23:55:27.358 INFO  | [o-auto-1-exec-1] [SYS ] o.s.web.servlet.DispatcherServlet        - Completed initialization in 1 ms
23:55:27.361 DEBUG | [o-auto-1-exec-1] [HTTP] HTTP ▶ GET /api/demo-widget/sample]
23:55:27.362 DEBUG | [o-auto-1-exec-1] [SYS ] o.s.web.servlet.DispatcherServlet        - GET "/api/demo-widget/sample", parameters={}
23:55:27.363 DEBUG | [o-auto-1-exec-1] [SYS ] s.w.s.m.m.a.RequestMappingHandlerMapping - Mapped to ipss.web2.examen.controllers.api.DemoWidgetController#sample()
23:55:27.367 DEBUG | [o-auto-1-exec-1] [SYS ] o.s.w.s.m.m.a.HttpEntityMethodProcessor  - Using 'application/json', given [application/json, application/yaml, application/*+json] and supported [application/json, application/*+json, application/yaml]
23:55:27.367 DEBUG | [o-auto-1-exec-1] [SYS ] o.s.w.s.m.m.a.HttpEntityMethodProcessor  - Writing [ApiResponseDTO(success=true, message=Widget de prueba, data=DemoWidget(id=99, nombre=Demo widget lig (truncated)...]
23:55:27.370 DEBUG | [o-auto-1-exec-1] [SYS ] o.s.web.servlet.DispatcherServlet        - Completed 200 OK
23:55:27.370 DEBUG | [o-auto-1-exec-1] [HTTP] HTTP ► GET /api/demo-widget/sample]
23:55:27.381 DEBUG | [           main] [SYS ] o.s.web.client.RestTemplate              - Response 200 OK
23:55:27.381 DEBUG | [           main] [SYS ] o.s.web.client.RestTemplate              - Reading to [ipss.web2.examen.dtos.ApiResponseDTO<ipss.web2.examen.models.DemoWidget>]
]]></system-out>
  </testcase>
</testsuite>